[5.399s] Invoking command in '/home/aditi/ERC/leo_nodes': PYTHONPATH=/home/aditi/ERC/build/leo_nodes/prefix_override:/home/aditi/ERC/install/leo_nodes/lib/python3.10/site-packages:${PYTHONPATH} /usr/bin/python3 -W ignore:setup.py install is deprecated setup.py egg_info --egg-base ../build/leo_nodes build --build-base /home/aditi/ERC/build/leo_nodes/build install --record /home/aditi/ERC/build/leo_nodes/install.log --single-version-externally-managed install_data
[6.821s] running egg_info
[6.826s] writing ../build/leo_nodes/leo_nodes.egg-info/PKG-INFO
[6.827s] writing dependency_links to ../build/leo_nodes/leo_nodes.egg-info/dependency_links.txt
[6.828s] writing entry points to ../build/leo_nodes/leo_nodes.egg-info/entry_points.txt
[6.828s] writing requirements to ../build/leo_nodes/leo_nodes.egg-info/requires.txt
[6.829s] writing top-level names to ../build/leo_nodes/leo_nodes.egg-info/top_level.txt
[6.840s] reading manifest file '../build/leo_nodes/leo_nodes.egg-info/SOURCES.txt'
[6.846s] writing manifest file '../build/leo_nodes/leo_nodes.egg-info/SOURCES.txt'
[6.847s] running build
[6.847s] running build_py
[6.851s] running install
[6.853s] running install_lib
[6.859s] running install_data
[6.860s] running install_egg_info
[6.867s] removing '/home/aditi/ERC/install/leo_nodes/lib/python3.10/site-packages/leo_nodes-0.0.0-py3.10.egg-info' (and everything under it)
[6.868s] Copying ../build/leo_nodes/leo_nodes.egg-info to /home/aditi/ERC/install/leo_nodes/lib/python3.10/site-packages/leo_nodes-0.0.0-py3.10.egg-info
[6.872s] running install_scripts
[6.975s] Installing cmd_vel_relay script to /home/aditi/ERC/install/leo_nodes/lib/leo_nodes
[6.975s] Installing ground_truth_filter script to /home/aditi/ERC/install/leo_nodes/lib/leo_nodes
[6.976s] Installing odom_compat_node script to /home/aditi/ERC/install/leo_nodes/lib/leo_nodes
[6.977s] Installing pdu_node script to /home/aditi/ERC/install/leo_nodes/lib/leo_nodes
[6.978s] Installing zed2_imu_transform_broadcaster script to /home/aditi/ERC/install/leo_nodes/lib/leo_nodes
[6.978s] Installing zed2_imu_transform_publisher script to /home/aditi/ERC/install/leo_nodes/lib/leo_nodes
[6.981s] writing list of installed files to '/home/aditi/ERC/build/leo_nodes/install.log'
[7.085s] Invoked command in '/home/aditi/ERC/leo_nodes' returned '0': PYTHONPATH=/home/aditi/ERC/build/leo_nodes/prefix_override:/home/aditi/ERC/install/leo_nodes/lib/python3.10/site-packages:${PYTHONPATH} /usr/bin/python3 -W ignore:setup.py install is deprecated setup.py egg_info --egg-base ../build/leo_nodes build --build-base /home/aditi/ERC/build/leo_nodes/build install --record /home/aditi/ERC/build/leo_nodes/install.log --single-version-externally-managed install_data
