[0.128s] DEBUG:colcon:Command line arguments: ['/usr/bin/colcon', 'build', '--packages-select', 'pcl_ground_removal']
[0.128s] DEBUG:colcon:Parsed command line arguments: Namespace(log_base=None, log_level=None, verb_name='build', build_base='build', install_base='install', merge_install=False, symlink_install=False, test_result_base=None, continue_on_error=False, executor='parallel', parallel_workers=8, event_handlers=None, ignore_user_meta=False, metas=['./colcon.meta'], base_paths=['.'], packages_ignore=None, packages_ignore_regex=None, paths=None, packages_up_to=None, packages_up_to_regex=None, packages_above=None, packages_above_and_dependencies=None, packages_above_depth=None, packages_select_by_dep=None, packages_skip_by_dep=None, packages_skip_up_to=None, packages_select_build_failed=False, packages_skip_build_finished=False, packages_select_test_failures=False, packages_skip_test_passed=False, packages_select=['pcl_ground_removal'], packages_skip=None, packages_select_regex=None, packages_skip_regex=None, packages_start=None, packages_end=None, allow_overriding=[], cmake_args=None, cmake_target=None, cmake_target_skip_unavailable=False, cmake_clean_cache=False, cmake_clean_first=False, cmake_force_configure=False, ament_cmake_args=None, catkin_cmake_args=None, catkin_skip_building_tests=False, mixin_files=None, mixin=None, verb_parser=<colcon_mixin.mixin.mixin_argument.MixinArgumentDecorator object at 0x7bb6cf03ec50>, verb_extension=<colcon_core.verb.build.BuildVerb object at 0x7bb6cf03e5c0>, main=<bound method BuildVerb.main of <colcon_core.verb.build.BuildVerb object at 0x7bb6cf03e5c0>>, mixin_verb=('build',))
[0.329s] Level 1:colcon.colcon_core.package_discovery:discover_packages(colcon_meta) check parameters
[0.329s] Level 1:colcon.colcon_core.package_discovery:discover_packages(recursive) check parameters
[0.329s] Level 1:colcon.colcon_core.package_discovery:discover_packages(ignore) check parameters
[0.329s] Level 1:colcon.colcon_core.package_discovery:discover_packages(path) check parameters
[0.329s] Level 1:colcon.colcon_core.package_discovery:discover_packages(colcon_meta) discover
[0.329s] Level 1:colcon.colcon_core.package_discovery:discover_packages(recursive) discover
[0.329s] INFO:colcon.colcon_core.package_discovery:Crawling recursively for packages in '/home/aditi/ERC'
[0.329s] Level 1:colcon.colcon_core.package_identification:_identify(.) by extensions ['ignore', 'ignore_ament_install']
[0.329s] Level 1:colcon.colcon_core.package_identification:_identify(.) by extension 'ignore'
[0.329s] Level 1:colcon.colcon_core.package_identification:_identify(.) by extension 'ignore_ament_install'
[0.330s] Level 1:colcon.colcon_core.package_identification:_identify(.) by extensions ['colcon_pkg']
[0.330s] Level 1:colcon.colcon_core.package_identification:_identify(.) by extension 'colcon_pkg'
[0.330s] Level 1:colcon.colcon_core.package_identification:_identify(.) by extensions ['colcon_meta']
[0.330s] Level 1:colcon.colcon_core.package_identification:_identify(.) by extension 'colcon_meta'
[0.330s] Level 1:colcon.colcon_core.package_identification:_identify(.) by extensions ['ros']
[0.330s] Level 1:colcon.colcon_core.package_identification:_identify(.) by extension 'ros'
[0.344s] Level 1:colcon.colcon_core.package_identification:_identify(.) by extensions ['cmake', 'python']
[0.344s] Level 1:colcon.colcon_core.package_identification:_identify(.) by extension 'cmake'
[0.345s] Level 1:colcon.colcon_core.package_identification:_identify(.) by extension 'python'
[0.345s] Level 1:colcon.colcon_core.package_identification:_identify(.) by extensions ['python_setup_py']
[0.345s] Level 1:colcon.colcon_core.package_identification:_identify(.) by extension 'python_setup_py'
[0.345s] Level 1:colcon.colcon_core.package_identification:_identify(build) by extensions ['ignore', 'ignore_ament_install']
[0.345s] Level 1:colcon.colcon_core.package_identification:_identify(build) by extension 'ignore'
[0.345s] Level 1:colcon.colcon_core.package_identification:_identify(build) ignored
[0.345s] Level 1:colcon.colcon_core.package_identification:_identify(install) by extensions ['ignore', 'ignore_ament_install']
[0.345s] Level 1:colcon.colcon_core.package_identification:_identify(install) by extension 'ignore'
[0.345s] Level 1:colcon.colcon_core.package_identification:_identify(install) ignored
[0.345s] Level 1:colcon.colcon_core.package_identification:_identify(leo_nodes) by extensions ['ignore', 'ignore_ament_install']
[0.345s] Level 1:colcon.colcon_core.package_identification:_identify(leo_nodes) by extension 'ignore'
[0.345s] Level 1:colcon.colcon_core.package_identification:_identify(leo_nodes) by extension 'ignore_ament_install'
[0.345s] Level 1:colcon.colcon_core.package_identification:_identify(leo_nodes) by extensions ['colcon_pkg']
[0.345s] Level 1:colcon.colcon_core.package_identification:_identify(leo_nodes) by extension 'colcon_pkg'
[0.345s] Level 1:colcon.colcon_core.package_identification:_identify(leo_nodes) by extensions ['colcon_meta']
[0.345s] Level 1:colcon.colcon_core.package_identification:_identify(leo_nodes) by extension 'colcon_meta'
[0.346s] Level 1:colcon.colcon_core.package_identification:_identify(leo_nodes) by extensions ['ros']
[0.346s] Level 1:colcon.colcon_core.package_identification:_identify(leo_nodes) by extension 'ros'
[0.349s] DEBUG:colcon.colcon_core.package_identification:Package 'leo_nodes' with type 'ros.ament_python' and name 'leo_nodes'
[0.350s] Level 1:colcon.colcon_core.package_identification:_identify(leo_rover) by extensions ['ignore', 'ignore_ament_install']
[0.350s] Level 1:colcon.colcon_core.package_identification:_identify(leo_rover) by extension 'ignore'
[0.350s] Level 1:colcon.colcon_core.package_identification:_identify(leo_rover) by extension 'ignore_ament_install'
[0.350s] Level 1:colcon.colcon_core.package_identification:_identify(leo_rover) by extensions ['colcon_pkg']
[0.350s] Level 1:colcon.colcon_core.package_identification:_identify(leo_rover) by extension 'colcon_pkg'
[0.350s] Level 1:colcon.colcon_core.package_identification:_identify(leo_rover) by extensions ['colcon_meta']
[0.350s] Level 1:colcon.colcon_core.package_identification:_identify(leo_rover) by extension 'colcon_meta'
[0.350s] Level 1:colcon.colcon_core.package_identification:_identify(leo_rover) by extensions ['ros']
[0.350s] Level 1:colcon.colcon_core.package_identification:_identify(leo_rover) by extension 'ros'
[0.350s] DEBUG:colcon.colcon_core.package_identification:Package 'leo_rover' with type 'ros.ament_cmake' and name 'leo_rover'
[0.350s] Level 1:colcon.colcon_core.package_identification:_identify(leo_worlds) by extensions ['ignore', 'ignore_ament_install']
[0.351s] Level 1:colcon.colcon_core.package_identification:_identify(leo_worlds) by extension 'ignore'
[0.351s] Level 1:colcon.colcon_core.package_identification:_identify(leo_worlds) by extension 'ignore_ament_install'
[0.351s] Level 1:colcon.colcon_core.package_identification:_identify(leo_worlds) by extensions ['colcon_pkg']
[0.351s] Level 1:colcon.colcon_core.package_identification:_identify(leo_worlds) by extension 'colcon_pkg'
[0.351s] Level 1:colcon.colcon_core.package_identification:_identify(leo_worlds) by extensions ['colcon_meta']
[0.351s] Level 1:colcon.colcon_core.package_identification:_identify(leo_worlds) by extension 'colcon_meta'
[0.351s] Level 1:colcon.colcon_core.package_identification:_identify(leo_worlds) by extensions ['ros']
[0.351s] Level 1:colcon.colcon_core.package_identification:_identify(leo_worlds) by extension 'ros'
[0.351s] DEBUG:colcon.colcon_core.package_identification:Package 'leo_worlds' with type 'ros.ament_python' and name 'leo_worlds'
[0.351s] Level 1:colcon.colcon_core.package_identification:_identify(log) by extensions ['ignore', 'ignore_ament_install']
[0.351s] Level 1:colcon.colcon_core.package_identification:_identify(log) by extension 'ignore'
[0.352s] Level 1:colcon.colcon_core.package_identification:_identify(log) ignored
[0.352s] Level 1:colcon.colcon_core.package_identification:_identify(pcl_ground_removal) by extensions ['ignore', 'ignore_ament_install']
[0.352s] Level 1:colcon.colcon_core.package_identification:_identify(pcl_ground_removal) by extension 'ignore'
[0.352s] Level 1:colcon.colcon_core.package_identification:_identify(pcl_ground_removal) by extension 'ignore_ament_install'
[0.352s] Level 1:colcon.colcon_core.package_identification:_identify(pcl_ground_removal) by extensions ['colcon_pkg']
[0.352s] Level 1:colcon.colcon_core.package_identification:_identify(pcl_ground_removal) by extension 'colcon_pkg'
[0.352s] Level 1:colcon.colcon_core.package_identification:_identify(pcl_ground_removal) by extensions ['colcon_meta']
[0.352s] Level 1:colcon.colcon_core.package_identification:_identify(pcl_ground_removal) by extension 'colcon_meta'
[0.352s] Level 1:colcon.colcon_core.package_identification:_identify(pcl_ground_removal) by extensions ['ros']
[0.352s] Level 1:colcon.colcon_core.package_identification:_identify(pcl_ground_removal) by extension 'ros'
[0.352s] DEBUG:colcon.colcon_core.package_identification:Package 'pcl_ground_removal' with type 'ros.ament_cmake' and name 'pcl_ground_removal'
[0.353s] Level 1:colcon.colcon_core.package_discovery:discover_packages(recursive) using defaults
[0.353s] Level 1:colcon.colcon_core.package_discovery:discover_packages(ignore) discover
[0.353s] Level 1:colcon.colcon_core.package_discovery:discover_packages(ignore) using defaults
[0.353s] Level 1:colcon.colcon_core.package_discovery:discover_packages(path) discover
[0.353s] Level 1:colcon.colcon_core.package_discovery:discover_packages(path) using defaults
[0.383s] INFO:colcon.colcon_core.package_selection:Skipping not selected package 'leo_nodes' in 'leo_nodes'
[0.383s] INFO:colcon.colcon_core.package_selection:Skipping not selected package 'leo_rover' in 'leo_rover'
[0.383s] INFO:colcon.colcon_core.package_selection:Skipping not selected package 'leo_worlds' in 'leo_worlds'
[0.383s] Level 1:colcon.colcon_core.package_discovery:discover_packages(prefix_path) check parameters
[0.383s] Level 1:colcon.colcon_core.package_discovery:discover_packages(prefix_path) discover
[0.385s] DEBUG:colcon.colcon_installed_package_information.package_discovery:Found 4 installed packages in /home/aditi/ERC/install
[0.387s] DEBUG:colcon.colcon_installed_package_information.package_discovery:Found 359 installed packages in /opt/ros/humble
[0.389s] Level 1:colcon.colcon_core.package_discovery:discover_packages(prefix_path) using defaults
[0.435s] Level 5:colcon.colcon_core.verb:set package 'pcl_ground_removal' build argument 'cmake_args' from command line to 'None'
[0.435s] Level 5:colcon.colcon_core.verb:set package 'pcl_ground_removal' build argument 'cmake_target' from command line to 'None'
[0.435s] Level 5:colcon.colcon_core.verb:set package 'pcl_ground_removal' build argument 'cmake_target_skip_unavailable' from command line to 'False'
[0.435s] Level 5:colcon.colcon_core.verb:set package 'pcl_ground_removal' build argument 'cmake_clean_cache' from command line to 'False'
[0.435s] Level 5:colcon.colcon_core.verb:set package 'pcl_ground_removal' build argument 'cmake_clean_first' from command line to 'False'
[0.435s] Level 5:colcon.colcon_core.verb:set package 'pcl_ground_removal' build argument 'cmake_force_configure' from command line to 'False'
[0.435s] Level 5:colcon.colcon_core.verb:set package 'pcl_ground_removal' build argument 'ament_cmake_args' from command line to 'None'
[0.435s] Level 5:colcon.colcon_core.verb:set package 'pcl_ground_removal' build argument 'catkin_cmake_args' from command line to 'None'
[0.435s] Level 5:colcon.colcon_core.verb:set package 'pcl_ground_removal' build argument 'catkin_skip_building_tests' from command line to 'False'
[0.435s] DEBUG:colcon.colcon_core.verb:Building package 'pcl_ground_removal' with the following arguments: {'ament_cmake_args': None, 'build_base': '/home/aditi/ERC/build/pcl_ground_removal', 'catkin_cmake_args': None, 'catkin_skip_building_tests': False, 'cmake_args': None, 'cmake_clean_cache': False, 'cmake_clean_first': False, 'cmake_force_configure': False, 'cmake_target': None, 'cmake_target_skip_unavailable': False, 'install_base': '/home/aditi/ERC/install/pcl_ground_removal', 'merge_install': False, 'path': '/home/aditi/ERC/pcl_ground_removal', 'symlink_install': False, 'test_result_base': None}
[0.435s] INFO:colcon.colcon_core.executor:Executing jobs using 'parallel' executor
[0.436s] DEBUG:colcon.colcon_parallel_executor.executor.parallel:run_until_complete
[0.436s] INFO:colcon.colcon_ros.task.ament_cmake.build:Building ROS package in '/home/aditi/ERC/pcl_ground_removal' with build type 'ament_cmake'
[0.436s] INFO:colcon.colcon_cmake.task.cmake.build:Building CMake package in '/home/aditi/ERC/pcl_ground_removal'
[0.438s] INFO:colcon.colcon_core.plugin_system:Skipping extension 'colcon_core.shell.bat': Not used on non-Windows systems
[0.438s] INFO:colcon.colcon_core.shell:Skip shell extension 'powershell' for command environment: Not usable outside of PowerShell
[0.438s] DEBUG:colcon.colcon_core.shell:Skip shell extension 'dsv' for command environment
[0.447s] DEBUG:colcon.colcon_core.event_handler.log_command:Invoking command in '/home/aditi/ERC/build/pcl_ground_removal': CMAKE_PREFIX_PATH=${CMAKE_PREFIX_PATH}:/home/aditi/ERC/install/leo_worlds:/home/aditi/ERC/install/leo_nodes:/opt/ros/humble /usr/bin/cmake /home/aditi/ERC/pcl_ground_removal -DCMAKE_INSTALL_PREFIX=/home/aditi/ERC/install/pcl_ground_removal
[1.746s] DEBUG:colcon.colcon_core.event_handler.log_command:Invoked command in '/home/aditi/ERC/build/pcl_ground_removal' returned '0': CMAKE_PREFIX_PATH=${CMAKE_PREFIX_PATH}:/home/aditi/ERC/install/leo_worlds:/home/aditi/ERC/install/leo_nodes:/opt/ros/humble /usr/bin/cmake /home/aditi/ERC/pcl_ground_removal -DCMAKE_INSTALL_PREFIX=/home/aditi/ERC/install/pcl_ground_removal
[1.749s] DEBUG:colcon.colcon_core.event_handler.log_command:Invoking command in '/home/aditi/ERC/build/pcl_ground_removal': CMAKE_PREFIX_PATH=${CMAKE_PREFIX_PATH}:/home/aditi/ERC/install/leo_worlds:/home/aditi/ERC/install/leo_nodes:/opt/ros/humble /usr/bin/cmake --build /home/aditi/ERC/build/pcl_ground_removal -- -j8 -l8
[18.687s] DEBUG:colcon.colcon_core.event_handler.log_command:Invoked command in '/home/aditi/ERC/build/pcl_ground_removal' returned '0': CMAKE_PREFIX_PATH=${CMAKE_PREFIX_PATH}:/home/aditi/ERC/install/leo_worlds:/home/aditi/ERC/install/leo_nodes:/opt/ros/humble /usr/bin/cmake --build /home/aditi/ERC/build/pcl_ground_removal -- -j8 -l8
[18.729s] DEBUG:colcon.colcon_core.event_handler.log_command:Invoking command in '/home/aditi/ERC/build/pcl_ground_removal': CMAKE_PREFIX_PATH=${CMAKE_PREFIX_PATH}:/home/aditi/ERC/install/leo_worlds:/home/aditi/ERC/install/leo_nodes:/opt/ros/humble /usr/bin/cmake --install /home/aditi/ERC/build/pcl_ground_removal
[18.747s] Level 1:colcon.colcon_core.environment:create_environment_scripts_only(pcl_ground_removal)
[18.748s] DEBUG:colcon.colcon_core.event_handler.log_command:Invoked command in '/home/aditi/ERC/build/pcl_ground_removal' returned '0': CMAKE_PREFIX_PATH=${CMAKE_PREFIX_PATH}:/home/aditi/ERC/install/leo_worlds:/home/aditi/ERC/install/leo_nodes:/opt/ros/humble /usr/bin/cmake --install /home/aditi/ERC/build/pcl_ground_removal
[18.750s] Level 1:colcon.colcon_core.environment:checking '/home/aditi/ERC/install/pcl_ground_removal' for CMake module files
[18.751s] Level 1:colcon.colcon_core.environment:checking '/home/aditi/ERC/install/pcl_ground_removal' for CMake config files
[18.751s] Level 1:colcon.colcon_core.shell:create_environment_hook('pcl_ground_removal', 'cmake_prefix_path')
[18.751s] INFO:colcon.colcon_core.shell:Creating environment hook '/home/aditi/ERC/install/pcl_ground_removal/share/pcl_ground_removal/hook/cmake_prefix_path.ps1'
[18.752s] INFO:colcon.colcon_core.shell:Creating environment descriptor '/home/aditi/ERC/install/pcl_ground_removal/share/pcl_ground_removal/hook/cmake_prefix_path.dsv'
[18.753s] INFO:colcon.colcon_core.shell:Creating environment hook '/home/aditi/ERC/install/pcl_ground_removal/share/pcl_ground_removal/hook/cmake_prefix_path.sh'
[18.753s] Level 1:colcon.colcon_core.environment:checking '/home/aditi/ERC/install/pcl_ground_removal/lib'
[18.754s] Level 1:colcon.colcon_core.environment:checking '/home/aditi/ERC/install/pcl_ground_removal/bin'
[18.754s] Level 1:colcon.colcon_core.environment:checking '/home/aditi/ERC/install/pcl_ground_removal/lib/pkgconfig/pcl_ground_removal.pc'
[18.754s] Level 1:colcon.colcon_core.environment:checking '/home/aditi/ERC/install/pcl_ground_removal/lib/python3.10/site-packages'
[18.754s] Level 1:colcon.colcon_core.environment:checking '/home/aditi/ERC/install/pcl_ground_removal/bin'
[18.755s] INFO:colcon.colcon_core.shell:Creating package script '/home/aditi/ERC/install/pcl_ground_removal/share/pcl_ground_removal/package.ps1'
[18.755s] INFO:colcon.colcon_core.shell:Creating package descriptor '/home/aditi/ERC/install/pcl_ground_removal/share/pcl_ground_removal/package.dsv'
[18.756s] INFO:colcon.colcon_core.shell:Creating package script '/home/aditi/ERC/install/pcl_ground_removal/share/pcl_ground_removal/package.sh'
[18.757s] INFO:colcon.colcon_core.shell:Creating package script '/home/aditi/ERC/install/pcl_ground_removal/share/pcl_ground_removal/package.bash'
[18.757s] INFO:colcon.colcon_core.shell:Creating package script '/home/aditi/ERC/install/pcl_ground_removal/share/pcl_ground_removal/package.zsh'
[18.758s] Level 1:colcon.colcon_core.environment:create_file_with_runtime_dependencies(/home/aditi/ERC/install/pcl_ground_removal/share/colcon-core/packages/pcl_ground_removal)
[18.787s] Level 1:colcon.colcon_core.environment:create_environment_scripts_only(pcl_ground_removal)
[18.788s] Level 1:colcon.colcon_core.environment:checking '/home/aditi/ERC/install/pcl_ground_removal' for CMake module files
[18.788s] Level 1:colcon.colcon_core.environment:checking '/home/aditi/ERC/install/pcl_ground_removal' for CMake config files
[18.789s] Level 1:colcon.colcon_core.shell:create_environment_hook('pcl_ground_removal', 'cmake_prefix_path')
[18.789s] INFO:colcon.colcon_core.shell:Creating environment hook '/home/aditi/ERC/install/pcl_ground_removal/share/pcl_ground_removal/hook/cmake_prefix_path.ps1'
[18.789s] INFO:colcon.colcon_core.shell:Creating environment descriptor '/home/aditi/ERC/install/pcl_ground_removal/share/pcl_ground_removal/hook/cmake_prefix_path.dsv'
[18.790s] INFO:colcon.colcon_core.shell:Creating environment hook '/home/aditi/ERC/install/pcl_ground_removal/share/pcl_ground_removal/hook/cmake_prefix_path.sh'
[18.790s] Level 1:colcon.colcon_core.environment:checking '/home/aditi/ERC/install/pcl_ground_removal/lib'
[18.790s] Level 1:colcon.colcon_core.environment:checking '/home/aditi/ERC/install/pcl_ground_removal/bin'
[18.790s] Level 1:colcon.colcon_core.environment:checking '/home/aditi/ERC/install/pcl_ground_removal/lib/pkgconfig/pcl_ground_removal.pc'
[18.790s] Level 1:colcon.colcon_core.environment:checking '/home/aditi/ERC/install/pcl_ground_removal/lib/python3.10/site-packages'
[18.791s] Level 1:colcon.colcon_core.environment:checking '/home/aditi/ERC/install/pcl_ground_removal/bin'
[18.791s] INFO:colcon.colcon_core.shell:Creating package script '/home/aditi/ERC/install/pcl_ground_removal/share/pcl_ground_removal/package.ps1'
[18.792s] INFO:colcon.colcon_core.shell:Creating package descriptor '/home/aditi/ERC/install/pcl_ground_removal/share/pcl_ground_removal/package.dsv'
[18.792s] INFO:colcon.colcon_core.shell:Creating package script '/home/aditi/ERC/install/pcl_ground_removal/share/pcl_ground_removal/package.sh'
[18.793s] INFO:colcon.colcon_core.shell:Creating package script '/home/aditi/ERC/install/pcl_ground_removal/share/pcl_ground_removal/package.bash'
[18.793s] INFO:colcon.colcon_core.shell:Creating package script '/home/aditi/ERC/install/pcl_ground_removal/share/pcl_ground_removal/package.zsh'
[18.793s] Level 1:colcon.colcon_core.environment:create_file_with_runtime_dependencies(/home/aditi/ERC/install/pcl_ground_removal/share/colcon-core/packages/pcl_ground_removal)
[18.794s] DEBUG:colcon.colcon_parallel_executor.executor.parallel:closing loop
[18.794s] DEBUG:colcon.colcon_parallel_executor.executor.parallel:loop closed
[18.794s] DEBUG:colcon.colcon_parallel_executor.executor.parallel:run_until_complete finished with '0'
[18.794s] DEBUG:colcon.colcon_core.event_reactor:joining thread
[18.800s] INFO:colcon.colcon_core.plugin_system:Skipping extension 'colcon_notification.desktop_notification.terminal_notifier': Not used on non-Darwin systems
[18.800s] INFO:colcon.colcon_core.plugin_system:Skipping extension 'colcon_notification.desktop_notification.win32': Not used on non-Windows systems
[18.800s] INFO:colcon.colcon_notification.desktop_notification:Sending desktop notification using 'notify2'
[18.813s] DEBUG:colcon.colcon_core.event_reactor:joined thread
[18.813s] INFO:colcon.colcon_core.shell:Creating prefix script '/home/aditi/ERC/install/local_setup.ps1'
[18.814s] INFO:colcon.colcon_core.shell:Creating prefix util module '/home/aditi/ERC/install/_local_setup_util_ps1.py'
[18.816s] INFO:colcon.colcon_core.shell:Creating prefix chain script '/home/aditi/ERC/install/setup.ps1'
[18.817s] INFO:colcon.colcon_core.shell:Creating prefix script '/home/aditi/ERC/install/local_setup.sh'
[18.817s] INFO:colcon.colcon_core.shell:Creating prefix util module '/home/aditi/ERC/install/_local_setup_util_sh.py'
[18.818s] INFO:colcon.colcon_core.shell:Creating prefix chain script '/home/aditi/ERC/install/setup.sh'
[18.819s] INFO:colcon.colcon_core.shell:Creating prefix script '/home/aditi/ERC/install/local_setup.bash'
[18.820s] INFO:colcon.colcon_core.shell:Creating prefix chain script '/home/aditi/ERC/install/setup.bash'
[18.821s] INFO:colcon.colcon_core.shell:Creating prefix script '/home/aditi/ERC/install/local_setup.zsh'
[18.822s] INFO:colcon.colcon_core.shell:Creating prefix chain script '/home/aditi/ERC/install/setup.zsh'
