[1.572s] Invoking command in '/home/aditi/ERC/leo_worlds': PYTHONPATH=/home/aditi/ERC/build/leo_worlds/prefix_override:/home/aditi/ERC/install/leo_worlds/lib/python3.10/site-packages:${PYTHONPATH} /usr/bin/python3 -W ignore:setup.py install is deprecated setup.py egg_info --egg-base ../build/leo_worlds build --build-base /home/aditi/ERC/build/leo_worlds/build install --record /home/aditi/ERC/build/leo_worlds/install.log --single-version-externally-managed install_data
[2.044s] running egg_info
[2.045s] writing ../build/leo_worlds/leo_worlds.egg-info/PKG-INFO
[2.045s] writing dependency_links to ../build/leo_worlds/leo_worlds.egg-info/dependency_links.txt
[2.045s] writing entry points to ../build/leo_worlds/leo_worlds.egg-info/entry_points.txt
[2.046s] writing requirements to ../build/leo_worlds/leo_worlds.egg-info/requires.txt
[2.046s] writing top-level names to ../build/leo_worlds/leo_worlds.egg-info/top_level.txt
[2.049s] reading manifest file '../build/leo_worlds/leo_worlds.egg-info/SOURCES.txt'
[2.050s] writing manifest file '../build/leo_worlds/leo_worlds.egg-info/SOURCES.txt'
[2.050s] running build
[2.050s] running build_py
[2.050s] running install
[2.051s] running install_lib
[2.052s] running install_data
[2.053s] running install_egg_info
[2.055s] removing '/home/aditi/ERC/install/leo_worlds/lib/python3.10/site-packages/leo_worlds-0.0.0-py3.10.egg-info' (and everything under it)
[2.055s] Copying ../build/leo_worlds/leo_worlds.egg-info to /home/aditi/ERC/install/leo_worlds/lib/python3.10/site-packages/leo_worlds-0.0.0-py3.10.egg-info
[2.056s] running install_scripts
[2.086s] writing list of installed files to '/home/aditi/ERC/build/leo_worlds/install.log'
[2.148s] Invoked command in '/home/aditi/ERC/leo_worlds' returned '0': PYTHONPATH=/home/aditi/ERC/build/leo_worlds/prefix_override:/home/aditi/ERC/install/leo_worlds/lib/python3.10/site-packages:${PYTHONPATH} /usr/bin/python3 -W ignore:setup.py install is deprecated setup.py egg_info --egg-base ../build/leo_worlds build --build-base /home/aditi/ERC/build/leo_worlds/build install --record /home/aditi/ERC/build/leo_worlds/install.log --single-version-externally-managed install_data
