[1.122s] Invoking command in '/home/aditi/ERC/leo_worlds': PYTHONPATH=/home/aditi/ERC/build/leo_worlds/prefix_override:/home/aditi/ERC/install/leo_worlds/lib/python3.10/site-packages:${PYTHONPATH} /usr/bin/python3 -W ignore:setup.py install is deprecated setup.py egg_info --egg-base ../build/leo_worlds build --build-base /home/aditi/ERC/build/leo_worlds/build install --record /home/aditi/ERC/build/leo_worlds/install.log --single-version-externally-managed install_data
[1.404s] running egg_info
[1.405s] writing ../build/leo_worlds/leo_worlds.egg-info/PKG-INFO
[1.405s] writing dependency_links to ../build/leo_worlds/leo_worlds.egg-info/dependency_links.txt
[1.406s] writing entry points to ../build/leo_worlds/leo_worlds.egg-info/entry_points.txt
[1.406s] writing requirements to ../build/leo_worlds/leo_worlds.egg-info/requires.txt
[1.406s] writing top-level names to ../build/leo_worlds/leo_worlds.egg-info/top_level.txt
[1.408s] reading manifest file '../build/leo_worlds/leo_worlds.egg-info/SOURCES.txt'
[1.409s] writing manifest file '../build/leo_worlds/leo_worlds.egg-info/SOURCES.txt'
[1.409s] running build
[1.410s] running build_py
[1.410s] running install
[1.410s] running install_lib
[1.411s] running install_data
[1.411s] running install_egg_info
[1.413s] removing '/home/aditi/ERC/install/leo_worlds/lib/python3.10/site-packages/leo_worlds-0.0.0-py3.10.egg-info' (and everything under it)
[1.413s] Copying ../build/leo_worlds/leo_worlds.egg-info to /home/aditi/ERC/install/leo_worlds/lib/python3.10/site-packages/leo_worlds-0.0.0-py3.10.egg-info
[1.414s] running install_scripts
[1.436s] writing list of installed files to '/home/aditi/ERC/build/leo_worlds/install.log'
[1.466s] Invoked command in '/home/aditi/ERC/leo_worlds' returned '0': PYTHONPATH=/home/aditi/ERC/build/leo_worlds/prefix_override:/home/aditi/ERC/install/leo_worlds/lib/python3.10/site-packages:${PYTHONPATH} /usr/bin/python3 -W ignore:setup.py install is deprecated setup.py egg_info --egg-base ../build/leo_worlds build --build-base /home/aditi/ERC/build/leo_worlds/build install --record /home/aditi/ERC/build/leo_worlds/install.log --single-version-externally-managed install_data
