[0.216s] DEBUG:colcon:Command line arguments: ['/usr/bin/colcon', 'build']
[0.217s] DEBUG:colcon:Parsed command line arguments: Namespace(log_base=None, log_level=None, verb_name='build', build_base='build', install_base='install', merge_install=False, symlink_install=False, test_result_base=None, continue_on_error=False, executor='parallel', parallel_workers=8, event_handlers=None, ignore_user_meta=False, metas=['./colcon.meta'], base_paths=['.'], packages_ignore=None, packages_ignore_regex=None, paths=None, packages_up_to=None, packages_up_to_regex=None, packages_above=None, packages_above_and_dependencies=None, packages_above_depth=None, packages_select_by_dep=None, packages_skip_by_dep=None, packages_skip_up_to=None, packages_select_build_failed=False, packages_skip_build_finished=False, packages_select_test_failures=False, packages_skip_test_passed=False, packages_select=None, packages_skip=None, packages_select_regex=None, packages_skip_regex=None, packages_start=None, packages_end=None, allow_overriding=[], cmake_args=None, cmake_target=None, cmake_target_skip_unavailable=False, cmake_clean_cache=False, cmake_clean_first=False, cmake_force_configure=False, ament_cmake_args=None, catkin_cmake_args=None, catkin_skip_building_tests=False, mixin_files=None, mixin=None, verb_parser=<colcon_mixin.mixin.mixin_argument.MixinArgumentDecorator object at 0x797ef773ab90>, verb_extension=<colcon_core.verb.build.BuildVerb object at 0x797ef773a500>, main=<bound method BuildVerb.main of <colcon_core.verb.build.BuildVerb object at 0x797ef773a500>>, mixin_verb=('build',))
[0.591s] Level 1:colcon.colcon_core.package_discovery:discover_packages(colcon_meta) check parameters
[0.591s] Level 1:colcon.colcon_core.package_discovery:discover_packages(recursive) check parameters
[0.592s] Level 1:colcon.colcon_core.package_discovery:discover_packages(ignore) check parameters
[0.592s] Level 1:colcon.colcon_core.package_discovery:discover_packages(path) check parameters
[0.592s] Level 1:colcon.colcon_core.package_discovery:discover_packages(colcon_meta) discover
[0.592s] Level 1:colcon.colcon_core.package_discovery:discover_packages(recursive) discover
[0.592s] INFO:colcon.colcon_core.package_discovery:Crawling recursively for packages in '/home/aditi/ERC'
[0.592s] Level 1:colcon.colcon_core.package_identification:_identify(.) by extensions ['ignore', 'ignore_ament_install']
[0.592s] Level 1:colcon.colcon_core.package_identification:_identify(.) by extension 'ignore'
[0.592s] Level 1:colcon.colcon_core.package_identification:_identify(.) by extension 'ignore_ament_install'
[0.592s] Level 1:colcon.colcon_core.package_identification:_identify(.) by extensions ['colcon_pkg']
[0.592s] Level 1:colcon.colcon_core.package_identification:_identify(.) by extension 'colcon_pkg'
[0.592s] Level 1:colcon.colcon_core.package_identification:_identify(.) by extensions ['colcon_meta']
[0.592s] Level 1:colcon.colcon_core.package_identification:_identify(.) by extension 'colcon_meta'
[0.592s] Level 1:colcon.colcon_core.package_identification:_identify(.) by extensions ['ros']
[0.592s] Level 1:colcon.colcon_core.package_identification:_identify(.) by extension 'ros'
[0.611s] Level 1:colcon.colcon_core.package_identification:_identify(.) by extensions ['cmake', 'python']
[0.611s] Level 1:colcon.colcon_core.package_identification:_identify(.) by extension 'cmake'
[0.611s] Level 1:colcon.colcon_core.package_identification:_identify(.) by extension 'python'
[0.611s] Level 1:colcon.colcon_core.package_identification:_identify(.) by extensions ['python_setup_py']
[0.611s] Level 1:colcon.colcon_core.package_identification:_identify(.) by extension 'python_setup_py'
[0.611s] Level 1:colcon.colcon_core.package_identification:_identify(build) by extensions ['ignore', 'ignore_ament_install']
[0.611s] Level 1:colcon.colcon_core.package_identification:_identify(build) by extension 'ignore'
[0.611s] Level 1:colcon.colcon_core.package_identification:_identify(build) ignored
[0.612s] Level 1:colcon.colcon_core.package_identification:_identify(install) by extensions ['ignore', 'ignore_ament_install']
[0.612s] Level 1:colcon.colcon_core.package_identification:_identify(install) by extension 'ignore'
[0.612s] Level 1:colcon.colcon_core.package_identification:_identify(install) ignored
[0.612s] Level 1:colcon.colcon_core.package_identification:_identify(leo_nodes) by extensions ['ignore', 'ignore_ament_install']
[0.612s] Level 1:colcon.colcon_core.package_identification:_identify(leo_nodes) by extension 'ignore'
[0.612s] Level 1:colcon.colcon_core.package_identification:_identify(leo_nodes) by extension 'ignore_ament_install'
[0.612s] Level 1:colcon.colcon_core.package_identification:_identify(leo_nodes) by extensions ['colcon_pkg']
[0.612s] Level 1:colcon.colcon_core.package_identification:_identify(leo_nodes) by extension 'colcon_pkg'
[0.612s] Level 1:colcon.colcon_core.package_identification:_identify(leo_nodes) by extensions ['colcon_meta']
[0.612s] Level 1:colcon.colcon_core.package_identification:_identify(leo_nodes) by extension 'colcon_meta'
[0.612s] Level 1:colcon.colcon_core.package_identification:_identify(leo_nodes) by extensions ['ros']
[0.612s] Level 1:colcon.colcon_core.package_identification:_identify(leo_nodes) by extension 'ros'
[0.619s] DEBUG:colcon.colcon_core.package_identification:Package 'leo_nodes' with type 'ros.ament_python' and name 'leo_nodes'
[0.619s] Level 1:colcon.colcon_core.package_identification:_identify(leo_rover) by extensions ['ignore', 'ignore_ament_install']
[0.620s] Level 1:colcon.colcon_core.package_identification:_identify(leo_rover) by extension 'ignore'
[0.620s] Level 1:colcon.colcon_core.package_identification:_identify(leo_rover) by extension 'ignore_ament_install'
[0.620s] Level 1:colcon.colcon_core.package_identification:_identify(leo_rover) by extensions ['colcon_pkg']
[0.620s] Level 1:colcon.colcon_core.package_identification:_identify(leo_rover) by extension 'colcon_pkg'
[0.620s] Level 1:colcon.colcon_core.package_identification:_identify(leo_rover) by extensions ['colcon_meta']
[0.620s] Level 1:colcon.colcon_core.package_identification:_identify(leo_rover) by extension 'colcon_meta'
[0.620s] Level 1:colcon.colcon_core.package_identification:_identify(leo_rover) by extensions ['ros']
[0.620s] Level 1:colcon.colcon_core.package_identification:_identify(leo_rover) by extension 'ros'
[0.621s] DEBUG:colcon.colcon_core.package_identification:Package 'leo_rover' with type 'ros.ament_cmake' and name 'leo_rover'
[0.621s] Level 1:colcon.colcon_core.package_identification:_identify(leo_worlds) by extensions ['ignore', 'ignore_ament_install']
[0.621s] Level 1:colcon.colcon_core.package_identification:_identify(leo_worlds) by extension 'ignore'
[0.621s] Level 1:colcon.colcon_core.package_identification:_identify(leo_worlds) by extension 'ignore_ament_install'
[0.621s] Level 1:colcon.colcon_core.package_identification:_identify(leo_worlds) by extensions ['colcon_pkg']
[0.621s] Level 1:colcon.colcon_core.package_identification:_identify(leo_worlds) by extension 'colcon_pkg'
[0.621s] Level 1:colcon.colcon_core.package_identification:_identify(leo_worlds) by extensions ['colcon_meta']
[0.621s] Level 1:colcon.colcon_core.package_identification:_identify(leo_worlds) by extension 'colcon_meta'
[0.622s] Level 1:colcon.colcon_core.package_identification:_identify(leo_worlds) by extensions ['ros']
[0.622s] Level 1:colcon.colcon_core.package_identification:_identify(leo_worlds) by extension 'ros'
[0.622s] DEBUG:colcon.colcon_core.package_identification:Package 'leo_worlds' with type 'ros.ament_python' and name 'leo_worlds'
[0.622s] Level 1:colcon.colcon_core.package_identification:_identify(log) by extensions ['ignore', 'ignore_ament_install']
[0.622s] Level 1:colcon.colcon_core.package_identification:_identify(log) by extension 'ignore'
[0.622s] Level 1:colcon.colcon_core.package_identification:_identify(log) ignored
[0.622s] Level 1:colcon.colcon_core.package_discovery:discover_packages(recursive) using defaults
[0.623s] Level 1:colcon.colcon_core.package_discovery:discover_packages(ignore) discover
[0.623s] Level 1:colcon.colcon_core.package_discovery:discover_packages(ignore) using defaults
[0.623s] Level 1:colcon.colcon_core.package_discovery:discover_packages(path) discover
[0.623s] Level 1:colcon.colcon_core.package_discovery:discover_packages(path) using defaults
[0.667s] Level 1:colcon.colcon_core.package_discovery:discover_packages(prefix_path) check parameters
[0.667s] Level 1:colcon.colcon_core.package_discovery:discover_packages(prefix_path) discover
[0.672s] DEBUG:colcon.colcon_installed_package_information.package_discovery:Found 3 installed packages in /home/aditi/ERC/install
[0.673s] DEBUG:colcon.colcon_installed_package_information.package_discovery:Found 1 installed packages in /home/aditi/ERC/leo_rover/install
[0.677s] DEBUG:colcon.colcon_installed_package_information.package_discovery:Found 356 installed packages in /opt/ros/humble
[0.680s] Level 1:colcon.colcon_core.package_discovery:discover_packages(prefix_path) using defaults
[0.757s] Level 5:colcon.colcon_core.verb:set package 'leo_nodes' build argument 'cmake_args' from command line to 'None'
[0.757s] Level 5:colcon.colcon_core.verb:set package 'leo_nodes' build argument 'cmake_target' from command line to 'None'
[0.757s] Level 5:colcon.colcon_core.verb:set package 'leo_nodes' build argument 'cmake_target_skip_unavailable' from command line to 'False'
[0.758s] Level 5:colcon.colcon_core.verb:set package 'leo_nodes' build argument 'cmake_clean_cache' from command line to 'False'
[0.758s] Level 5:colcon.colcon_core.verb:set package 'leo_nodes' build argument 'cmake_clean_first' from command line to 'False'
[0.758s] Level 5:colcon.colcon_core.verb:set package 'leo_nodes' build argument 'cmake_force_configure' from command line to 'False'
[0.758s] Level 5:colcon.colcon_core.verb:set package 'leo_nodes' build argument 'ament_cmake_args' from command line to 'None'
[0.758s] Level 5:colcon.colcon_core.verb:set package 'leo_nodes' build argument 'catkin_cmake_args' from command line to 'None'
[0.758s] Level 5:colcon.colcon_core.verb:set package 'leo_nodes' build argument 'catkin_skip_building_tests' from command line to 'False'
[0.758s] DEBUG:colcon.colcon_core.verb:Building package 'leo_nodes' with the following arguments: {'ament_cmake_args': None, 'build_base': '/home/aditi/ERC/build/leo_nodes', 'catkin_cmake_args': None, 'catkin_skip_building_tests': False, 'cmake_args': None, 'cmake_clean_cache': False, 'cmake_clean_first': False, 'cmake_force_configure': False, 'cmake_target': None, 'cmake_target_skip_unavailable': False, 'install_base': '/home/aditi/ERC/install/leo_nodes', 'merge_install': False, 'path': '/home/aditi/ERC/leo_nodes', 'symlink_install': False, 'test_result_base': None}
[0.758s] Level 5:colcon.colcon_core.verb:set package 'leo_rover' build argument 'cmake_args' from command line to 'None'
[0.758s] Level 5:colcon.colcon_core.verb:set package 'leo_rover' build argument 'cmake_target' from command line to 'None'
[0.758s] Level 5:colcon.colcon_core.verb:set package 'leo_rover' build argument 'cmake_target_skip_unavailable' from command line to 'False'
[0.758s] Level 5:colcon.colcon_core.verb:set package 'leo_rover' build argument 'cmake_clean_cache' from command line to 'False'
[0.758s] Level 5:colcon.colcon_core.verb:set package 'leo_rover' build argument 'cmake_clean_first' from command line to 'False'
[0.758s] Level 5:colcon.colcon_core.verb:set package 'leo_rover' build argument 'cmake_force_configure' from command line to 'False'
[0.758s] Level 5:colcon.colcon_core.verb:set package 'leo_rover' build argument 'ament_cmake_args' from command line to 'None'
[0.758s] Level 5:colcon.colcon_core.verb:set package 'leo_rover' build argument 'catkin_cmake_args' from command line to 'None'
[0.758s] Level 5:colcon.colcon_core.verb:set package 'leo_rover' build argument 'catkin_skip_building_tests' from command line to 'False'
[0.759s] DEBUG:colcon.colcon_core.verb:Building package 'leo_rover' with the following arguments: {'ament_cmake_args': None, 'build_base': '/home/aditi/ERC/build/leo_rover', 'catkin_cmake_args': None, 'catkin_skip_building_tests': False, 'cmake_args': None, 'cmake_clean_cache': False, 'cmake_clean_first': False, 'cmake_force_configure': False, 'cmake_target': None, 'cmake_target_skip_unavailable': False, 'install_base': '/home/aditi/ERC/install/leo_rover', 'merge_install': False, 'path': '/home/aditi/ERC/leo_rover', 'symlink_install': False, 'test_result_base': None}
[0.759s] Level 5:colcon.colcon_core.verb:set package 'leo_worlds' build argument 'cmake_args' from command line to 'None'
[0.759s] Level 5:colcon.colcon_core.verb:set package 'leo_worlds' build argument 'cmake_target' from command line to 'None'
[0.759s] Level 5:colcon.colcon_core.verb:set package 'leo_worlds' build argument 'cmake_target_skip_unavailable' from command line to 'False'
[0.759s] Level 5:colcon.colcon_core.verb:set package 'leo_worlds' build argument 'cmake_clean_cache' from command line to 'False'
[0.759s] Level 5:colcon.colcon_core.verb:set package 'leo_worlds' build argument 'cmake_clean_first' from command line to 'False'
[0.759s] Level 5:colcon.colcon_core.verb:set package 'leo_worlds' build argument 'cmake_force_configure' from command line to 'False'
[0.759s] Level 5:colcon.colcon_core.verb:set package 'leo_worlds' build argument 'ament_cmake_args' from command line to 'None'
[0.759s] Level 5:colcon.colcon_core.verb:set package 'leo_worlds' build argument 'catkin_cmake_args' from command line to 'None'
[0.759s] Level 5:colcon.colcon_core.verb:set package 'leo_worlds' build argument 'catkin_skip_building_tests' from command line to 'False'
[0.759s] DEBUG:colcon.colcon_core.verb:Building package 'leo_worlds' with the following arguments: {'ament_cmake_args': None, 'build_base': '/home/aditi/ERC/build/leo_worlds', 'catkin_cmake_args': None, 'catkin_skip_building_tests': False, 'cmake_args': None, 'cmake_clean_cache': False, 'cmake_clean_first': False, 'cmake_force_configure': False, 'cmake_target': None, 'cmake_target_skip_unavailable': False, 'install_base': '/home/aditi/ERC/install/leo_worlds', 'merge_install': False, 'path': '/home/aditi/ERC/leo_worlds', 'symlink_install': False, 'test_result_base': None}
[0.759s] INFO:colcon.colcon_core.executor:Executing jobs using 'parallel' executor
[0.761s] DEBUG:colcon.colcon_parallel_executor.executor.parallel:run_until_complete
[0.761s] INFO:colcon.colcon_ros.task.ament_python.build:Building ROS package in '/home/aditi/ERC/leo_nodes' with build type 'ament_python'
[0.761s] Level 1:colcon.colcon_core.shell:create_environment_hook('leo_nodes', 'ament_prefix_path')
[0.763s] INFO:colcon.colcon_core.plugin_system:Skipping extension 'colcon_core.shell.bat': Not used on non-Windows systems
[0.763s] INFO:colcon.colcon_core.shell:Creating environment hook '/home/aditi/ERC/install/leo_nodes/share/leo_nodes/hook/ament_prefix_path.ps1'
[0.764s] INFO:colcon.colcon_core.shell:Creating environment descriptor '/home/aditi/ERC/install/leo_nodes/share/leo_nodes/hook/ament_prefix_path.dsv'
[0.764s] INFO:colcon.colcon_core.shell:Creating environment hook '/home/aditi/ERC/install/leo_nodes/share/leo_nodes/hook/ament_prefix_path.sh'
[0.765s] INFO:colcon.colcon_core.shell:Skip shell extension 'powershell' for command environment: Not usable outside of PowerShell
[0.765s] DEBUG:colcon.colcon_core.shell:Skip shell extension 'dsv' for command environment
[0.770s] INFO:colcon.colcon_ros.task.ament_cmake.build:Building ROS package in '/home/aditi/ERC/leo_rover' with build type 'ament_cmake'
[0.770s] INFO:colcon.colcon_cmake.task.cmake.build:Building CMake package in '/home/aditi/ERC/leo_rover'
[0.770s] INFO:colcon.colcon_core.shell:Skip shell extension 'powershell' for command environment: Not usable outside of PowerShell
[0.771s] DEBUG:colcon.colcon_core.shell:Skip shell extension 'dsv' for command environment
[0.776s] INFO:colcon.colcon_ros.task.ament_python.build:Building ROS package in '/home/aditi/ERC/leo_worlds' with build type 'ament_python'
[0.776s] Level 1:colcon.colcon_core.shell:create_environment_hook('leo_worlds', 'ament_prefix_path')
[0.776s] INFO:colcon.colcon_core.shell:Creating environment hook '/home/aditi/ERC/install/leo_worlds/share/leo_worlds/hook/ament_prefix_path.ps1'
[0.777s] INFO:colcon.colcon_core.shell:Creating environment descriptor '/home/aditi/ERC/install/leo_worlds/share/leo_worlds/hook/ament_prefix_path.dsv'
[0.777s] INFO:colcon.colcon_core.shell:Creating environment hook '/home/aditi/ERC/install/leo_worlds/share/leo_worlds/hook/ament_prefix_path.sh'
[0.778s] INFO:colcon.colcon_core.shell:Skip shell extension 'powershell' for command environment: Not usable outside of PowerShell
[0.778s] DEBUG:colcon.colcon_core.shell:Skip shell extension 'dsv' for command environment
[1.210s] INFO:colcon.colcon_core.task.python.build:Building Python package in '/home/aditi/ERC/leo_nodes'
[1.211s] INFO:colcon.colcon_core.shell:Skip shell extension 'powershell' for command environment: Not usable outside of PowerShell
[1.211s] DEBUG:colcon.colcon_core.shell:Skip shell extension 'dsv' for command environment
[1.223s] DEBUG:colcon.colcon_core.event_handler.log_command:Invoking command in '/home/aditi/ERC/build/leo_rover': CMAKE_PREFIX_PATH=${CMAKE_PREFIX_PATH}:/home/aditi/ERC/install/leo_worlds:/home/aditi/ERC/install/leo_nodes:/opt/ros/humble /usr/bin/cmake --build /home/aditi/ERC/build/leo_rover -- -j8 -l8
[1.666s] INFO:colcon.colcon_core.task.python.build:Building Python package in '/home/aditi/ERC/leo_worlds'
[1.666s] INFO:colcon.colcon_core.shell:Skip shell extension 'powershell' for command environment: Not usable outside of PowerShell
[1.666s] DEBUG:colcon.colcon_core.shell:Skip shell extension 'dsv' for command environment
[1.678s] DEBUG:colcon.colcon_core.event_handler.log_command:Invoked command in '/home/aditi/ERC/build/leo_rover' returned '0': CMAKE_PREFIX_PATH=${CMAKE_PREFIX_PATH}:/home/aditi/ERC/install/leo_worlds:/home/aditi/ERC/install/leo_nodes:/opt/ros/humble /usr/bin/cmake --build /home/aditi/ERC/build/leo_rover -- -j8 -l8
[1.719s] DEBUG:colcon.colcon_core.event_handler.log_command:Invoking command in '/home/aditi/ERC/build/leo_rover': CMAKE_PREFIX_PATH=${CMAKE_PREFIX_PATH}:/home/aditi/ERC/install/leo_worlds:/home/aditi/ERC/install/leo_nodes:/opt/ros/humble /usr/bin/cmake --install /home/aditi/ERC/build/leo_rover
[1.731s] Level 1:colcon.colcon_core.environment:create_environment_scripts_only(leo_rover)
[1.732s] DEBUG:colcon.colcon_core.event_handler.log_command:Invoked command in '/home/aditi/ERC/build/leo_rover' returned '0': CMAKE_PREFIX_PATH=${CMAKE_PREFIX_PATH}:/home/aditi/ERC/install/leo_worlds:/home/aditi/ERC/install/leo_nodes:/opt/ros/humble /usr/bin/cmake --install /home/aditi/ERC/build/leo_rover
[1.736s] Level 1:colcon.colcon_core.environment:checking '/home/aditi/ERC/install/leo_rover' for CMake module files
[1.736s] Level 1:colcon.colcon_core.environment:checking '/home/aditi/ERC/install/leo_rover' for CMake config files
[1.737s] Level 1:colcon.colcon_core.shell:create_environment_hook('leo_rover', 'cmake_prefix_path')
[1.737s] INFO:colcon.colcon_core.shell:Creating environment hook '/home/aditi/ERC/install/leo_rover/share/leo_rover/hook/cmake_prefix_path.ps1'
[1.738s] INFO:colcon.colcon_core.shell:Creating environment descriptor '/home/aditi/ERC/install/leo_rover/share/leo_rover/hook/cmake_prefix_path.dsv'
[1.738s] INFO:colcon.colcon_core.shell:Creating environment hook '/home/aditi/ERC/install/leo_rover/share/leo_rover/hook/cmake_prefix_path.sh'
[1.739s] Level 1:colcon.colcon_core.environment:checking '/home/aditi/ERC/install/leo_rover/bin'
[1.739s] Level 1:colcon.colcon_core.environment:checking '/home/aditi/ERC/install/leo_rover/lib/pkgconfig/leo_rover.pc'
[1.739s] Level 1:colcon.colcon_core.environment:checking '/home/aditi/ERC/install/leo_rover/lib/python3.10/site-packages'
[1.739s] Level 1:colcon.colcon_core.environment:checking '/home/aditi/ERC/install/leo_rover/bin'
[1.740s] INFO:colcon.colcon_core.shell:Creating package script '/home/aditi/ERC/install/leo_rover/share/leo_rover/package.ps1'
[1.741s] INFO:colcon.colcon_core.shell:Creating package descriptor '/home/aditi/ERC/install/leo_rover/share/leo_rover/package.dsv'
[1.742s] INFO:colcon.colcon_core.shell:Creating package script '/home/aditi/ERC/install/leo_rover/share/leo_rover/package.sh'
[1.743s] INFO:colcon.colcon_core.shell:Creating package script '/home/aditi/ERC/install/leo_rover/share/leo_rover/package.bash'
[1.744s] INFO:colcon.colcon_core.shell:Creating package script '/home/aditi/ERC/install/leo_rover/share/leo_rover/package.zsh'
[1.745s] Level 1:colcon.colcon_core.environment:create_file_with_runtime_dependencies(/home/aditi/ERC/install/leo_rover/share/colcon-core/packages/leo_rover)
[1.779s] Level 1:colcon.colcon_core.environment:create_environment_scripts_only(leo_rover)
[1.779s] Level 1:colcon.colcon_core.environment:checking '/home/aditi/ERC/install/leo_rover' for CMake module files
[1.780s] Level 1:colcon.colcon_core.environment:checking '/home/aditi/ERC/install/leo_rover' for CMake config files
[1.781s] Level 1:colcon.colcon_core.shell:create_environment_hook('leo_rover', 'cmake_prefix_path')
[1.782s] INFO:colcon.colcon_core.shell:Creating environment hook '/home/aditi/ERC/install/leo_rover/share/leo_rover/hook/cmake_prefix_path.ps1'
[1.782s] INFO:colcon.colcon_core.shell:Creating environment descriptor '/home/aditi/ERC/install/leo_rover/share/leo_rover/hook/cmake_prefix_path.dsv'
[1.783s] INFO:colcon.colcon_core.shell:Creating environment hook '/home/aditi/ERC/install/leo_rover/share/leo_rover/hook/cmake_prefix_path.sh'
[1.784s] Level 1:colcon.colcon_core.environment:checking '/home/aditi/ERC/install/leo_rover/bin'
[1.784s] Level 1:colcon.colcon_core.environment:checking '/home/aditi/ERC/install/leo_rover/lib/pkgconfig/leo_rover.pc'
[1.785s] Level 1:colcon.colcon_core.environment:checking '/home/aditi/ERC/install/leo_rover/lib/python3.10/site-packages'
[1.785s] Level 1:colcon.colcon_core.environment:checking '/home/aditi/ERC/install/leo_rover/bin'
[1.786s] INFO:colcon.colcon_core.shell:Creating package script '/home/aditi/ERC/install/leo_rover/share/leo_rover/package.ps1'
[1.789s] INFO:colcon.colcon_core.shell:Creating package descriptor '/home/aditi/ERC/install/leo_rover/share/leo_rover/package.dsv'
[1.791s] INFO:colcon.colcon_core.shell:Creating package script '/home/aditi/ERC/install/leo_rover/share/leo_rover/package.sh'
[1.792s] INFO:colcon.colcon_core.shell:Creating package script '/home/aditi/ERC/install/leo_rover/share/leo_rover/package.bash'
[1.793s] INFO:colcon.colcon_core.shell:Creating package script '/home/aditi/ERC/install/leo_rover/share/leo_rover/package.zsh'
[1.794s] Level 1:colcon.colcon_core.environment:create_file_with_runtime_dependencies(/home/aditi/ERC/install/leo_rover/share/colcon-core/packages/leo_rover)
[2.256s] DEBUG:colcon.colcon_core.event_handler.log_command:Invoking command in '/home/aditi/ERC/leo_worlds': PYTHONPATH=/home/aditi/ERC/build/leo_worlds/prefix_override:/home/aditi/ERC/install/leo_worlds/lib/python3.10/site-packages:${PYTHONPATH} /usr/bin/python3 -W ignore:setup.py install is deprecated setup.py egg_info --egg-base ../build/leo_worlds build --build-base /home/aditi/ERC/build/leo_worlds/build install --record /home/aditi/ERC/build/leo_worlds/install.log --single-version-externally-managed install_data
[2.401s] DEBUG:colcon.colcon_core.event_handler.log_command:Invoking command in '/home/aditi/ERC/leo_nodes': PYTHONPATH=/home/aditi/ERC/build/leo_nodes/prefix_override:/home/aditi/ERC/install/leo_nodes/lib/python3.10/site-packages:${PYTHONPATH} /usr/bin/python3 -W ignore:setup.py install is deprecated setup.py egg_info --egg-base ../build/leo_nodes build --build-base /home/aditi/ERC/build/leo_nodes/build install --record /home/aditi/ERC/build/leo_nodes/install.log --single-version-externally-managed install_data
[2.737s] Level 1:colcon.colcon_core.environment:checking '/home/aditi/ERC/install/leo_worlds' for CMake module files
[2.738s] DEBUG:colcon.colcon_core.event_handler.log_command:Invoked command in '/home/aditi/ERC/leo_worlds' returned '0': PYTHONPATH=/home/aditi/ERC/build/leo_worlds/prefix_override:/home/aditi/ERC/install/leo_worlds/lib/python3.10/site-packages:${PYTHONPATH} /usr/bin/python3 -W ignore:setup.py install is deprecated setup.py egg_info --egg-base ../build/leo_worlds build --build-base /home/aditi/ERC/build/leo_worlds/build install --record /home/aditi/ERC/build/leo_worlds/install.log --single-version-externally-managed install_data
[2.738s] Level 1:colcon.colcon_core.environment:checking '/home/aditi/ERC/install/leo_worlds' for CMake config files
[2.739s] Level 1:colcon.colcon_core.environment:checking '/home/aditi/ERC/install/leo_worlds/lib'
[2.739s] Level 1:colcon.colcon_core.environment:checking '/home/aditi/ERC/install/leo_worlds/bin'
[2.739s] Level 1:colcon.colcon_core.environment:checking '/home/aditi/ERC/install/leo_worlds/lib/pkgconfig/leo_worlds.pc'
[2.740s] Level 1:colcon.colcon_core.environment:checking '/home/aditi/ERC/install/leo_worlds/lib/python3.10/site-packages'
[2.740s] Level 1:colcon.colcon_core.shell:create_environment_hook('leo_worlds', 'pythonpath')
[2.740s] INFO:colcon.colcon_core.shell:Creating environment hook '/home/aditi/ERC/install/leo_worlds/share/leo_worlds/hook/pythonpath.ps1'
[2.741s] INFO:colcon.colcon_core.shell:Creating environment descriptor '/home/aditi/ERC/install/leo_worlds/share/leo_worlds/hook/pythonpath.dsv'
[2.741s] INFO:colcon.colcon_core.shell:Creating environment hook '/home/aditi/ERC/install/leo_worlds/share/leo_worlds/hook/pythonpath.sh'
[2.742s] Level 1:colcon.colcon_core.environment:checking '/home/aditi/ERC/install/leo_worlds/bin'
[2.742s] Level 1:colcon.colcon_core.environment:create_environment_scripts_only(leo_worlds)
[2.743s] INFO:colcon.colcon_core.shell:Creating package script '/home/aditi/ERC/install/leo_worlds/share/leo_worlds/package.ps1'
[2.744s] INFO:colcon.colcon_core.shell:Creating package descriptor '/home/aditi/ERC/install/leo_worlds/share/leo_worlds/package.dsv'
[2.745s] INFO:colcon.colcon_core.shell:Creating package script '/home/aditi/ERC/install/leo_worlds/share/leo_worlds/package.sh'
[2.745s] INFO:colcon.colcon_core.shell:Creating package script '/home/aditi/ERC/install/leo_worlds/share/leo_worlds/package.bash'
[2.746s] INFO:colcon.colcon_core.shell:Creating package script '/home/aditi/ERC/install/leo_worlds/share/leo_worlds/package.zsh'
[2.746s] Level 1:colcon.colcon_core.environment:create_file_with_runtime_dependencies(/home/aditi/ERC/install/leo_worlds/share/colcon-core/packages/leo_worlds)
[2.891s] Level 1:colcon.colcon_core.environment:checking '/home/aditi/ERC/install/leo_nodes' for CMake module files
[2.892s] DEBUG:colcon.colcon_core.event_handler.log_command:Invoked command in '/home/aditi/ERC/leo_nodes' returned '0': PYTHONPATH=/home/aditi/ERC/build/leo_nodes/prefix_override:/home/aditi/ERC/install/leo_nodes/lib/python3.10/site-packages:${PYTHONPATH} /usr/bin/python3 -W ignore:setup.py install is deprecated setup.py egg_info --egg-base ../build/leo_nodes build --build-base /home/aditi/ERC/build/leo_nodes/build install --record /home/aditi/ERC/build/leo_nodes/install.log --single-version-externally-managed install_data
[2.892s] Level 1:colcon.colcon_core.environment:checking '/home/aditi/ERC/install/leo_nodes' for CMake config files
[2.893s] Level 1:colcon.colcon_core.environment:checking '/home/aditi/ERC/install/leo_nodes/lib'
[2.894s] Level 1:colcon.colcon_core.environment:checking '/home/aditi/ERC/install/leo_nodes/bin'
[2.894s] Level 1:colcon.colcon_core.environment:checking '/home/aditi/ERC/install/leo_nodes/lib/pkgconfig/leo_nodes.pc'
[2.894s] Level 1:colcon.colcon_core.environment:checking '/home/aditi/ERC/install/leo_nodes/lib/python3.10/site-packages'
[2.894s] Level 1:colcon.colcon_core.shell:create_environment_hook('leo_nodes', 'pythonpath')
[2.895s] INFO:colcon.colcon_core.shell:Creating environment hook '/home/aditi/ERC/install/leo_nodes/share/leo_nodes/hook/pythonpath.ps1'
[2.895s] INFO:colcon.colcon_core.shell:Creating environment descriptor '/home/aditi/ERC/install/leo_nodes/share/leo_nodes/hook/pythonpath.dsv'
[2.896s] INFO:colcon.colcon_core.shell:Creating environment hook '/home/aditi/ERC/install/leo_nodes/share/leo_nodes/hook/pythonpath.sh'
[2.896s] Level 1:colcon.colcon_core.environment:checking '/home/aditi/ERC/install/leo_nodes/bin'
[2.897s] Level 1:colcon.colcon_core.environment:create_environment_scripts_only(leo_nodes)
[2.897s] INFO:colcon.colcon_core.shell:Creating package script '/home/aditi/ERC/install/leo_nodes/share/leo_nodes/package.ps1'
[2.898s] INFO:colcon.colcon_core.shell:Creating package descriptor '/home/aditi/ERC/install/leo_nodes/share/leo_nodes/package.dsv'
[2.899s] INFO:colcon.colcon_core.shell:Creating package script '/home/aditi/ERC/install/leo_nodes/share/leo_nodes/package.sh'
[2.899s] INFO:colcon.colcon_core.shell:Creating package script '/home/aditi/ERC/install/leo_nodes/share/leo_nodes/package.bash'
[2.900s] INFO:colcon.colcon_core.shell:Creating package script '/home/aditi/ERC/install/leo_nodes/share/leo_nodes/package.zsh'
[2.900s] Level 1:colcon.colcon_core.environment:create_file_with_runtime_dependencies(/home/aditi/ERC/install/leo_nodes/share/colcon-core/packages/leo_nodes)
[2.901s] DEBUG:colcon.colcon_parallel_executor.executor.parallel:closing loop
[2.901s] DEBUG:colcon.colcon_parallel_executor.executor.parallel:loop closed
[2.901s] DEBUG:colcon.colcon_parallel_executor.executor.parallel:run_until_complete finished with '0'
[2.901s] DEBUG:colcon.colcon_core.event_reactor:joining thread
[2.909s] INFO:colcon.colcon_core.plugin_system:Skipping extension 'colcon_notification.desktop_notification.terminal_notifier': Not used on non-Darwin systems
[2.910s] INFO:colcon.colcon_core.plugin_system:Skipping extension 'colcon_notification.desktop_notification.win32': Not used on non-Windows systems
[2.910s] INFO:colcon.colcon_notification.desktop_notification:Sending desktop notification using 'notify2'
[2.925s] DEBUG:colcon.colcon_core.event_reactor:joined thread
[2.925s] INFO:colcon.colcon_core.shell:Creating prefix script '/home/aditi/ERC/install/local_setup.ps1'
[2.926s] INFO:colcon.colcon_core.shell:Creating prefix util module '/home/aditi/ERC/install/_local_setup_util_ps1.py'
[2.928s] INFO:colcon.colcon_core.shell:Creating prefix chain script '/home/aditi/ERC/install/setup.ps1'
[2.930s] INFO:colcon.colcon_core.shell:Creating prefix script '/home/aditi/ERC/install/local_setup.sh'
[2.931s] INFO:colcon.colcon_core.shell:Creating prefix util module '/home/aditi/ERC/install/_local_setup_util_sh.py'
[2.931s] INFO:colcon.colcon_core.shell:Creating prefix chain script '/home/aditi/ERC/install/setup.sh'
[2.933s] INFO:colcon.colcon_core.shell:Creating prefix script '/home/aditi/ERC/install/local_setup.bash'
[2.933s] INFO:colcon.colcon_core.shell:Creating prefix chain script '/home/aditi/ERC/install/setup.bash'
[2.935s] INFO:colcon.colcon_core.shell:Creating prefix script '/home/aditi/ERC/install/local_setup.zsh'
[2.936s] INFO:colcon.colcon_core.shell:Creating prefix chain script '/home/aditi/ERC/install/setup.zsh'
