[0.105s] DEBUG:colcon:Command line arguments: ['/usr/bin/colcon', 'build']
[0.105s] DEBUG:colcon:Parsed command line arguments: Namespace(log_base=None, log_level=None, verb_name='build', build_base='build', install_base='install', merge_install=False, symlink_install=False, test_result_base=None, continue_on_error=False, executor='parallel', parallel_workers=8, event_handlers=None, ignore_user_meta=False, metas=['./colcon.meta'], base_paths=['.'], packages_ignore=None, packages_ignore_regex=None, paths=None, packages_up_to=None, packages_up_to_regex=None, packages_above=None, packages_above_and_dependencies=None, packages_above_depth=None, packages_select_by_dep=None, packages_skip_by_dep=None, packages_skip_up_to=None, packages_select_build_failed=False, packages_skip_build_finished=False, packages_select_test_failures=False, packages_skip_test_passed=False, packages_select=None, packages_skip=None, packages_select_regex=None, packages_skip_regex=None, packages_start=None, packages_end=None, allow_overriding=[], cmake_args=None, cmake_target=None, cmake_target_skip_unavailable=False, cmake_clean_cache=False, cmake_clean_first=False, cmake_force_configure=False, ament_cmake_args=None, catkin_cmake_args=None, catkin_skip_building_tests=False, mixin_files=None, mixin=None, verb_parser=<colcon_mixin.mixin.mixin_argument.MixinArgumentDecorator object at 0x7d9ae8342950>, verb_extension=<colcon_core.verb.build.BuildVerb object at 0x7d9ae83422c0>, main=<bound method BuildVerb.main of <colcon_core.verb.build.BuildVerb object at 0x7d9ae83422c0>>, mixin_verb=('build',))
[0.287s] Level 1:colcon.colcon_core.package_discovery:discover_packages(colcon_meta) check parameters
[0.288s] Level 1:colcon.colcon_core.package_discovery:discover_packages(recursive) check parameters
[0.288s] Level 1:colcon.colcon_core.package_discovery:discover_packages(ignore) check parameters
[0.288s] Level 1:colcon.colcon_core.package_discovery:discover_packages(path) check parameters
[0.288s] Level 1:colcon.colcon_core.package_discovery:discover_packages(colcon_meta) discover
[0.288s] Level 1:colcon.colcon_core.package_discovery:discover_packages(recursive) discover
[0.288s] INFO:colcon.colcon_core.package_discovery:Crawling recursively for packages in '/home/aditi/ERC/leo_rover'
[0.288s] Level 1:colcon.colcon_core.package_identification:_identify(.) by extensions ['ignore', 'ignore_ament_install']
[0.288s] Level 1:colcon.colcon_core.package_identification:_identify(.) by extension 'ignore'
[0.288s] Level 1:colcon.colcon_core.package_identification:_identify(.) by extension 'ignore_ament_install'
[0.288s] Level 1:colcon.colcon_core.package_identification:_identify(.) by extensions ['colcon_pkg']
[0.288s] Level 1:colcon.colcon_core.package_identification:_identify(.) by extension 'colcon_pkg'
[0.288s] Level 1:colcon.colcon_core.package_identification:_identify(.) by extensions ['colcon_meta']
[0.288s] Level 1:colcon.colcon_core.package_identification:_identify(.) by extension 'colcon_meta'
[0.288s] Level 1:colcon.colcon_core.package_identification:_identify(.) by extensions ['ros']
[0.288s] Level 1:colcon.colcon_core.package_identification:_identify(.) by extension 'ros'
[0.305s] DEBUG:colcon.colcon_core.package_identification:Package '.' with type 'ros.ament_cmake' and name 'leo_rover'
[0.305s] Level 1:colcon.colcon_core.package_discovery:discover_packages(recursive) using defaults
[0.305s] Level 1:colcon.colcon_core.package_discovery:discover_packages(ignore) discover
[0.305s] Level 1:colcon.colcon_core.package_discovery:discover_packages(ignore) using defaults
[0.305s] Level 1:colcon.colcon_core.package_discovery:discover_packages(path) discover
[0.305s] Level 1:colcon.colcon_core.package_discovery:discover_packages(path) using defaults
[0.333s] Level 1:colcon.colcon_core.package_discovery:discover_packages(prefix_path) check parameters
[0.333s] Level 1:colcon.colcon_core.package_discovery:discover_packages(prefix_path) discover
[0.335s] DEBUG:colcon.colcon_installed_package_information.package_discovery:Found 3 installed packages in /home/aditi/ERC/install
[0.337s] DEBUG:colcon.colcon_installed_package_information.package_discovery:Found 270 installed packages in /opt/ros/humble
[0.338s] Level 1:colcon.colcon_core.package_discovery:discover_packages(prefix_path) using defaults
[0.375s] Level 5:colcon.colcon_core.verb:set package 'leo_rover' build argument 'cmake_args' from command line to 'None'
[0.375s] Level 5:colcon.colcon_core.verb:set package 'leo_rover' build argument 'cmake_target' from command line to 'None'
[0.375s] Level 5:colcon.colcon_core.verb:set package 'leo_rover' build argument 'cmake_target_skip_unavailable' from command line to 'False'
[0.375s] Level 5:colcon.colcon_core.verb:set package 'leo_rover' build argument 'cmake_clean_cache' from command line to 'False'
[0.375s] Level 5:colcon.colcon_core.verb:set package 'leo_rover' build argument 'cmake_clean_first' from command line to 'False'
[0.375s] Level 5:colcon.colcon_core.verb:set package 'leo_rover' build argument 'cmake_force_configure' from command line to 'False'
[0.375s] Level 5:colcon.colcon_core.verb:set package 'leo_rover' build argument 'ament_cmake_args' from command line to 'None'
[0.376s] Level 5:colcon.colcon_core.verb:set package 'leo_rover' build argument 'catkin_cmake_args' from command line to 'None'
[0.376s] Level 5:colcon.colcon_core.verb:set package 'leo_rover' build argument 'catkin_skip_building_tests' from command line to 'False'
[0.376s] DEBUG:colcon.colcon_core.verb:Building package 'leo_rover' with the following arguments: {'ament_cmake_args': None, 'build_base': '/home/aditi/ERC/leo_rover/build/leo_rover', 'catkin_cmake_args': None, 'catkin_skip_building_tests': False, 'cmake_args': None, 'cmake_clean_cache': False, 'cmake_clean_first': False, 'cmake_force_configure': False, 'cmake_target': None, 'cmake_target_skip_unavailable': False, 'install_base': '/home/aditi/ERC/leo_rover/install/leo_rover', 'merge_install': False, 'path': '/home/aditi/ERC/leo_rover', 'symlink_install': False, 'test_result_base': None}
[0.376s] INFO:colcon.colcon_core.executor:Executing jobs using 'parallel' executor
[0.376s] DEBUG:colcon.colcon_parallel_executor.executor.parallel:run_until_complete
[0.377s] INFO:colcon.colcon_ros.task.ament_cmake.build:Building ROS package in '/home/aditi/ERC/leo_rover' with build type 'ament_cmake'
[0.377s] INFO:colcon.colcon_cmake.task.cmake.build:Building CMake package in '/home/aditi/ERC/leo_rover'
[0.379s] INFO:colcon.colcon_core.plugin_system:Skipping extension 'colcon_core.shell.bat': Not used on non-Windows systems
[0.379s] INFO:colcon.colcon_core.shell:Skip shell extension 'powershell' for command environment: Not usable outside of PowerShell
[0.379s] DEBUG:colcon.colcon_core.shell:Skip shell extension 'dsv' for command environment
[0.386s] DEBUG:colcon.colcon_core.event_handler.log_command:Invoking command in '/home/aditi/ERC/leo_rover/build/leo_rover': CMAKE_PREFIX_PATH=${CMAKE_PREFIX_PATH}:/home/aditi/ERC/install/leo_worlds:/home/aditi/ERC/install/leo_nodes:/opt/ros/humble /usr/bin/cmake /home/aditi/ERC/leo_rover -DCMAKE_INSTALL_PREFIX=/home/aditi/ERC/leo_rover/install/leo_rover
[0.954s] DEBUG:colcon.colcon_core.event_handler.log_command:Invoked command in '/home/aditi/ERC/leo_rover/build/leo_rover' returned '0': CMAKE_PREFIX_PATH=${CMAKE_PREFIX_PATH}:/home/aditi/ERC/install/leo_worlds:/home/aditi/ERC/install/leo_nodes:/opt/ros/humble /usr/bin/cmake /home/aditi/ERC/leo_rover -DCMAKE_INSTALL_PREFIX=/home/aditi/ERC/leo_rover/install/leo_rover
[0.956s] DEBUG:colcon.colcon_core.event_handler.log_command:Invoking command in '/home/aditi/ERC/leo_rover/build/leo_rover': CMAKE_PREFIX_PATH=${CMAKE_PREFIX_PATH}:/home/aditi/ERC/install/leo_worlds:/home/aditi/ERC/install/leo_nodes:/opt/ros/humble /usr/bin/cmake --build /home/aditi/ERC/leo_rover/build/leo_rover -- -j8 -l8
[0.992s] DEBUG:colcon.colcon_core.event_handler.log_command:Invoked command in '/home/aditi/ERC/leo_rover/build/leo_rover' returned '0': CMAKE_PREFIX_PATH=${CMAKE_PREFIX_PATH}:/home/aditi/ERC/install/leo_worlds:/home/aditi/ERC/install/leo_nodes:/opt/ros/humble /usr/bin/cmake --build /home/aditi/ERC/leo_rover/build/leo_rover -- -j8 -l8
[1.024s] DEBUG:colcon.colcon_core.event_handler.log_command:Invoking command in '/home/aditi/ERC/leo_rover/build/leo_rover': CMAKE_PREFIX_PATH=${CMAKE_PREFIX_PATH}:/home/aditi/ERC/install/leo_worlds:/home/aditi/ERC/install/leo_nodes:/opt/ros/humble /usr/bin/cmake --install /home/aditi/ERC/leo_rover/build/leo_rover
[1.036s] Level 1:colcon.colcon_core.environment:create_environment_scripts_only(leo_rover)
[1.037s] DEBUG:colcon.colcon_core.event_handler.log_command:Invoked command in '/home/aditi/ERC/leo_rover/build/leo_rover' returned '0': CMAKE_PREFIX_PATH=${CMAKE_PREFIX_PATH}:/home/aditi/ERC/install/leo_worlds:/home/aditi/ERC/install/leo_nodes:/opt/ros/humble /usr/bin/cmake --install /home/aditi/ERC/leo_rover/build/leo_rover
[1.040s] Level 1:colcon.colcon_core.environment:checking '/home/aditi/ERC/leo_rover/install/leo_rover' for CMake module files
[1.040s] Level 1:colcon.colcon_core.environment:checking '/home/aditi/ERC/leo_rover/install/leo_rover' for CMake config files
[1.040s] Level 1:colcon.colcon_core.shell:create_environment_hook('leo_rover', 'cmake_prefix_path')
[1.041s] INFO:colcon.colcon_core.shell:Creating environment hook '/home/aditi/ERC/leo_rover/install/leo_rover/share/leo_rover/hook/cmake_prefix_path.ps1'
[1.041s] INFO:colcon.colcon_core.shell:Creating environment descriptor '/home/aditi/ERC/leo_rover/install/leo_rover/share/leo_rover/hook/cmake_prefix_path.dsv'
[1.042s] INFO:colcon.colcon_core.shell:Creating environment hook '/home/aditi/ERC/leo_rover/install/leo_rover/share/leo_rover/hook/cmake_prefix_path.sh'
[1.043s] Level 1:colcon.colcon_core.environment:checking '/home/aditi/ERC/leo_rover/install/leo_rover/bin'
[1.043s] Level 1:colcon.colcon_core.environment:checking '/home/aditi/ERC/leo_rover/install/leo_rover/lib/pkgconfig/leo_rover.pc'
[1.043s] Level 1:colcon.colcon_core.environment:checking '/home/aditi/ERC/leo_rover/install/leo_rover/lib/python3.10/site-packages'
[1.043s] Level 1:colcon.colcon_core.environment:checking '/home/aditi/ERC/leo_rover/install/leo_rover/bin'
[1.043s] INFO:colcon.colcon_core.shell:Creating package script '/home/aditi/ERC/leo_rover/install/leo_rover/share/leo_rover/package.ps1'
[1.044s] INFO:colcon.colcon_core.shell:Creating package descriptor '/home/aditi/ERC/leo_rover/install/leo_rover/share/leo_rover/package.dsv'
[1.045s] INFO:colcon.colcon_core.shell:Creating package script '/home/aditi/ERC/leo_rover/install/leo_rover/share/leo_rover/package.sh'
[1.045s] INFO:colcon.colcon_core.shell:Creating package script '/home/aditi/ERC/leo_rover/install/leo_rover/share/leo_rover/package.bash'
[1.046s] INFO:colcon.colcon_core.shell:Creating package script '/home/aditi/ERC/leo_rover/install/leo_rover/share/leo_rover/package.zsh'
[1.047s] Level 1:colcon.colcon_core.environment:create_file_with_runtime_dependencies(/home/aditi/ERC/leo_rover/install/leo_rover/share/colcon-core/packages/leo_rover)
[1.071s] Level 1:colcon.colcon_core.environment:create_environment_scripts_only(leo_rover)
[1.072s] Level 1:colcon.colcon_core.environment:checking '/home/aditi/ERC/leo_rover/install/leo_rover' for CMake module files
[1.072s] Level 1:colcon.colcon_core.environment:checking '/home/aditi/ERC/leo_rover/install/leo_rover' for CMake config files
[1.072s] Level 1:colcon.colcon_core.shell:create_environment_hook('leo_rover', 'cmake_prefix_path')
[1.073s] INFO:colcon.colcon_core.shell:Creating environment hook '/home/aditi/ERC/leo_rover/install/leo_rover/share/leo_rover/hook/cmake_prefix_path.ps1'
[1.073s] INFO:colcon.colcon_core.shell:Creating environment descriptor '/home/aditi/ERC/leo_rover/install/leo_rover/share/leo_rover/hook/cmake_prefix_path.dsv'
[1.073s] INFO:colcon.colcon_core.shell:Creating environment hook '/home/aditi/ERC/leo_rover/install/leo_rover/share/leo_rover/hook/cmake_prefix_path.sh'
[1.074s] Level 1:colcon.colcon_core.environment:checking '/home/aditi/ERC/leo_rover/install/leo_rover/bin'
[1.074s] Level 1:colcon.colcon_core.environment:checking '/home/aditi/ERC/leo_rover/install/leo_rover/lib/pkgconfig/leo_rover.pc'
[1.074s] Level 1:colcon.colcon_core.environment:checking '/home/aditi/ERC/leo_rover/install/leo_rover/lib/python3.10/site-packages'
[1.075s] Level 1:colcon.colcon_core.environment:checking '/home/aditi/ERC/leo_rover/install/leo_rover/bin'
[1.075s] INFO:colcon.colcon_core.shell:Creating package script '/home/aditi/ERC/leo_rover/install/leo_rover/share/leo_rover/package.ps1'
[1.075s] INFO:colcon.colcon_core.shell:Creating package descriptor '/home/aditi/ERC/leo_rover/install/leo_rover/share/leo_rover/package.dsv'
[1.076s] INFO:colcon.colcon_core.shell:Creating package script '/home/aditi/ERC/leo_rover/install/leo_rover/share/leo_rover/package.sh'
[1.076s] INFO:colcon.colcon_core.shell:Creating package script '/home/aditi/ERC/leo_rover/install/leo_rover/share/leo_rover/package.bash'
[1.077s] INFO:colcon.colcon_core.shell:Creating package script '/home/aditi/ERC/leo_rover/install/leo_rover/share/leo_rover/package.zsh'
[1.077s] Level 1:colcon.colcon_core.environment:create_file_with_runtime_dependencies(/home/aditi/ERC/leo_rover/install/leo_rover/share/colcon-core/packages/leo_rover)
[1.077s] DEBUG:colcon.colcon_parallel_executor.executor.parallel:closing loop
[1.077s] DEBUG:colcon.colcon_parallel_executor.executor.parallel:loop closed
[1.078s] DEBUG:colcon.colcon_parallel_executor.executor.parallel:run_until_complete finished with '0'
[1.078s] DEBUG:colcon.colcon_core.event_reactor:joining thread
[1.083s] INFO:colcon.colcon_core.plugin_system:Skipping extension 'colcon_notification.desktop_notification.terminal_notifier': Not used on non-Darwin systems
[1.083s] INFO:colcon.colcon_core.plugin_system:Skipping extension 'colcon_notification.desktop_notification.win32': Not used on non-Windows systems
[1.084s] INFO:colcon.colcon_notification.desktop_notification:Sending desktop notification using 'notify2'
[1.096s] DEBUG:colcon.colcon_core.event_reactor:joined thread
[1.096s] INFO:colcon.colcon_core.shell:Creating prefix script '/home/aditi/ERC/leo_rover/install/local_setup.ps1'
[1.097s] INFO:colcon.colcon_core.shell:Creating prefix util module '/home/aditi/ERC/leo_rover/install/_local_setup_util_ps1.py'
[1.099s] INFO:colcon.colcon_core.shell:Creating prefix chain script '/home/aditi/ERC/leo_rover/install/setup.ps1'
[1.100s] INFO:colcon.colcon_core.shell:Creating prefix script '/home/aditi/ERC/leo_rover/install/local_setup.sh'
[1.101s] INFO:colcon.colcon_core.shell:Creating prefix util module '/home/aditi/ERC/leo_rover/install/_local_setup_util_sh.py'
[1.101s] INFO:colcon.colcon_core.shell:Creating prefix chain script '/home/aditi/ERC/leo_rover/install/setup.sh'
[1.102s] INFO:colcon.colcon_core.shell:Creating prefix script '/home/aditi/ERC/leo_rover/install/local_setup.bash'
[1.103s] INFO:colcon.colcon_core.shell:Creating prefix chain script '/home/aditi/ERC/leo_rover/install/setup.bash'
[1.104s] INFO:colcon.colcon_core.shell:Creating prefix script '/home/aditi/ERC/leo_rover/install/local_setup.zsh'
[1.104s] INFO:colcon.colcon_core.shell:Creating prefix chain script '/home/aditi/ERC/leo_rover/install/setup.zsh'
