In file included from [01m[K/home/aditi/ros2_ws/build/cashier_system/rosidl_generator_c/cashier_system/msg/detail/bill__functions.h:19[m[K,
                 from [01m[K/home/aditi/ros2_ws/build/cashier_system/rosidl_generator_c/cashier_system/msg/detail/bill__functions.c:4[m[K:
[01m[K/home/aditi/ros2_ws/build/cashier_system/rosidl_generator_c/cashier_system/msg/detail/bill__struct.h:22:10:[m[K [01;31m[Kfatal error: [m[Kbuiltin_interfaces/msg/detail/time__struct.h: No such file or directory
   22 | #include [01;31m[K"builtin_interfaces/msg/detail/time__struct.h"[m[K
      |          [01;31m[K^~~~~~~~~~~~~~~~~~~~~~~~~~~~~~~~~~~~~~~~~~~~~~[m[K
compilation terminated.
gmake[2]: *** [CMakeFiles/cashier_system__rosidl_generator_c.dir/build.make:105: CMakeFiles/cashier_system__rosidl_generator_c.dir/rosidl_generator_c/cashier_system/msg/detail/bill__functions.c.o] Error 1
gmake[1]: *** [CMakeFiles/Makefile2:213: CMakeFiles/cashier_system__rosidl_generator_c.dir/all] Error 2
gmake[1]: *** Waiting for unfinished jobs....
In file included from [01m[K/home/aditi/ros2_ws/build/cashier_system/rosidl_typesupport_introspection_cpp/cashier_system/msg/detail/bill__type_support.cpp:12[m[K:
[01m[K/home/aditi/ros2_ws/build/cashier_system/rosidl_generator_cpp/cashier_system/msg/detail/bill__struct.hpp:20:10:[m[K [01;31m[Kfatal error: [m[Kbuiltin_interfaces/msg/detail/time__struct.hpp: No such file or directory
   20 | #include [01;31m[K"builtin_interfaces/msg/detail/time__struct.hpp"[m[K
      |          [01;31m[K^~~~~~~~~~~~~~~~~~~~~~~~~~~~~~~~~~~~~~~~~~~~~~~~[m[K
compilation terminated.
In file included from [01m[K/home/aditi/ros2_ws/build/cashier_system/rosidl_typesupport_cpp/cashier_system/msg/bill__type_support.cpp:7[m[K:
[01m[K/home/aditi/ros2_ws/build/cashier_system/rosidl_generator_cpp/cashier_system/msg/detail/bill__struct.hpp:20:10:[m[K [01;31m[Kfatal error: [m[Kbuiltin_interfaces/msg/detail/time__struct.hpp: No such file or directory
   20 | #include [01;31m[K"builtin_interfaces/msg/detail/time__struct.hpp"[m[K
      |          [01;31m[K^~~~~~~~~~~~~~~~~~~~~~~~~~~~~~~~~~~~~~~~~~~~~~~~[m[K
compilation terminated.
gmake[2]: *** [CMakeFiles/cashier_system__rosidl_typesupport_introspection_cpp.dir/build.make:91: CMakeFiles/cashier_system__rosidl_typesupport_introspection_cpp.dir/rosidl_typesupport_introspection_cpp/cashier_system/msg/detail/bill__type_support.cpp.o] Error 1
gmake[1]: *** [CMakeFiles/Makefile2:369: CMakeFiles/cashier_system__rosidl_typesupport_introspection_cpp.dir/all] Error 2
gmake[2]: *** [CMakeFiles/cashier_system__rosidl_typesupport_cpp.dir/build.make:86: CMakeFiles/cashier_system__rosidl_typesupport_cpp.dir/rosidl_typesupport_cpp/cashier_system/msg/bill__type_support.cpp.o] Error 1
gmake[1]: *** [CMakeFiles/Makefile2:395: CMakeFiles/cashier_system__rosidl_typesupport_cpp.dir/all] Error 2
In file included from [01m[K/home/aditi/ros2_ws/build/cashier_system/rosidl_typesupport_fastrtps_cpp/cashier_system/msg/detail/bill__rosidl_typesupport_fastrtps_cpp.hpp:11[m[K,
                 from [01m[K/home/aditi/ros2_ws/build/cashier_system/rosidl_typesupport_fastrtps_cpp/cashier_system/msg/detail/dds_fastrtps/bill__type_support.cpp:4[m[K:
[01m[K/home/aditi/ros2_ws/build/cashier_system/rosidl_generator_cpp/cashier_system/msg/detail/bill__struct.hpp:20:10:[m[K [01;31m[Kfatal error: [m[Kbuiltin_interfaces/msg/detail/time__struct.hpp: No such file or directory
   20 | #include [01;31m[K"builtin_interfaces/msg/detail/time__struct.hpp"[m[K
      |          [01;31m[K^~~~~~~~~~~~~~~~~~~~~~~~~~~~~~~~~~~~~~~~~~~~~~~~[m[K
compilation terminated.
gmake[2]: *** [CMakeFiles/cashier_system__rosidl_typesupport_fastrtps_cpp.dir/build.make:91: CMakeFiles/cashier_system__rosidl_typesupport_fastrtps_cpp.dir/rosidl_typesupport_fastrtps_cpp/cashier_system/msg/detail/dds_fastrtps/bill__type_support.cpp.o] Error 1
gmake[1]: *** [CMakeFiles/Makefile2:291: CMakeFiles/cashier_system__rosidl_typesupport_fastrtps_cpp.dir/all] Error 2
gmake: *** [Makefile:146: all] Error 2
