/home/aditi/ERC/install/leo_nodes/lib/python3.10/site-packages/leo_nodes/zed2_imu_transform_publisher.py
/home/aditi/ERC/install/leo_nodes/lib/python3.10/site-packages/leo_nodes/__init__.py
/home/aditi/ERC/install/leo_nodes/lib/python3.10/site-packages/leo_nodes/odom_compat_node.py
/home/aditi/ERC/install/leo_nodes/lib/python3.10/site-packages/leo_nodes/pdu_node.py
/home/aditi/ERC/install/leo_nodes/lib/python3.10/site-packages/leo_nodes/ground_truth_filter.py
/home/aditi/ERC/install/leo_nodes/lib/python3.10/site-packages/leo_nodes/cmd_vel_relay.py
/home/aditi/ERC/install/leo_nodes/lib/python3.10/site-packages/leo_nodes/zed2_imu_transform_broadcaster.py
/home/aditi/ERC/install/leo_nodes/lib/python3.10/site-packages/leo_nodes/__pycache__/zed2_imu_transform_publisher.cpython-310.pyc
/home/aditi/ERC/install/leo_nodes/lib/python3.10/site-packages/leo_nodes/__pycache__/__init__.cpython-310.pyc
/home/aditi/ERC/install/leo_nodes/lib/python3.10/site-packages/leo_nodes/__pycache__/odom_compat_node.cpython-310.pyc
/home/aditi/ERC/install/leo_nodes/lib/python3.10/site-packages/leo_nodes/__pycache__/pdu_node.cpython-310.pyc
/home/aditi/ERC/install/leo_nodes/lib/python3.10/site-packages/leo_nodes/__pycache__/ground_truth_filter.cpython-310.pyc
/home/aditi/ERC/install/leo_nodes/lib/python3.10/site-packages/leo_nodes/__pycache__/cmd_vel_relay.cpython-310.pyc
/home/aditi/ERC/install/leo_nodes/lib/python3.10/site-packages/leo_nodes/__pycache__/zed2_imu_transform_broadcaster.cpython-310.pyc
/home/aditi/ERC/install/leo_nodes/share/ament_index/resource_index/packages/leo_nodes
/home/aditi/ERC/install/leo_nodes/share/leo_nodes/package.xml
/home/aditi/ERC/install/leo_nodes/lib/python3.10/site-packages/leo_nodes-0.0.0-py3.10.egg-info/SOURCES.txt
/home/aditi/ERC/install/leo_nodes/lib/python3.10/site-packages/leo_nodes-0.0.0-py3.10.egg-info/requires.txt
/home/aditi/ERC/install/leo_nodes/lib/python3.10/site-packages/leo_nodes-0.0.0-py3.10.egg-info/zip-safe
/home/aditi/ERC/install/leo_nodes/lib/python3.10/site-packages/leo_nodes-0.0.0-py3.10.egg-info/top_level.txt
/home/aditi/ERC/install/leo_nodes/lib/python3.10/site-packages/leo_nodes-0.0.0-py3.10.egg-info/PKG-INFO
/home/aditi/ERC/install/leo_nodes/lib/python3.10/site-packages/leo_nodes-0.0.0-py3.10.egg-info/dependency_links.txt
/home/aditi/ERC/install/leo_nodes/lib/python3.10/site-packages/leo_nodes-0.0.0-py3.10.egg-info/entry_points.txt
/home/aditi/ERC/install/leo_nodes/lib/leo_nodes/cmd_vel_relay
/home/aditi/ERC/install/leo_nodes/lib/leo_nodes/ground_truth_filter
/home/aditi/ERC/install/leo_nodes/lib/leo_nodes/odom_compat_node
/home/aditi/ERC/install/leo_nodes/lib/leo_nodes/pdu_node
/home/aditi/ERC/install/leo_nodes/lib/leo_nodes/zed2_imu_transform_broadcaster
/home/aditi/ERC/install/leo_nodes/lib/leo_nodes/zed2_imu_transform_publisher
