[0.009s] Invoking command in '/home/aditi/ros2_ws/build/cashier_system': CMAKE_PREFIX_PATH=${CMAKE_PREFIX_PATH}:/opt/ros/humble /usr/bin/cmake /home/aditi/ros2_ws/src/cashier_system -DCMAKE_INSTALL_PREFIX=/home/aditi/ros2_ws/install/cashier_system
[0.062s] -- The C compiler identification is GNU 11.4.0
[0.116s] -- The CXX compiler identification is GNU 11.4.0
[0.124s] -- Detecting C compiler ABI info
[0.190s] -- Detecting C compiler ABI info - done
[0.198s] -- Check for working C compiler: /usr/bin/cc - skipped
[0.198s] -- Detecting C compile features
[0.198s] -- Detecting C compile features - done
[0.201s] -- Detecting CXX compiler ABI info
[0.283s] -- Detecting CXX compiler ABI info - done
[0.292s] -- Check for working CXX compiler: /usr/bin/c++ - skipped
[0.292s] -- Detecting CXX compile features
[0.292s] -- Detecting CXX compile features - done
[0.295s] -- Found ament_cmake: 1.3.9 (/opt/ros/humble/share/ament_cmake/cmake)
[0.441s] -- Found Python3: /usr/bin/python3 (found version "3.10.12") found components: Interpreter 
[0.517s] -- Found rclcpp: 16.0.9 (/opt/ros/humble/share/rclcpp/cmake)
[0.555s] -- Found rosidl_generator_c: 3.1.5 (/opt/ros/humble/share/rosidl_generator_c/cmake)
[0.559s] -- Found rosidl_adapter: 3.1.5 (/opt/ros/humble/share/rosidl_adapter/cmake)
[0.566s] -- Found rosidl_generator_cpp: 3.1.5 (/opt/ros/humble/share/rosidl_generator_cpp/cmake)
[0.579s] -- Using all available rosidl_typesupport_c: rosidl_typesupport_fastrtps_c;rosidl_typesupport_introspection_c
[0.596s] -- Using all available rosidl_typesupport_cpp: rosidl_typesupport_fastrtps_cpp;rosidl_typesupport_introspection_cpp
[0.661s] -- Found rmw_implementation_cmake: 6.1.2 (/opt/ros/humble/share/rmw_implementation_cmake/cmake)
[0.663s] -- Found rmw_fastrtps_cpp: 6.2.6 (/opt/ros/humble/share/rmw_fastrtps_cpp/cmake)
[0.754s] -- Found OpenSSL: /usr/lib/x86_64-linux-gnu/libcrypto.so (found version "3.0.2")  
[0.781s] -- Found FastRTPS: /opt/ros/humble/include  
[0.828s] -- Using RMW implementation 'rmw_fastrtps_cpp' as default
[0.837s] -- Looking for pthread.h
[0.906s] -- Looking for pthread.h - found
[0.907s] -- Performing Test CMAKE_HAVE_LIBC_PTHREAD
[0.983s] -- Performing Test CMAKE_HAVE_LIBC_PTHREAD - Success
[0.984s] -- Found Threads: TRUE  
[1.145s] -- Found rosidl_default_generators: 1.2.0 (/opt/ros/humble/share/rosidl_default_generators/cmake)
[1.391s] -- Found ament_cmake_ros: 0.10.0 (/opt/ros/humble/share/ament_cmake_ros/cmake)
[1.679s] -- Using all available rosidl_typesupport_c: rosidl_typesupport_fastrtps_c;rosidl_typesupport_introspection_c
[1.792s] -- Using all available rosidl_typesupport_cpp: rosidl_typesupport_fastrtps_cpp;rosidl_typesupport_introspection_cpp
[1.813s] -- Found PythonInterp: /usr/bin/python3 (found suitable version "3.10.12", minimum required is "3.6") 
[1.814s] -- Found python_cmake_module: 0.10.0 (/opt/ros/humble/share/python_cmake_module/cmake)
[1.839s] -- Found PythonLibs: /usr/lib/x86_64-linux-gnu/libpython3.10.so (found suitable version "3.10.12", minimum required is "3.5") 
[1.839s] -- Using PYTHON_EXECUTABLE: /usr/bin/python3
[1.839s] -- Using PYTHON_INCLUDE_DIRS: /usr/include/python3.10
[1.839s] -- Using PYTHON_LIBRARIES: /usr/lib/x86_64-linux-gnu/libpython3.10.so
[1.860s] -- Found PythonExtra: .so  
[1.895s] [0mCMake Deprecation Warning at /opt/ros/humble/share/rosidl_cmake/cmake/rosidl_target_interfaces.cmake:32 (message):
[1.895s]   Use rosidl_get_typesupport_target() and target_link_libraries() instead of
[1.895s]   rosidl_target_interfaces()
[1.895s] Call Stack (most recent call first):
[1.895s]   CMakeLists.txt:36 (rosidl_target_interfaces)
[1.895s] 
[1.895s] [0m
[1.895s] [0mCMake Deprecation Warning at /opt/ros/humble/share/rosidl_cmake/cmake/rosidl_target_interfaces.cmake:32 (message):
[1.895s]   Use rosidl_get_typesupport_target() and target_link_libraries() instead of
[1.896s]   rosidl_target_interfaces()
[1.896s] Call Stack (most recent call first):
[1.896s]   CMakeLists.txt:37 (rosidl_target_interfaces)
[1.896s] 
[1.896s] [0m
[1.896s] [0mCMake Deprecation Warning at /opt/ros/humble/share/rosidl_cmake/cmake/rosidl_target_interfaces.cmake:32 (message):
[1.896s]   Use rosidl_get_typesupport_target() and target_link_libraries() instead of
[1.896s]   rosidl_target_interfaces()
[1.896s] Call Stack (most recent call first):
[1.896s]   CMakeLists.txt:38 (rosidl_target_interfaces)
[1.896s] 
[1.896s] [0m
[1.901s] -- Configuring done
[1.940s] -- Generating done
[1.943s] -- Build files have been written to: /home/aditi/ros2_ws/build/cashier_system
[1.953s] Invoked command in '/home/aditi/ros2_ws/build/cashier_system' returned '0': CMAKE_PREFIX_PATH=${CMAKE_PREFIX_PATH}:/opt/ros/humble /usr/bin/cmake /home/aditi/ros2_ws/src/cashier_system -DCMAKE_INSTALL_PREFIX=/home/aditi/ros2_ws/install/cashier_system
[1.955s] Invoking command in '/home/aditi/ros2_ws/build/cashier_system': CMAKE_PREFIX_PATH=${CMAKE_PREFIX_PATH}:/opt/ros/humble /usr/bin/cmake --build /home/aditi/ros2_ws/build/cashier_system -- -j8 -l8
[1.998s] [  2%] [34m[1mGenerating C code for ROS interfaces[0m
[2.008s] [  5%] [34m[1mGenerating C++ code for ROS interfaces[0m
[2.018s] [  5%] Built target ament_cmake_python_copy_cashier_system
[2.273s] [  5%] Built target cashier_system__cpp
[2.281s] [  8%] [32mBuilding C object CMakeFiles/cashier_system__rosidl_generator_c.dir/rosidl_generator_c/cashier_system/msg/detail/bill__functions.c.o[0m
[2.285s] [ 10%] [34m[1mGenerating C++ type support for eProsima Fast-RTPS[0m
[2.285s] [ 13%] [34m[1mGenerating C++ introspection for ROS interfaces[0m
[2.289s] [ 16%] [34m[1mGenerating C++ type support dispatch for ROS interfaces[0m
[2.327s] running egg_info
[2.328s] creating cashier_system.egg-info
[2.328s] writing cashier_system.egg-info/PKG-INFO
[2.328s] writing dependency_links to cashier_system.egg-info/dependency_links.txt
[2.328s] writing top-level names to cashier_system.egg-info/top_level.txt
[2.329s] writing manifest file 'cashier_system.egg-info/SOURCES.txt'
[2.332s] reading manifest file 'cashier_system.egg-info/SOURCES.txt'
[2.332s] writing manifest file 'cashier_system.egg-info/SOURCES.txt'
[2.340s] [ 18%] [32m[1mLinking C shared library libcashier_system__rosidl_generator_c.so[0m
[2.366s] [ 18%] Built target ament_cmake_python_build_cashier_system_egg
[2.384s] [ 18%] Built target cashier_system__rosidl_generator_c
[2.397s] [ 21%] [34m[1mGenerating C type support dispatch for ROS interfaces[0m
[2.400s] [ 24%] [34m[1mGenerating C introspection for ROS interfaces[0m
[2.400s] [ 27%] [34m[1mGenerating C type support for eProsima Fast-RTPS[0m
[2.670s] [ 29%] [32mBuilding CXX object CMakeFiles/cashier_system__rosidl_typesupport_c.dir/rosidl_typesupport_c/cashier_system/msg/bill__type_support.cpp.o[0m
[2.708s] [ 32%] [32mBuilding CXX object CMakeFiles/cashier_system__rosidl_typesupport_fastrtps_c.dir/rosidl_typesupport_fastrtps_c/cashier_system/msg/detail/bill__type_support_c.cpp.o[0m
[2.709s] [ 35%] [32m[1mLinking CXX shared library libcashier_system__rosidl_typesupport_c.so[0m
[2.730s] [ 37%] [32mBuilding CXX object CMakeFiles/cashier_system__rosidl_typesupport_fastrtps_cpp.dir/rosidl_typesupport_fastrtps_cpp/cashier_system/msg/detail/dds_fastrtps/bill__type_support.cpp.o[0m
[2.746s] [ 40%] [32mBuilding CXX object CMakeFiles/cashier_system__rosidl_typesupport_cpp.dir/rosidl_typesupport_cpp/cashier_system/msg/bill__type_support.cpp.o[0m
[2.778s] [ 43%] [32mBuilding CXX object CMakeFiles/cashier_system__rosidl_typesupport_introspection_cpp.dir/rosidl_typesupport_introspection_cpp/cashier_system/msg/detail/bill__type_support.cpp.o[0m
[2.778s] [ 43%] Built target cashier_system__rosidl_typesupport_c
[2.843s] [ 45%] [32mBuilding C object CMakeFiles/cashier_system__rosidl_typesupport_introspection_c.dir/rosidl_typesupport_introspection_c/cashier_system/msg/detail/bill__type_support.c.o[0m
[2.884s] [ 48%] [32m[1mLinking C shared library libcashier_system__rosidl_typesupport_introspection_c.so[0m
[2.920s] [ 48%] Built target cashier_system__rosidl_typesupport_introspection_c
[3.113s] [ 51%] [32m[1mLinking CXX shared library libcashier_system__rosidl_typesupport_fastrtps_c.so[0m
[3.141s] [ 54%] [32m[1mLinking CXX shared library libcashier_system__rosidl_typesupport_cpp.so[0m
[3.193s] [ 54%] Built target cashier_system__rosidl_typesupport_cpp
[3.200s] [ 56%] [32m[1mLinking CXX shared library libcashier_system__rosidl_typesupport_fastrtps_cpp.so[0m
[3.209s] [ 56%] Built target cashier_system__rosidl_typesupport_fastrtps_c
[3.289s] [ 56%] Built target cashier_system__rosidl_typesupport_fastrtps_cpp
[3.299s] [ 59%] [32m[1mLinking CXX shared library libcashier_system__rosidl_typesupport_introspection_cpp.so[0m
[3.373s] [ 59%] Built target cashier_system__rosidl_typesupport_introspection_cpp
[3.399s] [ 59%] Built target cashier_system
[3.425s] [ 62%] [34m[1mGenerating Python code for ROS interfaces[0m
[3.425s] [ 67%] [32mBuilding CXX object CMakeFiles/publisher_node.dir/src/publisher_node.cpp.o[0m
[3.425s] [ 67%] [32mBuilding CXX object CMakeFiles/subscriber_node.dir/src/subscriber_node.cpp.o[0m
[3.426s] [ 70%] [32mBuilding CXX object CMakeFiles/printer_node.dir/src/printer_node.cpp.o[0m
[3.790s] [ 70%] Built target cashier_system__py
[3.813s] [ 72%] [32mBuilding C object CMakeFiles/cashier_system__rosidl_generator_py.dir/rosidl_generator_py/cashier_system/msg/_bill_s.c.o[0m
[3.937s] [ 75%] [32m[1mLinking C shared library rosidl_generator_py/cashier_system/libcashier_system__rosidl_generator_py.so[0m
[3.984s] [ 75%] Built target cashier_system__rosidl_generator_py
[4.009s] [ 78%] [32mBuilding C object CMakeFiles/cashier_system__rosidl_typesupport_fastrtps_c__pyext.dir/rosidl_generator_py/cashier_system/_cashier_system_s.ep.rosidl_typesupport_fastrtps_c.c.o[0m
[4.018s] [ 83%] [32mBuilding C object CMakeFiles/cashier_system__rosidl_typesupport_c__pyext.dir/rosidl_generator_py/cashier_system/_cashier_system_s.ep.rosidl_typesupport_c.c.o[0m
[4.018s] [ 83%] [32mBuilding C object CMakeFiles/cashier_system__rosidl_typesupport_introspection_c__pyext.dir/rosidl_generator_py/cashier_system/_cashier_system_s.ep.rosidl_typesupport_introspection_c.c.o[0m
[4.139s] [ 86%] [32m[1mLinking C shared library rosidl_generator_py/cashier_system/cashier_system_s__rosidl_typesupport_fastrtps_c.cpython-310-x86_64-linux-gnu.so[0m
[4.184s] [ 86%] Built target cashier_system__rosidl_typesupport_fastrtps_c__pyext
[4.217s] [ 89%] [32m[1mLinking C shared library rosidl_generator_py/cashier_system/cashier_system_s__rosidl_typesupport_c.cpython-310-x86_64-linux-gnu.so[0m
[4.221s] [ 91%] [32m[1mLinking C shared library rosidl_generator_py/cashier_system/cashier_system_s__rosidl_typesupport_introspection_c.cpython-310-x86_64-linux-gnu.so[0m
[4.266s] [ 91%] Built target cashier_system__rosidl_typesupport_introspection_c__pyext
[4.276s] [ 91%] Built target cashier_system__rosidl_typesupport_c__pyext
[8.636s] [ 94%] [32m[1mLinking CXX executable publisher_node[0m
[8.858s] [ 94%] Built target publisher_node
[12.518s] [ 97%] [32m[1mLinking CXX executable subscriber_node[0m
[12.887s] [ 97%] Built target subscriber_node
[14.869s] [100%] [32m[1mLinking CXX executable printer_node[0m
[15.362s] [100%] Built target printer_node
[15.374s] Invoked command in '/home/aditi/ros2_ws/build/cashier_system' returned '0': CMAKE_PREFIX_PATH=${CMAKE_PREFIX_PATH}:/opt/ros/humble /usr/bin/cmake --build /home/aditi/ros2_ws/build/cashier_system -- -j8 -l8
[15.462s] Invoking command in '/home/aditi/ros2_ws/build/cashier_system': CMAKE_PREFIX_PATH=${CMAKE_PREFIX_PATH}:/opt/ros/humble /usr/bin/cmake --install /home/aditi/ros2_ws/build/cashier_system
[15.470s] -- Install configuration: ""
[15.471s] -- Installing: /home/aditi/ros2_ws/install/cashier_system/share/ament_index/resource_index/rosidl_interfaces/cashier_system
[15.471s] -- Installing: /home/aditi/ros2_ws/install/cashier_system/include/cashier_system/cashier_system
[15.471s] -- Installing: /home/aditi/ros2_ws/install/cashier_system/include/cashier_system/cashier_system/msg
[15.471s] -- Installing: /home/aditi/ros2_ws/install/cashier_system/include/cashier_system/cashier_system/msg/rosidl_generator_c__visibility_control.h
[15.471s] -- Installing: /home/aditi/ros2_ws/install/cashier_system/include/cashier_system/cashier_system/msg/detail
[15.471s] -- Installing: /home/aditi/ros2_ws/install/cashier_system/include/cashier_system/cashier_system/msg/detail/bill__functions.h
[15.472s] -- Installing: /home/aditi/ros2_ws/install/cashier_system/include/cashier_system/cashier_system/msg/detail/bill__functions.c
[15.472s] -- Installing: /home/aditi/ros2_ws/install/cashier_system/include/cashier_system/cashier_system/msg/detail/bill__struct.h
[15.472s] -- Installing: /home/aditi/ros2_ws/install/cashier_system/include/cashier_system/cashier_system/msg/detail/bill__type_support.h
[15.472s] -- Installing: /home/aditi/ros2_ws/install/cashier_system/include/cashier_system/cashier_system/msg/bill.h
[15.472s] -- Installing: /home/aditi/ros2_ws/install/cashier_system/share/cashier_system/environment/library_path.sh
[15.472s] -- Installing: /home/aditi/ros2_ws/install/cashier_system/share/cashier_system/environment/library_path.dsv
[15.472s] -- Installing: /home/aditi/ros2_ws/install/cashier_system/lib/libcashier_system__rosidl_generator_c.so
[15.473s] -- Set runtime path of "/home/aditi/ros2_ws/install/cashier_system/lib/libcashier_system__rosidl_generator_c.so" to ""
[15.473s] -- Up-to-date: /home/aditi/ros2_ws/install/cashier_system/include/cashier_system/cashier_system
[15.473s] -- Up-to-date: /home/aditi/ros2_ws/install/cashier_system/include/cashier_system/cashier_system/msg
[15.473s] -- Up-to-date: /home/aditi/ros2_ws/install/cashier_system/include/cashier_system/cashier_system/msg/detail
[15.473s] -- Installing: /home/aditi/ros2_ws/install/cashier_system/include/cashier_system/cashier_system/msg/detail/bill__rosidl_typesupport_fastrtps_c.h
[15.473s] -- Installing: /home/aditi/ros2_ws/install/cashier_system/include/cashier_system/cashier_system/msg/rosidl_typesupport_fastrtps_c__visibility_control.h
[15.473s] -- Installing: /home/aditi/ros2_ws/install/cashier_system/lib/libcashier_system__rosidl_typesupport_fastrtps_c.so
[15.473s] -- Set runtime path of "/home/aditi/ros2_ws/install/cashier_system/lib/libcashier_system__rosidl_typesupport_fastrtps_c.so" to ""
[15.474s] -- Up-to-date: /home/aditi/ros2_ws/install/cashier_system/include/cashier_system/cashier_system
[15.474s] -- Up-to-date: /home/aditi/ros2_ws/install/cashier_system/include/cashier_system/cashier_system/msg
[15.474s] -- Up-to-date: /home/aditi/ros2_ws/install/cashier_system/include/cashier_system/cashier_system/msg/detail
[15.474s] -- Installing: /home/aditi/ros2_ws/install/cashier_system/include/cashier_system/cashier_system/msg/detail/bill__struct.hpp
[15.474s] -- Installing: /home/aditi/ros2_ws/install/cashier_system/include/cashier_system/cashier_system/msg/detail/bill__traits.hpp
[15.474s] -- Installing: /home/aditi/ros2_ws/install/cashier_system/include/cashier_system/cashier_system/msg/detail/bill__builder.hpp
[15.475s] -- Installing: /home/aditi/ros2_ws/install/cashier_system/include/cashier_system/cashier_system/msg/bill.hpp
[15.475s] -- Up-to-date: /home/aditi/ros2_ws/install/cashier_system/include/cashier_system/cashier_system
[15.475s] -- Up-to-date: /home/aditi/ros2_ws/install/cashier_system/include/cashier_system/cashier_system/msg
[15.475s] -- Installing: /home/aditi/ros2_ws/install/cashier_system/include/cashier_system/cashier_system/msg/rosidl_typesupport_fastrtps_cpp__visibility_control.h
[15.475s] -- Up-to-date: /home/aditi/ros2_ws/install/cashier_system/include/cashier_system/cashier_system/msg/detail
[15.475s] -- Installing: /home/aditi/ros2_ws/install/cashier_system/include/cashier_system/cashier_system/msg/detail/dds_fastrtps
[15.475s] -- Installing: /home/aditi/ros2_ws/install/cashier_system/include/cashier_system/cashier_system/msg/detail/bill__rosidl_typesupport_fastrtps_cpp.hpp
[15.476s] -- Installing: /home/aditi/ros2_ws/install/cashier_system/lib/libcashier_system__rosidl_typesupport_fastrtps_cpp.so
[15.476s] -- Set runtime path of "/home/aditi/ros2_ws/install/cashier_system/lib/libcashier_system__rosidl_typesupport_fastrtps_cpp.so" to ""
[15.476s] -- Up-to-date: /home/aditi/ros2_ws/install/cashier_system/include/cashier_system/cashier_system
[15.476s] -- Up-to-date: /home/aditi/ros2_ws/install/cashier_system/include/cashier_system/cashier_system/msg
[15.476s] -- Installing: /home/aditi/ros2_ws/install/cashier_system/include/cashier_system/cashier_system/msg/rosidl_typesupport_introspection_c__visibility_control.h
[15.476s] -- Up-to-date: /home/aditi/ros2_ws/install/cashier_system/include/cashier_system/cashier_system/msg/detail
[15.476s] -- Installing: /home/aditi/ros2_ws/install/cashier_system/include/cashier_system/cashier_system/msg/detail/bill__type_support.c
[15.477s] -- Installing: /home/aditi/ros2_ws/install/cashier_system/include/cashier_system/cashier_system/msg/detail/bill__rosidl_typesupport_introspection_c.h
[15.477s] -- Installing: /home/aditi/ros2_ws/install/cashier_system/lib/libcashier_system__rosidl_typesupport_introspection_c.so
[15.477s] -- Set runtime path of "/home/aditi/ros2_ws/install/cashier_system/lib/libcashier_system__rosidl_typesupport_introspection_c.so" to ""
[15.477s] -- Installing: /home/aditi/ros2_ws/install/cashier_system/lib/libcashier_system__rosidl_typesupport_c.so
[15.477s] -- Set runtime path of "/home/aditi/ros2_ws/install/cashier_system/lib/libcashier_system__rosidl_typesupport_c.so" to ""
[15.477s] -- Up-to-date: /home/aditi/ros2_ws/install/cashier_system/include/cashier_system/cashier_system
[15.477s] -- Up-to-date: /home/aditi/ros2_ws/install/cashier_system/include/cashier_system/cashier_system/msg
[15.477s] -- Up-to-date: /home/aditi/ros2_ws/install/cashier_system/include/cashier_system/cashier_system/msg/detail
[15.478s] -- Installing: /home/aditi/ros2_ws/install/cashier_system/include/cashier_system/cashier_system/msg/detail/bill__rosidl_typesupport_introspection_cpp.hpp
[15.478s] -- Installing: /home/aditi/ros2_ws/install/cashier_system/include/cashier_system/cashier_system/msg/detail/bill__type_support.cpp
[15.478s] -- Installing: /home/aditi/ros2_ws/install/cashier_system/lib/libcashier_system__rosidl_typesupport_introspection_cpp.so
[15.478s] -- Set runtime path of "/home/aditi/ros2_ws/install/cashier_system/lib/libcashier_system__rosidl_typesupport_introspection_cpp.so" to ""
[15.478s] -- Installing: /home/aditi/ros2_ws/install/cashier_system/lib/libcashier_system__rosidl_typesupport_cpp.so
[15.478s] -- Set runtime path of "/home/aditi/ros2_ws/install/cashier_system/lib/libcashier_system__rosidl_typesupport_cpp.so" to ""
[15.478s] -- Installing: /home/aditi/ros2_ws/install/cashier_system/share/cashier_system/environment/pythonpath.sh
[15.479s] -- Installing: /home/aditi/ros2_ws/install/cashier_system/share/cashier_system/environment/pythonpath.dsv
[15.479s] -- Installing: /home/aditi/ros2_ws/install/cashier_system/local/lib/python3.10/dist-packages/cashier_system-0.0.0-py3.10.egg-info
[15.479s] -- Installing: /home/aditi/ros2_ws/install/cashier_system/local/lib/python3.10/dist-packages/cashier_system-0.0.0-py3.10.egg-info/SOURCES.txt
[15.479s] -- Installing: /home/aditi/ros2_ws/install/cashier_system/local/lib/python3.10/dist-packages/cashier_system-0.0.0-py3.10.egg-info/top_level.txt
[15.479s] -- Installing: /home/aditi/ros2_ws/install/cashier_system/local/lib/python3.10/dist-packages/cashier_system-0.0.0-py3.10.egg-info/PKG-INFO
[15.479s] -- Installing: /home/aditi/ros2_ws/install/cashier_system/local/lib/python3.10/dist-packages/cashier_system-0.0.0-py3.10.egg-info/dependency_links.txt
[15.480s] -- Installing: /home/aditi/ros2_ws/install/cashier_system/local/lib/python3.10/dist-packages/cashier_system
[15.480s] -- Installing: /home/aditi/ros2_ws/install/cashier_system/local/lib/python3.10/dist-packages/cashier_system/libcashier_system__rosidl_generator_py.so
[15.480s] -- Installing: /home/aditi/ros2_ws/install/cashier_system/local/lib/python3.10/dist-packages/cashier_system/__init__.py
[15.480s] -- Installing: /home/aditi/ros2_ws/install/cashier_system/local/lib/python3.10/dist-packages/cashier_system/msg
[15.480s] -- Installing: /home/aditi/ros2_ws/install/cashier_system/local/lib/python3.10/dist-packages/cashier_system/msg/__init__.py
[15.480s] -- Installing: /home/aditi/ros2_ws/install/cashier_system/local/lib/python3.10/dist-packages/cashier_system/msg/_bill_s.c
[15.480s] -- Installing: /home/aditi/ros2_ws/install/cashier_system/local/lib/python3.10/dist-packages/cashier_system/msg/_bill.py
[15.480s] -- Installing: /home/aditi/ros2_ws/install/cashier_system/local/lib/python3.10/dist-packages/cashier_system/_cashier_system_s.ep.rosidl_typesupport_introspection_c.c
[15.481s] -- Installing: /home/aditi/ros2_ws/install/cashier_system/local/lib/python3.10/dist-packages/cashier_system/cashier_system_s__rosidl_typesupport_introspection_c.cpython-310-x86_64-linux-gnu.so
[15.481s] -- Installing: /home/aditi/ros2_ws/install/cashier_system/local/lib/python3.10/dist-packages/cashier_system/_cashier_system_s.ep.rosidl_typesupport_fastrtps_c.c
[15.481s] -- Installing: /home/aditi/ros2_ws/install/cashier_system/local/lib/python3.10/dist-packages/cashier_system/cashier_system_s__rosidl_typesupport_fastrtps_c.cpython-310-x86_64-linux-gnu.so
[15.481s] -- Installing: /home/aditi/ros2_ws/install/cashier_system/local/lib/python3.10/dist-packages/cashier_system/cashier_system_s__rosidl_typesupport_c.cpython-310-x86_64-linux-gnu.so
[15.481s] -- Installing: /home/aditi/ros2_ws/install/cashier_system/local/lib/python3.10/dist-packages/cashier_system/_cashier_system_s.ep.rosidl_typesupport_c.c
[15.516s] Listing '/home/aditi/ros2_ws/install/cashier_system/local/lib/python3.10/dist-packages/cashier_system'...
[15.516s] Compiling '/home/aditi/ros2_ws/install/cashier_system/local/lib/python3.10/dist-packages/cashier_system/__init__.py'...
[15.516s] Listing '/home/aditi/ros2_ws/install/cashier_system/local/lib/python3.10/dist-packages/cashier_system/msg'...
[15.516s] Compiling '/home/aditi/ros2_ws/install/cashier_system/local/lib/python3.10/dist-packages/cashier_system/msg/__init__.py'...
[15.516s] Compiling '/home/aditi/ros2_ws/install/cashier_system/local/lib/python3.10/dist-packages/cashier_system/msg/_bill.py'...
[15.520s] -- Installing: /home/aditi/ros2_ws/install/cashier_system/local/lib/python3.10/dist-packages/cashier_system/cashier_system_s__rosidl_typesupport_fastrtps_c.cpython-310-x86_64-linux-gnu.so
[15.520s] -- Set runtime path of "/home/aditi/ros2_ws/install/cashier_system/local/lib/python3.10/dist-packages/cashier_system/cashier_system_s__rosidl_typesupport_fastrtps_c.cpython-310-x86_64-linux-gnu.so" to ""
[15.520s] -- Installing: /home/aditi/ros2_ws/install/cashier_system/local/lib/python3.10/dist-packages/cashier_system/cashier_system_s__rosidl_typesupport_introspection_c.cpython-310-x86_64-linux-gnu.so
[15.521s] -- Set runtime path of "/home/aditi/ros2_ws/install/cashier_system/local/lib/python3.10/dist-packages/cashier_system/cashier_system_s__rosidl_typesupport_introspection_c.cpython-310-x86_64-linux-gnu.so" to ""
[15.521s] -- Installing: /home/aditi/ros2_ws/install/cashier_system/local/lib/python3.10/dist-packages/cashier_system/cashier_system_s__rosidl_typesupport_c.cpython-310-x86_64-linux-gnu.so
[15.521s] -- Set runtime path of "/home/aditi/ros2_ws/install/cashier_system/local/lib/python3.10/dist-packages/cashier_system/cashier_system_s__rosidl_typesupport_c.cpython-310-x86_64-linux-gnu.so" to ""
[15.522s] -- Installing: /home/aditi/ros2_ws/install/cashier_system/lib/libcashier_system__rosidl_generator_py.so
[15.522s] -- Set runtime path of "/home/aditi/ros2_ws/install/cashier_system/lib/libcashier_system__rosidl_generator_py.so" to ""
[15.522s] -- Installing: /home/aditi/ros2_ws/install/cashier_system/share/cashier_system/msg/Bill.idl
[15.522s] -- Installing: /home/aditi/ros2_ws/install/cashier_system/share/cashier_system/msg/Bill.msg
[15.522s] -- Installing: /home/aditi/ros2_ws/install/cashier_system/lib/cashier_system/publisher_node
[15.523s] -- Set runtime path of "/home/aditi/ros2_ws/install/cashier_system/lib/cashier_system/publisher_node" to ""
[15.523s] -- Installing: /home/aditi/ros2_ws/install/cashier_system/lib/cashier_system/subscriber_node
[15.527s] -- Set runtime path of "/home/aditi/ros2_ws/install/cashier_system/lib/cashier_system/subscriber_node" to ""
[15.527s] -- Installing: /home/aditi/ros2_ws/install/cashier_system/lib/cashier_system/printer_node
[15.532s] -- Set runtime path of "/home/aditi/ros2_ws/install/cashier_system/lib/cashier_system/printer_node" to ""
[15.532s] -- Installing: /home/aditi/ros2_ws/install/cashier_system/share/ament_index/resource_index/package_run_dependencies/cashier_system
[15.533s] -- Installing: /home/aditi/ros2_ws/install/cashier_system/share/ament_index/resource_index/parent_prefix_path/cashier_system
[15.533s] -- Installing: /home/aditi/ros2_ws/install/cashier_system/share/cashier_system/environment/ament_prefix_path.sh
[15.533s] -- Installing: /home/aditi/ros2_ws/install/cashier_system/share/cashier_system/environment/ament_prefix_path.dsv
[15.533s] -- Installing: /home/aditi/ros2_ws/install/cashier_system/share/cashier_system/environment/path.sh
[15.533s] -- Installing: /home/aditi/ros2_ws/install/cashier_system/share/cashier_system/environment/path.dsv
[15.533s] -- Installing: /home/aditi/ros2_ws/install/cashier_system/share/cashier_system/local_setup.bash
[15.533s] -- Installing: /home/aditi/ros2_ws/install/cashier_system/share/cashier_system/local_setup.sh
[15.533s] -- Installing: /home/aditi/ros2_ws/install/cashier_system/share/cashier_system/local_setup.zsh
[15.534s] -- Installing: /home/aditi/ros2_ws/install/cashier_system/share/cashier_system/local_setup.dsv
[15.534s] -- Installing: /home/aditi/ros2_ws/install/cashier_system/share/cashier_system/package.dsv
[15.534s] -- Installing: /home/aditi/ros2_ws/install/cashier_system/share/ament_index/resource_index/packages/cashier_system
[15.534s] -- Installing: /home/aditi/ros2_ws/install/cashier_system/share/cashier_system/cmake/export_cashier_system__rosidl_generator_cExport.cmake
[15.534s] -- Installing: /home/aditi/ros2_ws/install/cashier_system/share/cashier_system/cmake/export_cashier_system__rosidl_generator_cExport-noconfig.cmake
[15.534s] -- Installing: /home/aditi/ros2_ws/install/cashier_system/share/cashier_system/cmake/export_cashier_system__rosidl_typesupport_fastrtps_cExport.cmake
[15.534s] -- Installing: /home/aditi/ros2_ws/install/cashier_system/share/cashier_system/cmake/export_cashier_system__rosidl_typesupport_fastrtps_cExport-noconfig.cmake
[15.534s] -- Installing: /home/aditi/ros2_ws/install/cashier_system/share/cashier_system/cmake/export_cashier_system__rosidl_generator_cppExport.cmake
[15.535s] -- Installing: /home/aditi/ros2_ws/install/cashier_system/share/cashier_system/cmake/export_cashier_system__rosidl_typesupport_fastrtps_cppExport.cmake
[15.535s] -- Installing: /home/aditi/ros2_ws/install/cashier_system/share/cashier_system/cmake/export_cashier_system__rosidl_typesupport_fastrtps_cppExport-noconfig.cmake
[15.535s] -- Installing: /home/aditi/ros2_ws/install/cashier_system/share/cashier_system/cmake/cashier_system__rosidl_typesupport_introspection_cExport.cmake
[15.535s] -- Installing: /home/aditi/ros2_ws/install/cashier_system/share/cashier_system/cmake/cashier_system__rosidl_typesupport_introspection_cExport-noconfig.cmake
[15.535s] -- Installing: /home/aditi/ros2_ws/install/cashier_system/share/cashier_system/cmake/cashier_system__rosidl_typesupport_cExport.cmake
[15.535s] -- Installing: /home/aditi/ros2_ws/install/cashier_system/share/cashier_system/cmake/cashier_system__rosidl_typesupport_cExport-noconfig.cmake
[15.535s] -- Installing: /home/aditi/ros2_ws/install/cashier_system/share/cashier_system/cmake/cashier_system__rosidl_typesupport_introspection_cppExport.cmake
[15.536s] -- Installing: /home/aditi/ros2_ws/install/cashier_system/share/cashier_system/cmake/cashier_system__rosidl_typesupport_introspection_cppExport-noconfig.cmake
[15.536s] -- Installing: /home/aditi/ros2_ws/install/cashier_system/share/cashier_system/cmake/cashier_system__rosidl_typesupport_cppExport.cmake
[15.536s] -- Installing: /home/aditi/ros2_ws/install/cashier_system/share/cashier_system/cmake/cashier_system__rosidl_typesupport_cppExport-noconfig.cmake
[15.536s] -- Installing: /home/aditi/ros2_ws/install/cashier_system/share/cashier_system/cmake/export_cashier_system__rosidl_generator_pyExport.cmake
[15.536s] -- Installing: /home/aditi/ros2_ws/install/cashier_system/share/cashier_system/cmake/export_cashier_system__rosidl_generator_pyExport-noconfig.cmake
[15.536s] -- Installing: /home/aditi/ros2_ws/install/cashier_system/share/cashier_system/cmake/rosidl_cmake-extras.cmake
[15.536s] -- Installing: /home/aditi/ros2_ws/install/cashier_system/share/cashier_system/cmake/ament_cmake_export_dependencies-extras.cmake
[15.536s] -- Installing: /home/aditi/ros2_ws/install/cashier_system/share/cashier_system/cmake/ament_cmake_export_include_directories-extras.cmake
[15.537s] -- Installing: /home/aditi/ros2_ws/install/cashier_system/share/cashier_system/cmake/ament_cmake_export_libraries-extras.cmake
[15.537s] -- Installing: /home/aditi/ros2_ws/install/cashier_system/share/cashier_system/cmake/ament_cmake_export_targets-extras.cmake
[15.537s] -- Installing: /home/aditi/ros2_ws/install/cashier_system/share/cashier_system/cmake/rosidl_cmake_export_typesupport_targets-extras.cmake
[15.537s] -- Installing: /home/aditi/ros2_ws/install/cashier_system/share/cashier_system/cmake/rosidl_cmake_export_typesupport_libraries-extras.cmake
[15.537s] -- Installing: /home/aditi/ros2_ws/install/cashier_system/share/cashier_system/cmake/cashier_systemConfig.cmake
[15.537s] -- Installing: /home/aditi/ros2_ws/install/cashier_system/share/cashier_system/cmake/cashier_systemConfig-version.cmake
[15.537s] -- Installing: /home/aditi/ros2_ws/install/cashier_system/share/cashier_system/package.xml
[15.540s] Invoked command in '/home/aditi/ros2_ws/build/cashier_system' returned '0': CMAKE_PREFIX_PATH=${CMAKE_PREFIX_PATH}:/opt/ros/humble /usr/bin/cmake --install /home/aditi/ros2_ws/build/cashier_system
