running egg_info
writing ../build/leo_nodes/leo_nodes.egg-info/PKG-INFO
writing dependency_links to ../build/leo_nodes/leo_nodes.egg-info/dependency_links.txt
writing entry points to ../build/leo_nodes/leo_nodes.egg-info/entry_points.txt
writing requirements to ../build/leo_nodes/leo_nodes.egg-info/requires.txt
writing top-level names to ../build/leo_nodes/leo_nodes.egg-info/top_level.txt
reading manifest file '../build/leo_nodes/leo_nodes.egg-info/SOURCES.txt'
writing manifest file '../build/leo_nodes/leo_nodes.egg-info/SOURCES.txt'
running build
running build_py
running install
running install_lib
running install_data
running install_egg_info
removing '/home/aditi/ERC/install/leo_nodes/lib/python3.10/site-packages/leo_nodes-0.0.0-py3.10.egg-info' (and everything under it)
Copying ../build/leo_nodes/leo_nodes.egg-info to /home/aditi/ERC/install/leo_nodes/lib/python3.10/site-packages/leo_nodes-0.0.0-py3.10.egg-info
running install_scripts
Installing cmd_vel_relay script to /home/aditi/ERC/install/leo_nodes/lib/leo_nodes
Installing ground_truth_filter script to /home/aditi/ERC/install/leo_nodes/lib/leo_nodes
Installing odom_compat_node script to /home/aditi/ERC/install/leo_nodes/lib/leo_nodes
Installing pdu_node script to /home/aditi/ERC/install/leo_nodes/lib/leo_nodes
Installing zed2_imu_transform_broadcaster script to /home/aditi/ERC/install/leo_nodes/lib/leo_nodes
Installing zed2_imu_transform_publisher script to /home/aditi/ERC/install/leo_nodes/lib/leo_nodes
writing list of installed files to '/home/aditi/ERC/build/leo_nodes/install.log'
