running egg_info
creating ../build/leo_nodes/leo_nodes.egg-info
writing ../build/leo_nodes/leo_nodes.egg-info/PKG-INFO
writing dependency_links to ../build/leo_nodes/leo_nodes.egg-info/dependency_links.txt
writing entry points to ../build/leo_nodes/leo_nodes.egg-info/entry_points.txt
writing requirements to ../build/leo_nodes/leo_nodes.egg-info/requires.txt
writing top-level names to ../build/leo_nodes/leo_nodes.egg-info/top_level.txt
writing manifest file '../build/leo_nodes/leo_nodes.egg-info/SOURCES.txt'
reading manifest file '../build/leo_nodes/leo_nodes.egg-info/SOURCES.txt'
writing manifest file '../build/leo_nodes/leo_nodes.egg-info/SOURCES.txt'
running build
running build_py
creating /home/aditi/ERC/build/leo_nodes/build
creating /home/aditi/ERC/build/leo_nodes/build/lib
creating /home/aditi/ERC/build/leo_nodes/build/lib/leo_nodes
copying leo_nodes/zed2_imu_transform_publisher.py -> /home/aditi/ERC/build/leo_nodes/build/lib/leo_nodes
copying leo_nodes/__init__.py -> /home/aditi/ERC/build/leo_nodes/build/lib/leo_nodes
copying leo_nodes/odom_compat_node.py -> /home/aditi/ERC/build/leo_nodes/build/lib/leo_nodes
copying leo_nodes/pdu_node.py -> /home/aditi/ERC/build/leo_nodes/build/lib/leo_nodes
copying leo_nodes/ground_truth_filter.py -> /home/aditi/ERC/build/leo_nodes/build/lib/leo_nodes
copying leo_nodes/cmd_vel_relay.py -> /home/aditi/ERC/build/leo_nodes/build/lib/leo_nodes
copying leo_nodes/zed2_imu_transform_broadcaster.py -> /home/aditi/ERC/build/leo_nodes/build/lib/leo_nodes
running install
running install_lib
creating /home/aditi/ERC/install/leo_nodes/lib/python3.10/site-packages/leo_nodes
copying /home/aditi/ERC/build/leo_nodes/build/lib/leo_nodes/zed2_imu_transform_publisher.py -> /home/aditi/ERC/install/leo_nodes/lib/python3.10/site-packages/leo_nodes
copying /home/aditi/ERC/build/leo_nodes/build/lib/leo_nodes/__init__.py -> /home/aditi/ERC/install/leo_nodes/lib/python3.10/site-packages/leo_nodes
copying /home/aditi/ERC/build/leo_nodes/build/lib/leo_nodes/odom_compat_node.py -> /home/aditi/ERC/install/leo_nodes/lib/python3.10/site-packages/leo_nodes
copying /home/aditi/ERC/build/leo_nodes/build/lib/leo_nodes/pdu_node.py -> /home/aditi/ERC/install/leo_nodes/lib/python3.10/site-packages/leo_nodes
copying /home/aditi/ERC/build/leo_nodes/build/lib/leo_nodes/ground_truth_filter.py -> /home/aditi/ERC/install/leo_nodes/lib/python3.10/site-packages/leo_nodes
copying /home/aditi/ERC/build/leo_nodes/build/lib/leo_nodes/cmd_vel_relay.py -> /home/aditi/ERC/install/leo_nodes/lib/python3.10/site-packages/leo_nodes
copying /home/aditi/ERC/build/leo_nodes/build/lib/leo_nodes/zed2_imu_transform_broadcaster.py -> /home/aditi/ERC/install/leo_nodes/lib/python3.10/site-packages/leo_nodes
byte-compiling /home/aditi/ERC/install/leo_nodes/lib/python3.10/site-packages/leo_nodes/zed2_imu_transform_publisher.py to zed2_imu_transform_publisher.cpython-310.pyc
byte-compiling /home/aditi/ERC/install/leo_nodes/lib/python3.10/site-packages/leo_nodes/__init__.py to __init__.cpython-310.pyc
byte-compiling /home/aditi/ERC/install/leo_nodes/lib/python3.10/site-packages/leo_nodes/odom_compat_node.py to odom_compat_node.cpython-310.pyc
byte-compiling /home/aditi/ERC/install/leo_nodes/lib/python3.10/site-packages/leo_nodes/pdu_node.py to pdu_node.cpython-310.pyc
byte-compiling /home/aditi/ERC/install/leo_nodes/lib/python3.10/site-packages/leo_nodes/ground_truth_filter.py to ground_truth_filter.cpython-310.pyc
byte-compiling /home/aditi/ERC/install/leo_nodes/lib/python3.10/site-packages/leo_nodes/cmd_vel_relay.py to cmd_vel_relay.cpython-310.pyc
byte-compiling /home/aditi/ERC/install/leo_nodes/lib/python3.10/site-packages/leo_nodes/zed2_imu_transform_broadcaster.py to zed2_imu_transform_broadcaster.cpython-310.pyc
running install_data
creating /home/aditi/ERC/install/leo_nodes/share/ament_index
creating /home/aditi/ERC/install/leo_nodes/share/ament_index/resource_index
creating /home/aditi/ERC/install/leo_nodes/share/ament_index/resource_index/packages
copying resource/leo_nodes -> /home/aditi/ERC/install/leo_nodes/share/ament_index/resource_index/packages
copying package.xml -> /home/aditi/ERC/install/leo_nodes/share/leo_nodes
running install_egg_info
Copying ../build/leo_nodes/leo_nodes.egg-info to /home/aditi/ERC/install/leo_nodes/lib/python3.10/site-packages/leo_nodes-0.0.0-py3.10.egg-info
running install_scripts
Installing cmd_vel_relay script to /home/aditi/ERC/install/leo_nodes/lib/leo_nodes
Installing ground_truth_filter script to /home/aditi/ERC/install/leo_nodes/lib/leo_nodes
Installing odom_compat_node script to /home/aditi/ERC/install/leo_nodes/lib/leo_nodes
Installing pdu_node script to /home/aditi/ERC/install/leo_nodes/lib/leo_nodes
Installing zed2_imu_transform_broadcaster script to /home/aditi/ERC/install/leo_nodes/lib/leo_nodes
Installing zed2_imu_transform_publisher script to /home/aditi/ERC/install/leo_nodes/lib/leo_nodes
writing list of installed files to '/home/aditi/ERC/build/leo_nodes/install.log'
