[0.117s] DEBUG:colcon:Command line arguments: ['/usr/bin/colcon', 'build', '--packages-select', 'pcl_ground_removal']
[0.118s] DEBUG:colcon:Parsed command line arguments: Namespace(log_base=None, log_level=None, verb_name='build', build_base='build', install_base='install', merge_install=False, symlink_install=False, test_result_base=None, continue_on_error=False, executor='parallel', parallel_workers=8, event_handlers=None, ignore_user_meta=False, metas=['./colcon.meta'], base_paths=['.'], packages_ignore=None, packages_ignore_regex=None, paths=None, packages_up_to=None, packages_up_to_regex=None, packages_above=None, packages_above_and_dependencies=None, packages_above_depth=None, packages_select_by_dep=None, packages_skip_by_dep=None, packages_skip_up_to=None, packages_select_build_failed=False, packages_skip_build_finished=False, packages_select_test_failures=False, packages_skip_test_passed=False, packages_select=['pcl_ground_removal'], packages_skip=None, packages_select_regex=None, packages_skip_regex=None, packages_start=None, packages_end=None, allow_overriding=[], cmake_args=None, cmake_target=None, cmake_target_skip_unavailable=False, cmake_clean_cache=False, cmake_clean_first=False, cmake_force_configure=False, ament_cmake_args=None, catkin_cmake_args=None, catkin_skip_building_tests=False, mixin_files=None, mixin=None, verb_parser=<colcon_mixin.mixin.mixin_argument.MixinArgumentDecorator object at 0x77e442752c20>, verb_extension=<colcon_core.verb.build.BuildVerb object at 0x77e442752590>, main=<bound method BuildVerb.main of <colcon_core.verb.build.BuildVerb object at 0x77e442752590>>, mixin_verb=('build',))
[0.320s] Level 1:colcon.colcon_core.package_discovery:discover_packages(colcon_meta) check parameters
[0.320s] Level 1:colcon.colcon_core.package_discovery:discover_packages(recursive) check parameters
[0.320s] Level 1:colcon.colcon_core.package_discovery:discover_packages(ignore) check parameters
[0.320s] Level 1:colcon.colcon_core.package_discovery:discover_packages(path) check parameters
[0.320s] Level 1:colcon.colcon_core.package_discovery:discover_packages(colcon_meta) discover
[0.320s] Level 1:colcon.colcon_core.package_discovery:discover_packages(recursive) discover
[0.320s] INFO:colcon.colcon_core.package_discovery:Crawling recursively for packages in '/home/aditi/ERC/pcl_ground_removal'
[0.320s] Level 1:colcon.colcon_core.package_identification:_identify(.) by extensions ['ignore', 'ignore_ament_install']
[0.320s] Level 1:colcon.colcon_core.package_identification:_identify(.) by extension 'ignore'
[0.321s] Level 1:colcon.colcon_core.package_identification:_identify(.) by extension 'ignore_ament_install'
[0.321s] Level 1:colcon.colcon_core.package_identification:_identify(.) by extensions ['colcon_pkg']
[0.321s] Level 1:colcon.colcon_core.package_identification:_identify(.) by extension 'colcon_pkg'
[0.321s] Level 1:colcon.colcon_core.package_identification:_identify(.) by extensions ['colcon_meta']
[0.321s] Level 1:colcon.colcon_core.package_identification:_identify(.) by extension 'colcon_meta'
[0.321s] Level 1:colcon.colcon_core.package_identification:_identify(.) by extensions ['ros']
[0.321s] Level 1:colcon.colcon_core.package_identification:_identify(.) by extension 'ros'
[0.339s] DEBUG:colcon.colcon_core.package_identification:Package '.' with type 'ros.catkin' and name 'pcl_ground_removal'
[0.339s] Level 1:colcon.colcon_core.package_discovery:discover_packages(recursive) using defaults
[0.339s] Level 1:colcon.colcon_core.package_discovery:discover_packages(ignore) discover
[0.339s] Level 1:colcon.colcon_core.package_discovery:discover_packages(ignore) using defaults
[0.339s] Level 1:colcon.colcon_core.package_discovery:discover_packages(path) discover
[0.339s] Level 1:colcon.colcon_core.package_discovery:discover_packages(path) using defaults
[0.370s] Level 1:colcon.colcon_core.package_discovery:discover_packages(prefix_path) check parameters
[0.370s] Level 1:colcon.colcon_core.package_discovery:discover_packages(prefix_path) discover
[0.373s] DEBUG:colcon.colcon_installed_package_information.package_discovery:Found 3 installed packages in /home/aditi/ERC/install
[0.375s] DEBUG:colcon.colcon_installed_package_information.package_discovery:Found 359 installed packages in /opt/ros/humble
[0.377s] Level 1:colcon.colcon_core.package_discovery:discover_packages(prefix_path) using defaults
[0.425s] Level 5:colcon.colcon_core.verb:set package 'pcl_ground_removal' build argument 'cmake_args' from command line to 'None'
[0.425s] Level 5:colcon.colcon_core.verb:set package 'pcl_ground_removal' build argument 'cmake_target' from command line to 'None'
[0.425s] Level 5:colcon.colcon_core.verb:set package 'pcl_ground_removal' build argument 'cmake_target_skip_unavailable' from command line to 'False'
[0.425s] Level 5:colcon.colcon_core.verb:set package 'pcl_ground_removal' build argument 'cmake_clean_cache' from command line to 'False'
[0.425s] Level 5:colcon.colcon_core.verb:set package 'pcl_ground_removal' build argument 'cmake_clean_first' from command line to 'False'
[0.425s] Level 5:colcon.colcon_core.verb:set package 'pcl_ground_removal' build argument 'cmake_force_configure' from command line to 'False'
[0.425s] Level 5:colcon.colcon_core.verb:set package 'pcl_ground_removal' build argument 'ament_cmake_args' from command line to 'None'
[0.425s] Level 5:colcon.colcon_core.verb:set package 'pcl_ground_removal' build argument 'catkin_cmake_args' from command line to 'None'
[0.425s] Level 5:colcon.colcon_core.verb:set package 'pcl_ground_removal' build argument 'catkin_skip_building_tests' from command line to 'False'
[0.425s] DEBUG:colcon.colcon_core.verb:Building package 'pcl_ground_removal' with the following arguments: {'ament_cmake_args': None, 'build_base': '/home/aditi/ERC/pcl_ground_removal/build/pcl_ground_removal', 'catkin_cmake_args': None, 'catkin_skip_building_tests': False, 'cmake_args': None, 'cmake_clean_cache': False, 'cmake_clean_first': False, 'cmake_force_configure': False, 'cmake_target': None, 'cmake_target_skip_unavailable': False, 'install_base': '/home/aditi/ERC/pcl_ground_removal/install/pcl_ground_removal', 'merge_install': False, 'path': '/home/aditi/ERC/pcl_ground_removal', 'symlink_install': False, 'test_result_base': None}
[0.426s] INFO:colcon.colcon_core.executor:Executing jobs using 'parallel' executor
[0.426s] DEBUG:colcon.colcon_parallel_executor.executor.parallel:run_until_complete
[0.427s] INFO:colcon.colcon_ros.task.catkin.build:Building ROS package in '/home/aditi/ERC/pcl_ground_removal' with build type 'catkin'
[0.427s] INFO:colcon.colcon_cmake.task.cmake.build:Building CMake package in '/home/aditi/ERC/pcl_ground_removal'
[0.429s] INFO:colcon.colcon_core.plugin_system:Skipping extension 'colcon_core.shell.bat': Not used on non-Windows systems
[0.429s] INFO:colcon.colcon_core.shell:Skip shell extension 'powershell' for command environment: Not usable outside of PowerShell
[0.429s] DEBUG:colcon.colcon_core.shell:Skip shell extension 'dsv' for command environment
[0.438s] DEBUG:colcon.colcon_core.event_handler.log_command:Invoking command in '/home/aditi/ERC/pcl_ground_removal/build/pcl_ground_removal': /usr/bin/cmake --build /home/aditi/ERC/pcl_ground_removal/build/pcl_ground_removal -- -j8 -l8
[18.118s] DEBUG:colcon.colcon_core.event_handler.log_command:Invoked command in '/home/aditi/ERC/pcl_ground_removal/build/pcl_ground_removal' returned '2': /usr/bin/cmake --build /home/aditi/ERC/pcl_ground_removal/build/pcl_ground_removal -- -j8 -l8
[18.150s] Level 1:colcon.colcon_core.shell:create_environment_hook('pcl_ground_removal', 'ros_package_path')
[18.151s] INFO:colcon.colcon_core.shell:Creating environment hook '/home/aditi/ERC/pcl_ground_removal/install/pcl_ground_removal/share/pcl_ground_removal/hook/ros_package_path.ps1'
[18.152s] INFO:colcon.colcon_core.shell:Creating environment descriptor '/home/aditi/ERC/pcl_ground_removal/install/pcl_ground_removal/share/pcl_ground_removal/hook/ros_package_path.dsv'
[18.152s] INFO:colcon.colcon_core.shell:Creating environment hook '/home/aditi/ERC/pcl_ground_removal/install/pcl_ground_removal/share/pcl_ground_removal/hook/ros_package_path.sh'
[18.153s] Level 1:colcon.colcon_core.shell:create_environment_hook('pcl_ground_removal', 'pkg_config_path')
[18.153s] INFO:colcon.colcon_core.shell:Creating environment hook '/home/aditi/ERC/pcl_ground_removal/install/pcl_ground_removal/share/pcl_ground_removal/hook/pkg_config_path.ps1'
[18.154s] INFO:colcon.colcon_core.shell:Creating environment descriptor '/home/aditi/ERC/pcl_ground_removal/install/pcl_ground_removal/share/pcl_ground_removal/hook/pkg_config_path.dsv'
[18.154s] INFO:colcon.colcon_core.shell:Creating environment hook '/home/aditi/ERC/pcl_ground_removal/install/pcl_ground_removal/share/pcl_ground_removal/hook/pkg_config_path.sh'
[18.156s] Level 1:colcon.colcon_core.shell:create_environment_hook('pcl_ground_removal', 'pkg_config_path_multiarch')
[18.156s] INFO:colcon.colcon_core.shell:Creating environment hook '/home/aditi/ERC/pcl_ground_removal/install/pcl_ground_removal/share/pcl_ground_removal/hook/pkg_config_path_multiarch.ps1'
[18.157s] INFO:colcon.colcon_core.shell:Creating environment descriptor '/home/aditi/ERC/pcl_ground_removal/install/pcl_ground_removal/share/pcl_ground_removal/hook/pkg_config_path_multiarch.dsv'
[18.157s] INFO:colcon.colcon_core.shell:Creating environment hook '/home/aditi/ERC/pcl_ground_removal/install/pcl_ground_removal/share/pcl_ground_removal/hook/pkg_config_path_multiarch.sh'
[18.160s] Level 1:colcon.colcon_core.environment:create_environment_scripts_only(pcl_ground_removal)
[18.163s] Level 1:colcon.colcon_core.environment:checking '/home/aditi/ERC/pcl_ground_removal/install/pcl_ground_removal' for CMake module files
[18.164s] Level 1:colcon.colcon_core.environment:checking '/home/aditi/ERC/pcl_ground_removal/install/pcl_ground_removal' for CMake config files
[18.164s] Level 1:colcon.colcon_core.environment:checking '/home/aditi/ERC/pcl_ground_removal/install/pcl_ground_removal/bin'
[18.164s] Level 1:colcon.colcon_core.environment:checking '/home/aditi/ERC/pcl_ground_removal/install/pcl_ground_removal/lib/pkgconfig/pcl_ground_removal.pc'
[18.165s] Level 1:colcon.colcon_core.environment:checking '/home/aditi/ERC/pcl_ground_removal/install/pcl_ground_removal/lib/python3.10/site-packages'
[18.165s] Level 1:colcon.colcon_core.environment:checking '/home/aditi/ERC/pcl_ground_removal/install/pcl_ground_removal/bin'
[18.165s] INFO:colcon.colcon_core.shell:Creating package script '/home/aditi/ERC/pcl_ground_removal/install/pcl_ground_removal/share/pcl_ground_removal/package.ps1'
[18.166s] INFO:colcon.colcon_core.shell:Creating package descriptor '/home/aditi/ERC/pcl_ground_removal/install/pcl_ground_removal/share/pcl_ground_removal/package.dsv'
[18.167s] INFO:colcon.colcon_core.shell:Creating package script '/home/aditi/ERC/pcl_ground_removal/install/pcl_ground_removal/share/pcl_ground_removal/package.sh'
[18.168s] INFO:colcon.colcon_core.shell:Creating package script '/home/aditi/ERC/pcl_ground_removal/install/pcl_ground_removal/share/pcl_ground_removal/package.bash'
[18.169s] INFO:colcon.colcon_core.shell:Creating package script '/home/aditi/ERC/pcl_ground_removal/install/pcl_ground_removal/share/pcl_ground_removal/package.zsh'
[18.170s] Level 1:colcon.colcon_core.environment:create_file_with_runtime_dependencies(/home/aditi/ERC/pcl_ground_removal/install/pcl_ground_removal/share/colcon-core/packages/pcl_ground_removal)
[18.180s] DEBUG:colcon.colcon_parallel_executor.executor.parallel:closing loop
[18.180s] DEBUG:colcon.colcon_parallel_executor.executor.parallel:loop closed
[18.180s] DEBUG:colcon.colcon_parallel_executor.executor.parallel:run_until_complete finished with '2'
[18.181s] DEBUG:colcon.colcon_core.event_reactor:joining thread
[18.187s] INFO:colcon.colcon_core.plugin_system:Skipping extension 'colcon_notification.desktop_notification.terminal_notifier': Not used on non-Darwin systems
[18.187s] INFO:colcon.colcon_core.plugin_system:Skipping extension 'colcon_notification.desktop_notification.win32': Not used on non-Windows systems
[18.187s] INFO:colcon.colcon_notification.desktop_notification:Sending desktop notification using 'notify2'
[18.199s] DEBUG:colcon.colcon_core.event_reactor:joined thread
[18.200s] INFO:colcon.colcon_core.shell:Creating prefix script '/home/aditi/ERC/pcl_ground_removal/install/local_setup.ps1'
[18.201s] INFO:colcon.colcon_core.shell:Creating prefix util module '/home/aditi/ERC/pcl_ground_removal/install/_local_setup_util_ps1.py'
[18.202s] INFO:colcon.colcon_core.shell:Creating prefix chain script '/home/aditi/ERC/pcl_ground_removal/install/setup.ps1'
[18.204s] INFO:colcon.colcon_core.shell:Creating prefix script '/home/aditi/ERC/pcl_ground_removal/install/local_setup.sh'
[18.205s] INFO:colcon.colcon_core.shell:Creating prefix util module '/home/aditi/ERC/pcl_ground_removal/install/_local_setup_util_sh.py'
[18.205s] INFO:colcon.colcon_core.shell:Creating prefix chain script '/home/aditi/ERC/pcl_ground_removal/install/setup.sh'
[18.207s] INFO:colcon.colcon_core.shell:Creating prefix script '/home/aditi/ERC/pcl_ground_removal/install/local_setup.bash'
[18.207s] INFO:colcon.colcon_core.shell:Creating prefix chain script '/home/aditi/ERC/pcl_ground_removal/install/setup.bash'
[18.208s] INFO:colcon.colcon_core.shell:Creating prefix script '/home/aditi/ERC/pcl_ground_removal/install/local_setup.zsh'
[18.209s] INFO:colcon.colcon_core.shell:Creating prefix chain script '/home/aditi/ERC/pcl_ground_removal/install/setup.zsh'
