[5.356s] Invoking command in '/home/aditi/ERC/leo_worlds': PYTHONPATH=/home/aditi/ERC/build/leo_worlds/prefix_override:/home/aditi/ERC/install/leo_worlds/lib/python3.10/site-packages:${PYTHONPATH} /usr/bin/python3 -W ignore:setup.py install is deprecated setup.py egg_info --egg-base ../build/leo_worlds build --build-base /home/aditi/ERC/build/leo_worlds/build install --record /home/aditi/ERC/build/leo_worlds/install.log --single-version-externally-managed install_data
[6.727s] running egg_info
[6.731s] writing ../build/leo_worlds/leo_worlds.egg-info/PKG-INFO
[6.732s] writing dependency_links to ../build/leo_worlds/leo_worlds.egg-info/dependency_links.txt
[6.733s] writing entry points to ../build/leo_worlds/leo_worlds.egg-info/entry_points.txt
[6.733s] writing requirements to ../build/leo_worlds/leo_worlds.egg-info/requires.txt
[6.734s] writing top-level names to ../build/leo_worlds/leo_worlds.egg-info/top_level.txt
[6.744s] reading manifest file '../build/leo_worlds/leo_worlds.egg-info/SOURCES.txt'
[6.749s] writing manifest file '../build/leo_worlds/leo_worlds.egg-info/SOURCES.txt'
[6.750s] running build
[6.750s] running build_py
[6.751s] running install
[6.752s] running install_lib
[6.757s] running install_data
[6.758s] running install_egg_info
[6.767s] removing '/home/aditi/ERC/install/leo_worlds/lib/python3.10/site-packages/leo_worlds-0.0.0-py3.10.egg-info' (and everything under it)
[6.769s] Copying ../build/leo_worlds/leo_worlds.egg-info to /home/aditi/ERC/install/leo_worlds/lib/python3.10/site-packages/leo_worlds-0.0.0-py3.10.egg-info
[6.773s] running install_scripts
[6.882s] writing list of installed files to '/home/aditi/ERC/build/leo_worlds/install.log'
[6.980s] Invoked command in '/home/aditi/ERC/leo_worlds' returned '0': PYTHONPATH=/home/aditi/ERC/build/leo_worlds/prefix_override:/home/aditi/ERC/install/leo_worlds/lib/python3.10/site-packages:${PYTHONPATH} /usr/bin/python3 -W ignore:setup.py install is deprecated setup.py egg_info --egg-base ../build/leo_worlds build --build-base /home/aditi/ERC/build/leo_worlds/build install --record /home/aditi/ERC/build/leo_worlds/install.log --single-version-externally-managed install_data
