[5.070s] Invoking command in '/home/aditi/ERC/leo_worlds': PYTHONPATH=/home/aditi/ERC/build/leo_worlds/prefix_override:/home/aditi/ERC/install/leo_worlds/lib/python3.10/site-packages:${PYTHONPATH} /usr/bin/python3 -W ignore:setup.py install is deprecated setup.py egg_info --egg-base ../build/leo_worlds build --build-base /home/aditi/ERC/build/leo_worlds/build install --record /home/aditi/ERC/build/leo_worlds/install.log --single-version-externally-managed install_data
[6.451s] running egg_info
[6.454s] writing ../build/leo_worlds/leo_worlds.egg-info/PKG-INFO
[6.455s] writing dependency_links to ../build/leo_worlds/leo_worlds.egg-info/dependency_links.txt
[6.455s] writing entry points to ../build/leo_worlds/leo_worlds.egg-info/entry_points.txt
[6.456s] writing requirements to ../build/leo_worlds/leo_worlds.egg-info/requires.txt
[6.457s] writing top-level names to ../build/leo_worlds/leo_worlds.egg-info/top_level.txt
[6.464s] reading manifest file '../build/leo_worlds/leo_worlds.egg-info/SOURCES.txt'
[6.467s] writing manifest file '../build/leo_worlds/leo_worlds.egg-info/SOURCES.txt'
[6.468s] running build
[6.468s] running build_py
[6.469s] running install
[6.470s] running install_lib
[6.475s] running install_data
[6.476s] running install_egg_info
[6.484s] removing '/home/aditi/ERC/install/leo_worlds/lib/python3.10/site-packages/leo_worlds-0.0.0-py3.10.egg-info' (and everything under it)
[6.486s] Copying ../build/leo_worlds/leo_worlds.egg-info to /home/aditi/ERC/install/leo_worlds/lib/python3.10/site-packages/leo_worlds-0.0.0-py3.10.egg-info
[6.490s] running install_scripts
[6.575s] writing list of installed files to '/home/aditi/ERC/build/leo_worlds/install.log'
[6.673s] Invoked command in '/home/aditi/ERC/leo_worlds' returned '0': PYTHONPATH=/home/aditi/ERC/build/leo_worlds/prefix_override:/home/aditi/ERC/install/leo_worlds/lib/python3.10/site-packages:${PYTHONPATH} /usr/bin/python3 -W ignore:setup.py install is deprecated setup.py egg_info --egg-base ../build/leo_worlds build --build-base /home/aditi/ERC/build/leo_worlds/build install --record /home/aditi/ERC/build/leo_worlds/install.log --single-version-externally-managed install_data
