[1.569s] Invoking command in '/home/aditi/ERC/leo_worlds': PYTHONPATH=/home/aditi/ERC/build/leo_worlds/prefix_override:/home/aditi/ERC/install/leo_worlds/lib/python3.10/site-packages:${PYTHONPATH} /usr/bin/python3 -W ignore:setup.py install is deprecated setup.py egg_info --egg-base ../build/leo_worlds build --build-base /home/aditi/ERC/build/leo_worlds/build install --record /home/aditi/ERC/build/leo_worlds/install.log --single-version-externally-managed install_data
[1.963s] running egg_info
[1.963s] writing ../build/leo_worlds/leo_worlds.egg-info/PKG-INFO
[1.964s] writing dependency_links to ../build/leo_worlds/leo_worlds.egg-info/dependency_links.txt
[1.964s] writing entry points to ../build/leo_worlds/leo_worlds.egg-info/entry_points.txt
[1.964s] writing requirements to ../build/leo_worlds/leo_worlds.egg-info/requires.txt
[1.964s] writing top-level names to ../build/leo_worlds/leo_worlds.egg-info/top_level.txt
[1.966s] reading manifest file '../build/leo_worlds/leo_worlds.egg-info/SOURCES.txt'
[1.967s] writing manifest file '../build/leo_worlds/leo_worlds.egg-info/SOURCES.txt'
[1.968s] running build
[1.968s] running build_py
[1.968s] running install
[1.968s] running install_lib
[1.969s] running install_data
[1.970s] running install_egg_info
[1.972s] removing '/home/aditi/ERC/install/leo_worlds/lib/python3.10/site-packages/leo_worlds-0.0.0-py3.10.egg-info' (and everything under it)
[1.972s] Copying ../build/leo_worlds/leo_worlds.egg-info to /home/aditi/ERC/install/leo_worlds/lib/python3.10/site-packages/leo_worlds-0.0.0-py3.10.egg-info
[1.974s] running install_scripts
[1.999s] writing list of installed files to '/home/aditi/ERC/build/leo_worlds/install.log'
[2.066s] Invoked command in '/home/aditi/ERC/leo_worlds' returned '0': PYTHONPATH=/home/aditi/ERC/build/leo_worlds/prefix_override:/home/aditi/ERC/install/leo_worlds/lib/python3.10/site-packages:${PYTHONPATH} /usr/bin/python3 -W ignore:setup.py install is deprecated setup.py egg_info --egg-base ../build/leo_worlds build --build-base /home/aditi/ERC/build/leo_worlds/build install --record /home/aditi/ERC/build/leo_worlds/install.log --single-version-externally-managed install_data
