[0.009s] Invoking command in '/home/aditi/ros2_ws/build/cashier_system': CMAKE_PREFIX_PATH=/opt/ros/humble /usr/bin/cmake --build /home/aditi/ros2_ws/build/cashier_system -- -j8 -l8
[0.033s] -- Found ament_cmake: 1.3.9 (/opt/ros/humble/share/ament_cmake/cmake)
[0.150s] -- Found rclcpp: 16.0.9 (/opt/ros/humble/share/rclcpp/cmake)
[0.179s] -- Found rosidl_generator_c: 3.1.5 (/opt/ros/humble/share/rosidl_generator_c/cmake)
[0.181s] -- Found rosidl_adapter: 3.1.5 (/opt/ros/humble/share/rosidl_adapter/cmake)
[0.187s] -- Found rosidl_generator_cpp: 3.1.5 (/opt/ros/humble/share/rosidl_generator_cpp/cmake)
[0.197s] -- Using all available rosidl_typesupport_c: rosidl_typesupport_fastrtps_c;rosidl_typesupport_introspection_c
[0.213s] -- Using all available rosidl_typesupport_cpp: rosidl_typesupport_fastrtps_cpp;rosidl_typesupport_introspection_cpp
[0.270s] -- Found rmw_implementation_cmake: 6.1.2 (/opt/ros/humble/share/rmw_implementation_cmake/cmake)
[0.271s] -- Found rmw_fastrtps_cpp: 6.2.6 (/opt/ros/humble/share/rmw_fastrtps_cpp/cmake)
[0.390s] -- Using RMW implementation 'rmw_fastrtps_cpp' as default
[0.547s] -- Found rosidl_default_generators: 1.2.0 (/opt/ros/humble/share/rosidl_default_generators/cmake)
[0.722s] [31mCMake Error at /opt/ros/humble/share/rosidl_cmake/cmake/rosidl_generate_interfaces.cmake:229 (message):
[0.722s]   Packages installing interfaces must include
[0.723s]   '<member_of_group>rosidl_interface_packages</member_of_group>' in their
[0.723s]   package.xml
[0.723s] Call Stack (most recent call first):
[0.723s]   CMakeLists.txt:21 (rosidl_generate_interfaces)
[0.723s] 
[0.723s] [0m
[0.723s] -- Configuring incomplete, errors occurred!
[0.723s] See also "/home/aditi/ros2_ws/build/cashier_system/CMakeFiles/CMakeOutput.log".
[0.731s] gmake: *** [Makefile:349: cmake_check_build_system] Error 1
[0.734s] Invoked command in '/home/aditi/ros2_ws/build/cashier_system' returned '2': CMAKE_PREFIX_PATH=/opt/ros/humble /usr/bin/cmake --build /home/aditi/ros2_ws/build/cashier_system -- -j8 -l8
