[0.111s] DEBUG:colcon:Command line arguments: ['/usr/bin/colcon', 'build']
[0.111s] DEBUG:colcon:Parsed command line arguments: Namespace(log_base=None, log_level=None, verb_name='build', build_base='build', install_base='install', merge_install=False, symlink_install=False, test_result_base=None, continue_on_error=False, executor='parallel', parallel_workers=8, event_handlers=None, ignore_user_meta=False, metas=['./colcon.meta'], base_paths=['.'], packages_ignore=None, packages_ignore_regex=None, paths=None, packages_up_to=None, packages_up_to_regex=None, packages_above=None, packages_above_and_dependencies=None, packages_above_depth=None, packages_select_by_dep=None, packages_skip_by_dep=None, packages_skip_up_to=None, packages_select_build_failed=False, packages_skip_build_finished=False, packages_select_test_failures=False, packages_skip_test_passed=False, packages_select=None, packages_skip=None, packages_select_regex=None, packages_skip_regex=None, packages_start=None, packages_end=None, allow_overriding=[], cmake_args=None, cmake_target=None, cmake_target_skip_unavailable=False, cmake_clean_cache=False, cmake_clean_first=False, cmake_force_configure=False, ament_cmake_args=None, catkin_cmake_args=None, catkin_skip_building_tests=False, mixin_files=None, mixin=None, verb_parser=<colcon_mixin.mixin.mixin_argument.MixinArgumentDecorator object at 0x7f5f92542c20>, verb_extension=<colcon_core.verb.build.BuildVerb object at 0x7f5f92542590>, main=<bound method BuildVerb.main of <colcon_core.verb.build.BuildVerb object at 0x7f5f92542590>>, mixin_verb=('build',))
[0.305s] Level 1:colcon.colcon_core.package_discovery:discover_packages(colcon_meta) check parameters
[0.305s] Level 1:colcon.colcon_core.package_discovery:discover_packages(recursive) check parameters
[0.305s] Level 1:colcon.colcon_core.package_discovery:discover_packages(ignore) check parameters
[0.305s] Level 1:colcon.colcon_core.package_discovery:discover_packages(path) check parameters
[0.305s] Level 1:colcon.colcon_core.package_discovery:discover_packages(colcon_meta) discover
[0.305s] Level 1:colcon.colcon_core.package_discovery:discover_packages(recursive) discover
[0.305s] INFO:colcon.colcon_core.package_discovery:Crawling recursively for packages in '/home/aditi/ERC'
[0.306s] Level 1:colcon.colcon_core.package_identification:_identify(.) by extensions ['ignore', 'ignore_ament_install']
[0.306s] Level 1:colcon.colcon_core.package_identification:_identify(.) by extension 'ignore'
[0.306s] Level 1:colcon.colcon_core.package_identification:_identify(.) by extension 'ignore_ament_install'
[0.306s] Level 1:colcon.colcon_core.package_identification:_identify(.) by extensions ['colcon_pkg']
[0.306s] Level 1:colcon.colcon_core.package_identification:_identify(.) by extension 'colcon_pkg'
[0.306s] Level 1:colcon.colcon_core.package_identification:_identify(.) by extensions ['colcon_meta']
[0.306s] Level 1:colcon.colcon_core.package_identification:_identify(.) by extension 'colcon_meta'
[0.306s] Level 1:colcon.colcon_core.package_identification:_identify(.) by extensions ['ros']
[0.306s] Level 1:colcon.colcon_core.package_identification:_identify(.) by extension 'ros'
[0.321s] Level 1:colcon.colcon_core.package_identification:_identify(.) by extensions ['cmake', 'python']
[0.321s] Level 1:colcon.colcon_core.package_identification:_identify(.) by extension 'cmake'
[0.321s] Level 1:colcon.colcon_core.package_identification:_identify(.) by extension 'python'
[0.321s] Level 1:colcon.colcon_core.package_identification:_identify(.) by extensions ['python_setup_py']
[0.321s] Level 1:colcon.colcon_core.package_identification:_identify(.) by extension 'python_setup_py'
[0.321s] Level 1:colcon.colcon_core.package_identification:_identify(build) by extensions ['ignore', 'ignore_ament_install']
[0.321s] Level 1:colcon.colcon_core.package_identification:_identify(build) by extension 'ignore'
[0.321s] Level 1:colcon.colcon_core.package_identification:_identify(build) ignored
[0.321s] Level 1:colcon.colcon_core.package_identification:_identify(install) by extensions ['ignore', 'ignore_ament_install']
[0.322s] Level 1:colcon.colcon_core.package_identification:_identify(install) by extension 'ignore'
[0.322s] Level 1:colcon.colcon_core.package_identification:_identify(install) ignored
[0.322s] Level 1:colcon.colcon_core.package_identification:_identify(leo_nodes) by extensions ['ignore', 'ignore_ament_install']
[0.322s] Level 1:colcon.colcon_core.package_identification:_identify(leo_nodes) by extension 'ignore'
[0.322s] Level 1:colcon.colcon_core.package_identification:_identify(leo_nodes) by extension 'ignore_ament_install'
[0.322s] Level 1:colcon.colcon_core.package_identification:_identify(leo_nodes) by extensions ['colcon_pkg']
[0.322s] Level 1:colcon.colcon_core.package_identification:_identify(leo_nodes) by extension 'colcon_pkg'
[0.322s] Level 1:colcon.colcon_core.package_identification:_identify(leo_nodes) by extensions ['colcon_meta']
[0.322s] Level 1:colcon.colcon_core.package_identification:_identify(leo_nodes) by extension 'colcon_meta'
[0.322s] Level 1:colcon.colcon_core.package_identification:_identify(leo_nodes) by extensions ['ros']
[0.322s] Level 1:colcon.colcon_core.package_identification:_identify(leo_nodes) by extension 'ros'
[0.326s] DEBUG:colcon.colcon_core.package_identification:Package 'leo_nodes' with type 'ros.ament_python' and name 'leo_nodes'
[0.326s] Level 1:colcon.colcon_core.package_identification:_identify(leo_rover) by extensions ['ignore', 'ignore_ament_install']
[0.327s] Level 1:colcon.colcon_core.package_identification:_identify(leo_rover) by extension 'ignore'
[0.327s] Level 1:colcon.colcon_core.package_identification:_identify(leo_rover) by extension 'ignore_ament_install'
[0.327s] Level 1:colcon.colcon_core.package_identification:_identify(leo_rover) by extensions ['colcon_pkg']
[0.327s] Level 1:colcon.colcon_core.package_identification:_identify(leo_rover) by extension 'colcon_pkg'
[0.327s] Level 1:colcon.colcon_core.package_identification:_identify(leo_rover) by extensions ['colcon_meta']
[0.327s] Level 1:colcon.colcon_core.package_identification:_identify(leo_rover) by extension 'colcon_meta'
[0.327s] Level 1:colcon.colcon_core.package_identification:_identify(leo_rover) by extensions ['ros']
[0.327s] Level 1:colcon.colcon_core.package_identification:_identify(leo_rover) by extension 'ros'
[0.327s] DEBUG:colcon.colcon_core.package_identification:Package 'leo_rover' with type 'ros.ament_cmake' and name 'leo_rover'
[0.327s] Level 1:colcon.colcon_core.package_identification:_identify(leo_worlds) by extensions ['ignore', 'ignore_ament_install']
[0.327s] Level 1:colcon.colcon_core.package_identification:_identify(leo_worlds) by extension 'ignore'
[0.327s] Level 1:colcon.colcon_core.package_identification:_identify(leo_worlds) by extension 'ignore_ament_install'
[0.328s] Level 1:colcon.colcon_core.package_identification:_identify(leo_worlds) by extensions ['colcon_pkg']
[0.328s] Level 1:colcon.colcon_core.package_identification:_identify(leo_worlds) by extension 'colcon_pkg'
[0.328s] Level 1:colcon.colcon_core.package_identification:_identify(leo_worlds) by extensions ['colcon_meta']
[0.328s] Level 1:colcon.colcon_core.package_identification:_identify(leo_worlds) by extension 'colcon_meta'
[0.328s] Level 1:colcon.colcon_core.package_identification:_identify(leo_worlds) by extensions ['ros']
[0.328s] Level 1:colcon.colcon_core.package_identification:_identify(leo_worlds) by extension 'ros'
[0.328s] DEBUG:colcon.colcon_core.package_identification:Package 'leo_worlds' with type 'ros.ament_python' and name 'leo_worlds'
[0.328s] Level 1:colcon.colcon_core.package_identification:_identify(log) by extensions ['ignore', 'ignore_ament_install']
[0.328s] Level 1:colcon.colcon_core.package_identification:_identify(log) by extension 'ignore'
[0.328s] Level 1:colcon.colcon_core.package_identification:_identify(log) ignored
[0.328s] Level 1:colcon.colcon_core.package_discovery:discover_packages(recursive) using defaults
[0.329s] Level 1:colcon.colcon_core.package_discovery:discover_packages(ignore) discover
[0.329s] Level 1:colcon.colcon_core.package_discovery:discover_packages(ignore) using defaults
[0.329s] Level 1:colcon.colcon_core.package_discovery:discover_packages(path) discover
[0.329s] Level 1:colcon.colcon_core.package_discovery:discover_packages(path) using defaults
[0.359s] Level 1:colcon.colcon_core.package_discovery:discover_packages(prefix_path) check parameters
[0.359s] Level 1:colcon.colcon_core.package_discovery:discover_packages(prefix_path) discover
[0.361s] DEBUG:colcon.colcon_installed_package_information.package_discovery:Found 3 installed packages in /home/aditi/ERC/install
[0.363s] DEBUG:colcon.colcon_installed_package_information.package_discovery:Found 359 installed packages in /opt/ros/humble
[0.365s] Level 1:colcon.colcon_core.package_discovery:discover_packages(prefix_path) using defaults
[0.411s] Level 5:colcon.colcon_core.verb:set package 'leo_nodes' build argument 'cmake_args' from command line to 'None'
[0.411s] Level 5:colcon.colcon_core.verb:set package 'leo_nodes' build argument 'cmake_target' from command line to 'None'
[0.411s] Level 5:colcon.colcon_core.verb:set package 'leo_nodes' build argument 'cmake_target_skip_unavailable' from command line to 'False'
[0.411s] Level 5:colcon.colcon_core.verb:set package 'leo_nodes' build argument 'cmake_clean_cache' from command line to 'False'
[0.411s] Level 5:colcon.colcon_core.verb:set package 'leo_nodes' build argument 'cmake_clean_first' from command line to 'False'
[0.411s] Level 5:colcon.colcon_core.verb:set package 'leo_nodes' build argument 'cmake_force_configure' from command line to 'False'
[0.412s] Level 5:colcon.colcon_core.verb:set package 'leo_nodes' build argument 'ament_cmake_args' from command line to 'None'
[0.412s] Level 5:colcon.colcon_core.verb:set package 'leo_nodes' build argument 'catkin_cmake_args' from command line to 'None'
[0.412s] Level 5:colcon.colcon_core.verb:set package 'leo_nodes' build argument 'catkin_skip_building_tests' from command line to 'False'
[0.412s] DEBUG:colcon.colcon_core.verb:Building package 'leo_nodes' with the following arguments: {'ament_cmake_args': None, 'build_base': '/home/aditi/ERC/build/leo_nodes', 'catkin_cmake_args': None, 'catkin_skip_building_tests': False, 'cmake_args': None, 'cmake_clean_cache': False, 'cmake_clean_first': False, 'cmake_force_configure': False, 'cmake_target': None, 'cmake_target_skip_unavailable': False, 'install_base': '/home/aditi/ERC/install/leo_nodes', 'merge_install': False, 'path': '/home/aditi/ERC/leo_nodes', 'symlink_install': False, 'test_result_base': None}
[0.412s] Level 5:colcon.colcon_core.verb:set package 'leo_rover' build argument 'cmake_args' from command line to 'None'
[0.412s] Level 5:colcon.colcon_core.verb:set package 'leo_rover' build argument 'cmake_target' from command line to 'None'
[0.412s] Level 5:colcon.colcon_core.verb:set package 'leo_rover' build argument 'cmake_target_skip_unavailable' from command line to 'False'
[0.412s] Level 5:colcon.colcon_core.verb:set package 'leo_rover' build argument 'cmake_clean_cache' from command line to 'False'
[0.412s] Level 5:colcon.colcon_core.verb:set package 'leo_rover' build argument 'cmake_clean_first' from command line to 'False'
[0.412s] Level 5:colcon.colcon_core.verb:set package 'leo_rover' build argument 'cmake_force_configure' from command line to 'False'
[0.412s] Level 5:colcon.colcon_core.verb:set package 'leo_rover' build argument 'ament_cmake_args' from command line to 'None'
[0.412s] Level 5:colcon.colcon_core.verb:set package 'leo_rover' build argument 'catkin_cmake_args' from command line to 'None'
[0.412s] Level 5:colcon.colcon_core.verb:set package 'leo_rover' build argument 'catkin_skip_building_tests' from command line to 'False'
[0.412s] DEBUG:colcon.colcon_core.verb:Building package 'leo_rover' with the following arguments: {'ament_cmake_args': None, 'build_base': '/home/aditi/ERC/build/leo_rover', 'catkin_cmake_args': None, 'catkin_skip_building_tests': False, 'cmake_args': None, 'cmake_clean_cache': False, 'cmake_clean_first': False, 'cmake_force_configure': False, 'cmake_target': None, 'cmake_target_skip_unavailable': False, 'install_base': '/home/aditi/ERC/install/leo_rover', 'merge_install': False, 'path': '/home/aditi/ERC/leo_rover', 'symlink_install': False, 'test_result_base': None}
[0.413s] Level 5:colcon.colcon_core.verb:set package 'leo_worlds' build argument 'cmake_args' from command line to 'None'
[0.413s] Level 5:colcon.colcon_core.verb:set package 'leo_worlds' build argument 'cmake_target' from command line to 'None'
[0.413s] Level 5:colcon.colcon_core.verb:set package 'leo_worlds' build argument 'cmake_target_skip_unavailable' from command line to 'False'
[0.413s] Level 5:colcon.colcon_core.verb:set package 'leo_worlds' build argument 'cmake_clean_cache' from command line to 'False'
[0.413s] Level 5:colcon.colcon_core.verb:set package 'leo_worlds' build argument 'cmake_clean_first' from command line to 'False'
[0.413s] Level 5:colcon.colcon_core.verb:set package 'leo_worlds' build argument 'cmake_force_configure' from command line to 'False'
[0.413s] Level 5:colcon.colcon_core.verb:set package 'leo_worlds' build argument 'ament_cmake_args' from command line to 'None'
[0.413s] Level 5:colcon.colcon_core.verb:set package 'leo_worlds' build argument 'catkin_cmake_args' from command line to 'None'
[0.413s] Level 5:colcon.colcon_core.verb:set package 'leo_worlds' build argument 'catkin_skip_building_tests' from command line to 'False'
[0.413s] DEBUG:colcon.colcon_core.verb:Building package 'leo_worlds' with the following arguments: {'ament_cmake_args': None, 'build_base': '/home/aditi/ERC/build/leo_worlds', 'catkin_cmake_args': None, 'catkin_skip_building_tests': False, 'cmake_args': None, 'cmake_clean_cache': False, 'cmake_clean_first': False, 'cmake_force_configure': False, 'cmake_target': None, 'cmake_target_skip_unavailable': False, 'install_base': '/home/aditi/ERC/install/leo_worlds', 'merge_install': False, 'path': '/home/aditi/ERC/leo_worlds', 'symlink_install': False, 'test_result_base': None}
[0.413s] INFO:colcon.colcon_core.executor:Executing jobs using 'parallel' executor
[0.414s] DEBUG:colcon.colcon_parallel_executor.executor.parallel:run_until_complete
[0.414s] INFO:colcon.colcon_ros.task.ament_python.build:Building ROS package in '/home/aditi/ERC/leo_nodes' with build type 'ament_python'
[0.414s] Level 1:colcon.colcon_core.shell:create_environment_hook('leo_nodes', 'ament_prefix_path')
[0.416s] INFO:colcon.colcon_core.plugin_system:Skipping extension 'colcon_core.shell.bat': Not used on non-Windows systems
[0.416s] INFO:colcon.colcon_core.shell:Creating environment hook '/home/aditi/ERC/install/leo_nodes/share/leo_nodes/hook/ament_prefix_path.ps1'
[0.417s] INFO:colcon.colcon_core.shell:Creating environment descriptor '/home/aditi/ERC/install/leo_nodes/share/leo_nodes/hook/ament_prefix_path.dsv'
[0.417s] INFO:colcon.colcon_core.shell:Creating environment hook '/home/aditi/ERC/install/leo_nodes/share/leo_nodes/hook/ament_prefix_path.sh'
[0.418s] INFO:colcon.colcon_core.shell:Skip shell extension 'powershell' for command environment: Not usable outside of PowerShell
[0.418s] DEBUG:colcon.colcon_core.shell:Skip shell extension 'dsv' for command environment
[0.421s] INFO:colcon.colcon_ros.task.ament_cmake.build:Building ROS package in '/home/aditi/ERC/leo_rover' with build type 'ament_cmake'
[0.421s] INFO:colcon.colcon_cmake.task.cmake.build:Building CMake package in '/home/aditi/ERC/leo_rover'
[0.421s] INFO:colcon.colcon_core.shell:Skip shell extension 'powershell' for command environment: Not usable outside of PowerShell
[0.421s] DEBUG:colcon.colcon_core.shell:Skip shell extension 'dsv' for command environment
[0.425s] INFO:colcon.colcon_ros.task.ament_python.build:Building ROS package in '/home/aditi/ERC/leo_worlds' with build type 'ament_python'
[0.425s] Level 1:colcon.colcon_core.shell:create_environment_hook('leo_worlds', 'ament_prefix_path')
[0.425s] INFO:colcon.colcon_core.shell:Creating environment hook '/home/aditi/ERC/install/leo_worlds/share/leo_worlds/hook/ament_prefix_path.ps1'
[0.426s] INFO:colcon.colcon_core.shell:Creating environment descriptor '/home/aditi/ERC/install/leo_worlds/share/leo_worlds/hook/ament_prefix_path.dsv'
[0.426s] INFO:colcon.colcon_core.shell:Creating environment hook '/home/aditi/ERC/install/leo_worlds/share/leo_worlds/hook/ament_prefix_path.sh'
[0.427s] INFO:colcon.colcon_core.shell:Skip shell extension 'powershell' for command environment: Not usable outside of PowerShell
[0.427s] DEBUG:colcon.colcon_core.shell:Skip shell extension 'dsv' for command environment
[0.708s] INFO:colcon.colcon_core.task.python.build:Building Python package in '/home/aditi/ERC/leo_nodes'
[0.709s] INFO:colcon.colcon_core.shell:Skip shell extension 'powershell' for command environment: Not usable outside of PowerShell
[0.709s] DEBUG:colcon.colcon_core.shell:Skip shell extension 'dsv' for command environment
[0.717s] DEBUG:colcon.colcon_core.event_handler.log_command:Invoking command in '/home/aditi/ERC/build/leo_rover': CMAKE_PREFIX_PATH=${CMAKE_PREFIX_PATH}:/home/aditi/ERC/install/leo_worlds:/home/aditi/ERC/install/leo_nodes:/opt/ros/humble /usr/bin/cmake --build /home/aditi/ERC/build/leo_rover -- -j8 -l8
[0.994s] INFO:colcon.colcon_core.task.python.build:Building Python package in '/home/aditi/ERC/leo_worlds'
[0.994s] INFO:colcon.colcon_core.shell:Skip shell extension 'powershell' for command environment: Not usable outside of PowerShell
[0.995s] DEBUG:colcon.colcon_core.shell:Skip shell extension 'dsv' for command environment
[1.001s] DEBUG:colcon.colcon_core.event_handler.log_command:Invoked command in '/home/aditi/ERC/build/leo_rover' returned '0': CMAKE_PREFIX_PATH=${CMAKE_PREFIX_PATH}:/home/aditi/ERC/install/leo_worlds:/home/aditi/ERC/install/leo_nodes:/opt/ros/humble /usr/bin/cmake --build /home/aditi/ERC/build/leo_rover -- -j8 -l8
[1.034s] DEBUG:colcon.colcon_core.event_handler.log_command:Invoking command in '/home/aditi/ERC/build/leo_rover': CMAKE_PREFIX_PATH=${CMAKE_PREFIX_PATH}:/home/aditi/ERC/install/leo_worlds:/home/aditi/ERC/install/leo_nodes:/opt/ros/humble /usr/bin/cmake --install /home/aditi/ERC/build/leo_rover
[1.045s] Level 1:colcon.colcon_core.environment:create_environment_scripts_only(leo_rover)
[1.045s] DEBUG:colcon.colcon_core.event_handler.log_command:Invoked command in '/home/aditi/ERC/build/leo_rover' returned '0': CMAKE_PREFIX_PATH=${CMAKE_PREFIX_PATH}:/home/aditi/ERC/install/leo_worlds:/home/aditi/ERC/install/leo_nodes:/opt/ros/humble /usr/bin/cmake --install /home/aditi/ERC/build/leo_rover
[1.048s] Level 1:colcon.colcon_core.environment:checking '/home/aditi/ERC/install/leo_rover' for CMake module files
[1.049s] Level 1:colcon.colcon_core.environment:checking '/home/aditi/ERC/install/leo_rover' for CMake config files
[1.049s] Level 1:colcon.colcon_core.shell:create_environment_hook('leo_rover', 'cmake_prefix_path')
[1.050s] INFO:colcon.colcon_core.shell:Creating environment hook '/home/aditi/ERC/install/leo_rover/share/leo_rover/hook/cmake_prefix_path.ps1'
[1.050s] INFO:colcon.colcon_core.shell:Creating environment descriptor '/home/aditi/ERC/install/leo_rover/share/leo_rover/hook/cmake_prefix_path.dsv'
[1.051s] INFO:colcon.colcon_core.shell:Creating environment hook '/home/aditi/ERC/install/leo_rover/share/leo_rover/hook/cmake_prefix_path.sh'
[1.052s] Level 1:colcon.colcon_core.environment:checking '/home/aditi/ERC/install/leo_rover/bin'
[1.052s] Level 1:colcon.colcon_core.environment:checking '/home/aditi/ERC/install/leo_rover/lib/pkgconfig/leo_rover.pc'
[1.052s] Level 1:colcon.colcon_core.environment:checking '/home/aditi/ERC/install/leo_rover/lib/python3.10/site-packages'
[1.052s] Level 1:colcon.colcon_core.environment:checking '/home/aditi/ERC/install/leo_rover/bin'
[1.053s] INFO:colcon.colcon_core.shell:Creating package script '/home/aditi/ERC/install/leo_rover/share/leo_rover/package.ps1'
[1.054s] INFO:colcon.colcon_core.shell:Creating package descriptor '/home/aditi/ERC/install/leo_rover/share/leo_rover/package.dsv'
[1.055s] INFO:colcon.colcon_core.shell:Creating package script '/home/aditi/ERC/install/leo_rover/share/leo_rover/package.sh'
[1.056s] INFO:colcon.colcon_core.shell:Creating package script '/home/aditi/ERC/install/leo_rover/share/leo_rover/package.bash'
[1.057s] INFO:colcon.colcon_core.shell:Creating package script '/home/aditi/ERC/install/leo_rover/share/leo_rover/package.zsh'
[1.058s] Level 1:colcon.colcon_core.environment:create_file_with_runtime_dependencies(/home/aditi/ERC/install/leo_rover/share/colcon-core/packages/leo_rover)
[1.080s] Level 1:colcon.colcon_core.environment:create_environment_scripts_only(leo_rover)
[1.080s] Level 1:colcon.colcon_core.environment:checking '/home/aditi/ERC/install/leo_rover' for CMake module files
[1.080s] Level 1:colcon.colcon_core.environment:checking '/home/aditi/ERC/install/leo_rover' for CMake config files
[1.081s] Level 1:colcon.colcon_core.shell:create_environment_hook('leo_rover', 'cmake_prefix_path')
[1.081s] INFO:colcon.colcon_core.shell:Creating environment hook '/home/aditi/ERC/install/leo_rover/share/leo_rover/hook/cmake_prefix_path.ps1'
[1.081s] INFO:colcon.colcon_core.shell:Creating environment descriptor '/home/aditi/ERC/install/leo_rover/share/leo_rover/hook/cmake_prefix_path.dsv'
[1.082s] INFO:colcon.colcon_core.shell:Creating environment hook '/home/aditi/ERC/install/leo_rover/share/leo_rover/hook/cmake_prefix_path.sh'
[1.082s] Level 1:colcon.colcon_core.environment:checking '/home/aditi/ERC/install/leo_rover/bin'
[1.082s] Level 1:colcon.colcon_core.environment:checking '/home/aditi/ERC/install/leo_rover/lib/pkgconfig/leo_rover.pc'
[1.082s] Level 1:colcon.colcon_core.environment:checking '/home/aditi/ERC/install/leo_rover/lib/python3.10/site-packages'
[1.082s] Level 1:colcon.colcon_core.environment:checking '/home/aditi/ERC/install/leo_rover/bin'
[1.083s] INFO:colcon.colcon_core.shell:Creating package script '/home/aditi/ERC/install/leo_rover/share/leo_rover/package.ps1'
[1.083s] INFO:colcon.colcon_core.shell:Creating package descriptor '/home/aditi/ERC/install/leo_rover/share/leo_rover/package.dsv'
[1.083s] INFO:colcon.colcon_core.shell:Creating package script '/home/aditi/ERC/install/leo_rover/share/leo_rover/package.sh'
[1.084s] INFO:colcon.colcon_core.shell:Creating package script '/home/aditi/ERC/install/leo_rover/share/leo_rover/package.bash'
[1.084s] INFO:colcon.colcon_core.shell:Creating package script '/home/aditi/ERC/install/leo_rover/share/leo_rover/package.zsh'
[1.084s] Level 1:colcon.colcon_core.environment:create_file_with_runtime_dependencies(/home/aditi/ERC/install/leo_rover/share/colcon-core/packages/leo_rover)
[1.398s] DEBUG:colcon.colcon_core.event_handler.log_command:Invoking command in '/home/aditi/ERC/leo_nodes': PYTHONPATH=/home/aditi/ERC/build/leo_nodes/prefix_override:/home/aditi/ERC/install/leo_nodes/lib/python3.10/site-packages:${PYTHONPATH} /usr/bin/python3 -W ignore:setup.py install is deprecated setup.py egg_info --egg-base ../build/leo_nodes build --build-base /home/aditi/ERC/build/leo_nodes/build install --record /home/aditi/ERC/build/leo_nodes/install.log --single-version-externally-managed install_data
[1.399s] DEBUG:colcon.colcon_core.event_handler.log_command:Invoking command in '/home/aditi/ERC/leo_worlds': PYTHONPATH=/home/aditi/ERC/build/leo_worlds/prefix_override:/home/aditi/ERC/install/leo_worlds/lib/python3.10/site-packages:${PYTHONPATH} /usr/bin/python3 -W ignore:setup.py install is deprecated setup.py egg_info --egg-base ../build/leo_worlds build --build-base /home/aditi/ERC/build/leo_worlds/build install --record /home/aditi/ERC/build/leo_worlds/install.log --single-version-externally-managed install_data
[1.722s] Level 1:colcon.colcon_core.environment:checking '/home/aditi/ERC/install/leo_worlds' for CMake module files
[1.723s] DEBUG:colcon.colcon_core.event_handler.log_command:Invoked command in '/home/aditi/ERC/leo_worlds' returned '0': PYTHONPATH=/home/aditi/ERC/build/leo_worlds/prefix_override:/home/aditi/ERC/install/leo_worlds/lib/python3.10/site-packages:${PYTHONPATH} /usr/bin/python3 -W ignore:setup.py install is deprecated setup.py egg_info --egg-base ../build/leo_worlds build --build-base /home/aditi/ERC/build/leo_worlds/build install --record /home/aditi/ERC/build/leo_worlds/install.log --single-version-externally-managed install_data
[1.723s] Level 1:colcon.colcon_core.environment:checking '/home/aditi/ERC/install/leo_worlds' for CMake config files
[1.724s] Level 1:colcon.colcon_core.environment:checking '/home/aditi/ERC/install/leo_worlds/lib'
[1.724s] Level 1:colcon.colcon_core.environment:checking '/home/aditi/ERC/install/leo_worlds/bin'
[1.724s] Level 1:colcon.colcon_core.environment:checking '/home/aditi/ERC/install/leo_worlds/lib/pkgconfig/leo_worlds.pc'
[1.725s] Level 1:colcon.colcon_core.environment:checking '/home/aditi/ERC/install/leo_worlds/lib/python3.10/site-packages'
[1.725s] Level 1:colcon.colcon_core.shell:create_environment_hook('leo_worlds', 'pythonpath')
[1.725s] INFO:colcon.colcon_core.shell:Creating environment hook '/home/aditi/ERC/install/leo_worlds/share/leo_worlds/hook/pythonpath.ps1'
[1.726s] INFO:colcon.colcon_core.shell:Creating environment descriptor '/home/aditi/ERC/install/leo_worlds/share/leo_worlds/hook/pythonpath.dsv'
[1.726s] INFO:colcon.colcon_core.shell:Creating environment hook '/home/aditi/ERC/install/leo_worlds/share/leo_worlds/hook/pythonpath.sh'
[1.727s] Level 1:colcon.colcon_core.environment:checking '/home/aditi/ERC/install/leo_worlds/bin'
[1.727s] Level 1:colcon.colcon_core.environment:create_environment_scripts_only(leo_worlds)
[1.727s] INFO:colcon.colcon_core.shell:Creating package script '/home/aditi/ERC/install/leo_worlds/share/leo_worlds/package.ps1'
[1.728s] INFO:colcon.colcon_core.shell:Creating package descriptor '/home/aditi/ERC/install/leo_worlds/share/leo_worlds/package.dsv'
[1.728s] INFO:colcon.colcon_core.shell:Creating package script '/home/aditi/ERC/install/leo_worlds/share/leo_worlds/package.sh'
[1.729s] INFO:colcon.colcon_core.shell:Creating package script '/home/aditi/ERC/install/leo_worlds/share/leo_worlds/package.bash'
[1.729s] INFO:colcon.colcon_core.shell:Creating package script '/home/aditi/ERC/install/leo_worlds/share/leo_worlds/package.zsh'
[1.729s] Level 1:colcon.colcon_core.environment:create_file_with_runtime_dependencies(/home/aditi/ERC/install/leo_worlds/share/colcon-core/packages/leo_worlds)
[1.731s] Level 1:colcon.colcon_core.environment:checking '/home/aditi/ERC/install/leo_nodes' for CMake module files
[1.732s] DEBUG:colcon.colcon_core.event_handler.log_command:Invoked command in '/home/aditi/ERC/leo_nodes' returned '0': PYTHONPATH=/home/aditi/ERC/build/leo_nodes/prefix_override:/home/aditi/ERC/install/leo_nodes/lib/python3.10/site-packages:${PYTHONPATH} /usr/bin/python3 -W ignore:setup.py install is deprecated setup.py egg_info --egg-base ../build/leo_nodes build --build-base /home/aditi/ERC/build/leo_nodes/build install --record /home/aditi/ERC/build/leo_nodes/install.log --single-version-externally-managed install_data
[1.732s] Level 1:colcon.colcon_core.environment:checking '/home/aditi/ERC/install/leo_nodes' for CMake config files
[1.733s] Level 1:colcon.colcon_core.environment:checking '/home/aditi/ERC/install/leo_nodes/lib'
[1.733s] Level 1:colcon.colcon_core.environment:checking '/home/aditi/ERC/install/leo_nodes/bin'
[1.733s] Level 1:colcon.colcon_core.environment:checking '/home/aditi/ERC/install/leo_nodes/lib/pkgconfig/leo_nodes.pc'
[1.734s] Level 1:colcon.colcon_core.environment:checking '/home/aditi/ERC/install/leo_nodes/lib/python3.10/site-packages'
[1.734s] Level 1:colcon.colcon_core.shell:create_environment_hook('leo_nodes', 'pythonpath')
[1.734s] INFO:colcon.colcon_core.shell:Creating environment hook '/home/aditi/ERC/install/leo_nodes/share/leo_nodes/hook/pythonpath.ps1'
[1.734s] INFO:colcon.colcon_core.shell:Creating environment descriptor '/home/aditi/ERC/install/leo_nodes/share/leo_nodes/hook/pythonpath.dsv'
[1.735s] INFO:colcon.colcon_core.shell:Creating environment hook '/home/aditi/ERC/install/leo_nodes/share/leo_nodes/hook/pythonpath.sh'
[1.735s] Level 1:colcon.colcon_core.environment:checking '/home/aditi/ERC/install/leo_nodes/bin'
[1.735s] Level 1:colcon.colcon_core.environment:create_environment_scripts_only(leo_nodes)
[1.736s] INFO:colcon.colcon_core.shell:Creating package script '/home/aditi/ERC/install/leo_nodes/share/leo_nodes/package.ps1'
[1.736s] INFO:colcon.colcon_core.shell:Creating package descriptor '/home/aditi/ERC/install/leo_nodes/share/leo_nodes/package.dsv'
[1.737s] INFO:colcon.colcon_core.shell:Creating package script '/home/aditi/ERC/install/leo_nodes/share/leo_nodes/package.sh'
[1.737s] INFO:colcon.colcon_core.shell:Creating package script '/home/aditi/ERC/install/leo_nodes/share/leo_nodes/package.bash'
[1.737s] INFO:colcon.colcon_core.shell:Creating package script '/home/aditi/ERC/install/leo_nodes/share/leo_nodes/package.zsh'
[1.738s] Level 1:colcon.colcon_core.environment:create_file_with_runtime_dependencies(/home/aditi/ERC/install/leo_nodes/share/colcon-core/packages/leo_nodes)
[1.738s] DEBUG:colcon.colcon_parallel_executor.executor.parallel:closing loop
[1.738s] DEBUG:colcon.colcon_parallel_executor.executor.parallel:loop closed
[1.738s] DEBUG:colcon.colcon_parallel_executor.executor.parallel:run_until_complete finished with '0'
[1.739s] DEBUG:colcon.colcon_core.event_reactor:joining thread
[1.744s] INFO:colcon.colcon_core.plugin_system:Skipping extension 'colcon_notification.desktop_notification.terminal_notifier': Not used on non-Darwin systems
[1.744s] INFO:colcon.colcon_core.plugin_system:Skipping extension 'colcon_notification.desktop_notification.win32': Not used on non-Windows systems
[1.745s] INFO:colcon.colcon_notification.desktop_notification:Sending desktop notification using 'notify2'
[1.757s] DEBUG:colcon.colcon_core.event_reactor:joined thread
[1.757s] INFO:colcon.colcon_core.shell:Creating prefix script '/home/aditi/ERC/install/local_setup.ps1'
[1.758s] INFO:colcon.colcon_core.shell:Creating prefix util module '/home/aditi/ERC/install/_local_setup_util_ps1.py'
[1.760s] INFO:colcon.colcon_core.shell:Creating prefix chain script '/home/aditi/ERC/install/setup.ps1'
[1.761s] INFO:colcon.colcon_core.shell:Creating prefix script '/home/aditi/ERC/install/local_setup.sh'
[1.762s] INFO:colcon.colcon_core.shell:Creating prefix util module '/home/aditi/ERC/install/_local_setup_util_sh.py'
[1.762s] INFO:colcon.colcon_core.shell:Creating prefix chain script '/home/aditi/ERC/install/setup.sh'
[1.763s] INFO:colcon.colcon_core.shell:Creating prefix script '/home/aditi/ERC/install/local_setup.bash'
[1.764s] INFO:colcon.colcon_core.shell:Creating prefix chain script '/home/aditi/ERC/install/setup.bash'
[1.765s] INFO:colcon.colcon_core.shell:Creating prefix script '/home/aditi/ERC/install/local_setup.zsh'
[1.766s] INFO:colcon.colcon_core.shell:Creating prefix chain script '/home/aditi/ERC/install/setup.zsh'
