[0.010s] Invoking command in '/home/aditi/ros2_ws/build/cashier_system': CMAKE_PREFIX_PATH=/opt/ros/humble /usr/bin/cmake --build /home/aditi/ros2_ws/build/cashier_system -- -j8 -l8
[0.059s] [ 50%] [32mBuilding CXX object CMakeFiles/publisher_node.dir/src/publisher_node.cpp.o[0m
[0.059s] [ 50%] [32mBuilding CXX object CMakeFiles/printer_node.dir/src/printer_node.cpp.o[0m
[0.059s] [ 50%] [32mBuilding CXX object CMakeFiles/subscriber_node.dir/src/subscriber_node.cpp.o[0m
[0.328s] [01m[K/home/aditi/ros2_ws/src/cashier_system/src/subscriber_node.cpp:3:10:[m[K [01;31m[Kfatal error: [m[Kcashier_system/msg/bill.hpp: No such file or directory
[0.328s]     3 | #include [01;31m[K"cashier_system/msg/bill.hpp"[m[K
[0.328s]       |          [01;31m[K^~~~~~~~~~~~~~~~~~~~~~~~~~~~~[m[K
[0.328s] compilation terminated.
[0.331s] [01m[K/home/aditi/ros2_ws/src/cashier_system/src/printer_node.cpp:2:10:[m[K [01;31m[Kfatal error: [m[Kcashier_system/msg/bill.hpp: No such file or directory
[0.331s]     2 | #include [01;31m[K"cashier_system/msg/bill.hpp"[m[K
[0.331s]       |          [01;31m[K^~~~~~~~~~~~~~~~~~~~~~~~~~~~~[m[K
[0.331s] compilation terminated.
[0.336s] [01m[K/home/aditi/ros2_ws/src/cashier_system/src/publisher_node.cpp:3:10:[m[K [01;31m[Kfatal error: [m[Kcashier_system/msg/bill.hpp: No such file or directory
[0.336s]     3 | #include [01;31m[K"cashier_system/msg/bill.hpp"[m[K
[0.336s]       |          [01;31m[K^~~~~~~~~~~~~~~~~~~~~~~~~~~~~[m[K
[0.336s] compilation terminated.
[0.338s] gmake[2]: *** [CMakeFiles/printer_node.dir/build.make:76: CMakeFiles/printer_node.dir/src/printer_node.cpp.o] Error 1
[0.339s] gmake[2]: *** [CMakeFiles/subscriber_node.dir/build.make:76: CMakeFiles/subscriber_node.dir/src/subscriber_node.cpp.o] Error 1
[0.339s] gmake[2]: *** [CMakeFiles/publisher_node.dir/build.make:76: CMakeFiles/publisher_node.dir/src/publisher_node.cpp.o] Error 1
[0.339s] gmake[1]: *** [CMakeFiles/Makefile2:167: CMakeFiles/subscriber_node.dir/all] Error 2
[0.339s] gmake[1]: *** Waiting for unfinished jobs....
[0.339s] gmake[1]: *** [CMakeFiles/Makefile2:141: CMakeFiles/publisher_node.dir/all] Error 2
[0.339s] gmake[1]: *** [CMakeFiles/Makefile2:193: CMakeFiles/printer_node.dir/all] Error 2
[0.339s] gmake: *** [Makefile:146: all] Error 2
[0.341s] Invoked command in '/home/aditi/ros2_ws/build/cashier_system' returned '2': CMAKE_PREFIX_PATH=/opt/ros/humble /usr/bin/cmake --build /home/aditi/ros2_ws/build/cashier_system -- -j8 -l8
