[1.611s] Invoking command in '/home/aditi/ERC/leo_worlds': PYTHONPATH=/home/aditi/ERC/build/leo_worlds/prefix_override:/home/aditi/ERC/install/leo_worlds/lib/python3.10/site-packages:${PYTHONPATH} /usr/bin/python3 -W ignore:setup.py install is deprecated setup.py egg_info --egg-base ../build/leo_worlds build --build-base /home/aditi/ERC/build/leo_worlds/build install --record /home/aditi/ERC/build/leo_worlds/install.log --single-version-externally-managed install_data
[2.144s] running egg_info
[2.145s] writing ../build/leo_worlds/leo_worlds.egg-info/PKG-INFO
[2.146s] writing dependency_links to ../build/leo_worlds/leo_worlds.egg-info/dependency_links.txt
[2.147s] writing entry points to ../build/leo_worlds/leo_worlds.egg-info/entry_points.txt
[2.147s] writing requirements to ../build/leo_worlds/leo_worlds.egg-info/requires.txt
[2.148s] writing top-level names to ../build/leo_worlds/leo_worlds.egg-info/top_level.txt
[2.151s] reading manifest file '../build/leo_worlds/leo_worlds.egg-info/SOURCES.txt'
[2.153s] writing manifest file '../build/leo_worlds/leo_worlds.egg-info/SOURCES.txt'
[2.153s] running build
[2.153s] running build_py
[2.154s] running install
[2.154s] running install_lib
[2.157s] running install_data
[2.157s] running install_egg_info
[2.161s] removing '/home/aditi/ERC/install/leo_worlds/lib/python3.10/site-packages/leo_worlds-0.0.0-py3.10.egg-info' (and everything under it)
[2.163s] Copying ../build/leo_worlds/leo_worlds.egg-info to /home/aditi/ERC/install/leo_worlds/lib/python3.10/site-packages/leo_worlds-0.0.0-py3.10.egg-info
[2.163s] running install_scripts
[2.215s] writing list of installed files to '/home/aditi/ERC/build/leo_worlds/install.log'
[2.258s] Invoked command in '/home/aditi/ERC/leo_worlds' returned '0': PYTHONPATH=/home/aditi/ERC/build/leo_worlds/prefix_override:/home/aditi/ERC/install/leo_worlds/lib/python3.10/site-packages:${PYTHONPATH} /usr/bin/python3 -W ignore:setup.py install is deprecated setup.py egg_info --egg-base ../build/leo_worlds build --build-base /home/aditi/ERC/build/leo_worlds/build install --record /home/aditi/ERC/build/leo_worlds/install.log --single-version-externally-managed install_data
