[0.522s] Invoking command in '/home/aditi/ERC/build/leo_rover': CMAKE_PREFIX_PATH=${CMAKE_PREFIX_PATH}:/home/aditi/ERC/install/leo_worlds:/home/aditi/ERC/install/leo_nodes:/opt/ros/humble /usr/bin/cmake --build /home/aditi/ERC/build/leo_rover -- -j8 -l8
[1.022s] Invoked command in '/home/aditi/ERC/build/leo_rover' returned '0': CMAKE_PREFIX_PATH=${CMAKE_PREFIX_PATH}:/home/aditi/ERC/install/leo_worlds:/home/aditi/ERC/install/leo_nodes:/opt/ros/humble /usr/bin/cmake --build /home/aditi/ERC/build/leo_rover -- -j8 -l8
[1.069s] Invoking command in '/home/aditi/ERC/build/leo_rover': CMAKE_PREFIX_PATH=${CMAKE_PREFIX_PATH}:/home/aditi/ERC/install/leo_worlds:/home/aditi/ERC/install/leo_nodes:/opt/ros/humble /usr/bin/cmake --install /home/aditi/ERC/build/leo_rover
[1.080s] -- Install configuration: ""
[1.080s] -- Up-to-date: /home/aditi/ERC/install/leo_rover/share/leo_rover/launch
[1.081s] -- Up-to-date: /home/aditi/ERC/install/leo_rover/share/leo_rover/launch/temp.launch.xml
[1.081s] -- Installing: /home/aditi/ERC/install/leo_rover/share/leo_rover/launch/xmlTest.launch.xml
[1.081s] -- Up-to-date: /home/aditi/ERC/install/leo_rover/share/ament_index/resource_index/package_run_dependencies/leo_rover
[1.081s] -- Up-to-date: /home/aditi/ERC/install/leo_rover/share/ament_index/resource_index/parent_prefix_path/leo_rover
[1.081s] -- Up-to-date: /home/aditi/ERC/install/leo_rover/share/leo_rover/environment/ament_prefix_path.sh
[1.081s] -- Up-to-date: /home/aditi/ERC/install/leo_rover/share/leo_rover/environment/ament_prefix_path.dsv
[1.081s] -- Up-to-date: /home/aditi/ERC/install/leo_rover/share/leo_rover/environment/path.sh
[1.081s] -- Up-to-date: /home/aditi/ERC/install/leo_rover/share/leo_rover/environment/path.dsv
[1.082s] -- Up-to-date: /home/aditi/ERC/install/leo_rover/share/leo_rover/local_setup.bash
[1.082s] -- Up-to-date: /home/aditi/ERC/install/leo_rover/share/leo_rover/local_setup.sh
[1.082s] -- Up-to-date: /home/aditi/ERC/install/leo_rover/share/leo_rover/local_setup.zsh
[1.082s] -- Up-to-date: /home/aditi/ERC/install/leo_rover/share/leo_rover/local_setup.dsv
[1.082s] -- Installing: /home/aditi/ERC/install/leo_rover/share/leo_rover/package.dsv
[1.082s] -- Up-to-date: /home/aditi/ERC/install/leo_rover/share/ament_index/resource_index/packages/leo_rover
[1.082s] -- Up-to-date: /home/aditi/ERC/install/leo_rover/share/leo_rover/cmake/leo_roverConfig.cmake
[1.082s] -- Up-to-date: /home/aditi/ERC/install/leo_rover/share/leo_rover/cmake/leo_roverConfig-version.cmake
[1.083s] -- Up-to-date: /home/aditi/ERC/install/leo_rover/share/leo_rover/package.xml
[1.084s] Invoked command in '/home/aditi/ERC/build/leo_rover' returned '0': CMAKE_PREFIX_PATH=${CMAKE_PREFIX_PATH}:/home/aditi/ERC/install/leo_worlds:/home/aditi/ERC/install/leo_nodes:/opt/ros/humble /usr/bin/cmake --install /home/aditi/ERC/build/leo_rover
