[0.111s] DEBUG:colcon:Command line arguments: ['/usr/bin/colcon', 'build', '--packages-select', 'pcl_ground_removal']
[0.111s] DEBUG:colcon:Parsed command line arguments: Namespace(log_base=None, log_level=None, verb_name='build', build_base='build', install_base='install', merge_install=False, symlink_install=False, test_result_base=None, continue_on_error=False, executor='parallel', parallel_workers=8, event_handlers=None, ignore_user_meta=False, metas=['./colcon.meta'], base_paths=['.'], packages_ignore=None, packages_ignore_regex=None, paths=None, packages_up_to=None, packages_up_to_regex=None, packages_above=None, packages_above_and_dependencies=None, packages_above_depth=None, packages_select_by_dep=None, packages_skip_by_dep=None, packages_skip_up_to=None, packages_select_build_failed=False, packages_skip_build_finished=False, packages_select_test_failures=False, packages_skip_test_passed=False, packages_select=['pcl_ground_removal'], packages_skip=None, packages_select_regex=None, packages_skip_regex=None, packages_start=None, packages_end=None, allow_overriding=[], cmake_args=None, cmake_target=None, cmake_target_skip_unavailable=False, cmake_clean_cache=False, cmake_clean_first=False, cmake_force_configure=False, ament_cmake_args=None, catkin_cmake_args=None, catkin_skip_building_tests=False, mixin_files=None, mixin=None, verb_parser=<colcon_mixin.mixin.mixin_argument.MixinArgumentDecorator object at 0x7e5041436c20>, verb_extension=<colcon_core.verb.build.BuildVerb object at 0x7e5041436590>, main=<bound method BuildVerb.main of <colcon_core.verb.build.BuildVerb object at 0x7e5041436590>>, mixin_verb=('build',))
[0.302s] Level 1:colcon.colcon_core.package_discovery:discover_packages(colcon_meta) check parameters
[0.302s] Level 1:colcon.colcon_core.package_discovery:discover_packages(recursive) check parameters
[0.302s] Level 1:colcon.colcon_core.package_discovery:discover_packages(ignore) check parameters
[0.302s] Level 1:colcon.colcon_core.package_discovery:discover_packages(path) check parameters
[0.302s] Level 1:colcon.colcon_core.package_discovery:discover_packages(colcon_meta) discover
[0.303s] Level 1:colcon.colcon_core.package_discovery:discover_packages(recursive) discover
[0.303s] INFO:colcon.colcon_core.package_discovery:Crawling recursively for packages in '/home/aditi/ERC'
[0.303s] Level 1:colcon.colcon_core.package_identification:_identify(.) by extensions ['ignore', 'ignore_ament_install']
[0.303s] Level 1:colcon.colcon_core.package_identification:_identify(.) by extension 'ignore'
[0.303s] Level 1:colcon.colcon_core.package_identification:_identify(.) by extension 'ignore_ament_install'
[0.303s] Level 1:colcon.colcon_core.package_identification:_identify(.) by extensions ['colcon_pkg']
[0.303s] Level 1:colcon.colcon_core.package_identification:_identify(.) by extension 'colcon_pkg'
[0.303s] Level 1:colcon.colcon_core.package_identification:_identify(.) by extensions ['colcon_meta']
[0.303s] Level 1:colcon.colcon_core.package_identification:_identify(.) by extension 'colcon_meta'
[0.303s] Level 1:colcon.colcon_core.package_identification:_identify(.) by extensions ['ros']
[0.303s] Level 1:colcon.colcon_core.package_identification:_identify(.) by extension 'ros'
[0.318s] Level 1:colcon.colcon_core.package_identification:_identify(.) by extensions ['cmake', 'python']
[0.318s] Level 1:colcon.colcon_core.package_identification:_identify(.) by extension 'cmake'
[0.318s] Level 1:colcon.colcon_core.package_identification:_identify(.) by extension 'python'
[0.318s] Level 1:colcon.colcon_core.package_identification:_identify(.) by extensions ['python_setup_py']
[0.318s] Level 1:colcon.colcon_core.package_identification:_identify(.) by extension 'python_setup_py'
[0.318s] Level 1:colcon.colcon_core.package_identification:_identify(build) by extensions ['ignore', 'ignore_ament_install']
[0.318s] Level 1:colcon.colcon_core.package_identification:_identify(build) by extension 'ignore'
[0.318s] Level 1:colcon.colcon_core.package_identification:_identify(build) ignored
[0.319s] Level 1:colcon.colcon_core.package_identification:_identify(install) by extensions ['ignore', 'ignore_ament_install']
[0.319s] Level 1:colcon.colcon_core.package_identification:_identify(install) by extension 'ignore'
[0.319s] Level 1:colcon.colcon_core.package_identification:_identify(install) ignored
[0.319s] Level 1:colcon.colcon_core.package_identification:_identify(leo_nodes) by extensions ['ignore', 'ignore_ament_install']
[0.319s] Level 1:colcon.colcon_core.package_identification:_identify(leo_nodes) by extension 'ignore'
[0.319s] Level 1:colcon.colcon_core.package_identification:_identify(leo_nodes) by extension 'ignore_ament_install'
[0.319s] Level 1:colcon.colcon_core.package_identification:_identify(leo_nodes) by extensions ['colcon_pkg']
[0.319s] Level 1:colcon.colcon_core.package_identification:_identify(leo_nodes) by extension 'colcon_pkg'
[0.319s] Level 1:colcon.colcon_core.package_identification:_identify(leo_nodes) by extensions ['colcon_meta']
[0.319s] Level 1:colcon.colcon_core.package_identification:_identify(leo_nodes) by extension 'colcon_meta'
[0.319s] Level 1:colcon.colcon_core.package_identification:_identify(leo_nodes) by extensions ['ros']
[0.319s] Level 1:colcon.colcon_core.package_identification:_identify(leo_nodes) by extension 'ros'
[0.323s] DEBUG:colcon.colcon_core.package_identification:Package 'leo_nodes' with type 'ros.ament_python' and name 'leo_nodes'
[0.323s] Level 1:colcon.colcon_core.package_identification:_identify(leo_rover) by extensions ['ignore', 'ignore_ament_install']
[0.323s] Level 1:colcon.colcon_core.package_identification:_identify(leo_rover) by extension 'ignore'
[0.323s] Level 1:colcon.colcon_core.package_identification:_identify(leo_rover) by extension 'ignore_ament_install'
[0.324s] Level 1:colcon.colcon_core.package_identification:_identify(leo_rover) by extensions ['colcon_pkg']
[0.324s] Level 1:colcon.colcon_core.package_identification:_identify(leo_rover) by extension 'colcon_pkg'
[0.324s] Level 1:colcon.colcon_core.package_identification:_identify(leo_rover) by extensions ['colcon_meta']
[0.324s] Level 1:colcon.colcon_core.package_identification:_identify(leo_rover) by extension 'colcon_meta'
[0.324s] Level 1:colcon.colcon_core.package_identification:_identify(leo_rover) by extensions ['ros']
[0.324s] Level 1:colcon.colcon_core.package_identification:_identify(leo_rover) by extension 'ros'
[0.324s] DEBUG:colcon.colcon_core.package_identification:Package 'leo_rover' with type 'ros.ament_cmake' and name 'leo_rover'
[0.324s] Level 1:colcon.colcon_core.package_identification:_identify(leo_worlds) by extensions ['ignore', 'ignore_ament_install']
[0.324s] Level 1:colcon.colcon_core.package_identification:_identify(leo_worlds) by extension 'ignore'
[0.324s] Level 1:colcon.colcon_core.package_identification:_identify(leo_worlds) by extension 'ignore_ament_install'
[0.324s] Level 1:colcon.colcon_core.package_identification:_identify(leo_worlds) by extensions ['colcon_pkg']
[0.324s] Level 1:colcon.colcon_core.package_identification:_identify(leo_worlds) by extension 'colcon_pkg'
[0.325s] Level 1:colcon.colcon_core.package_identification:_identify(leo_worlds) by extensions ['colcon_meta']
[0.325s] Level 1:colcon.colcon_core.package_identification:_identify(leo_worlds) by extension 'colcon_meta'
[0.325s] Level 1:colcon.colcon_core.package_identification:_identify(leo_worlds) by extensions ['ros']
[0.325s] Level 1:colcon.colcon_core.package_identification:_identify(leo_worlds) by extension 'ros'
[0.325s] DEBUG:colcon.colcon_core.package_identification:Package 'leo_worlds' with type 'ros.ament_python' and name 'leo_worlds'
[0.325s] Level 1:colcon.colcon_core.package_identification:_identify(log) by extensions ['ignore', 'ignore_ament_install']
[0.325s] Level 1:colcon.colcon_core.package_identification:_identify(log) by extension 'ignore'
[0.325s] Level 1:colcon.colcon_core.package_identification:_identify(log) ignored
[0.325s] Level 1:colcon.colcon_core.package_identification:_identify(pcl_ground_removal) by extensions ['ignore', 'ignore_ament_install']
[0.325s] Level 1:colcon.colcon_core.package_identification:_identify(pcl_ground_removal) by extension 'ignore'
[0.326s] Level 1:colcon.colcon_core.package_identification:_identify(pcl_ground_removal) by extension 'ignore_ament_install'
[0.326s] Level 1:colcon.colcon_core.package_identification:_identify(pcl_ground_removal) by extensions ['colcon_pkg']
[0.326s] Level 1:colcon.colcon_core.package_identification:_identify(pcl_ground_removal) by extension 'colcon_pkg'
[0.326s] Level 1:colcon.colcon_core.package_identification:_identify(pcl_ground_removal) by extensions ['colcon_meta']
[0.326s] Level 1:colcon.colcon_core.package_identification:_identify(pcl_ground_removal) by extension 'colcon_meta'
[0.326s] Level 1:colcon.colcon_core.package_identification:_identify(pcl_ground_removal) by extensions ['ros']
[0.326s] Level 1:colcon.colcon_core.package_identification:_identify(pcl_ground_removal) by extension 'ros'
[0.326s] DEBUG:colcon.colcon_core.package_identification:Package 'pcl_ground_removal' with type 'ros.catkin' and name 'pcl_ground_removal'
[0.326s] Level 1:colcon.colcon_core.package_discovery:discover_packages(recursive) using defaults
[0.326s] Level 1:colcon.colcon_core.package_discovery:discover_packages(ignore) discover
[0.326s] Level 1:colcon.colcon_core.package_discovery:discover_packages(ignore) using defaults
[0.326s] Level 1:colcon.colcon_core.package_discovery:discover_packages(path) discover
[0.326s] Level 1:colcon.colcon_core.package_discovery:discover_packages(path) using defaults
[0.356s] INFO:colcon.colcon_core.package_selection:Skipping not selected package 'leo_nodes' in 'leo_nodes'
[0.356s] INFO:colcon.colcon_core.package_selection:Skipping not selected package 'leo_rover' in 'leo_rover'
[0.356s] INFO:colcon.colcon_core.package_selection:Skipping not selected package 'leo_worlds' in 'leo_worlds'
[0.356s] Level 1:colcon.colcon_core.package_discovery:discover_packages(prefix_path) check parameters
[0.356s] Level 1:colcon.colcon_core.package_discovery:discover_packages(prefix_path) discover
[0.358s] DEBUG:colcon.colcon_installed_package_information.package_discovery:Found 3 installed packages in /home/aditi/ERC/install
[0.360s] DEBUG:colcon.colcon_installed_package_information.package_discovery:Found 359 installed packages in /opt/ros/humble
[0.362s] Level 1:colcon.colcon_core.package_discovery:discover_packages(prefix_path) using defaults
[0.408s] Level 5:colcon.colcon_core.verb:set package 'pcl_ground_removal' build argument 'cmake_args' from command line to 'None'
[0.408s] Level 5:colcon.colcon_core.verb:set package 'pcl_ground_removal' build argument 'cmake_target' from command line to 'None'
[0.408s] Level 5:colcon.colcon_core.verb:set package 'pcl_ground_removal' build argument 'cmake_target_skip_unavailable' from command line to 'False'
[0.408s] Level 5:colcon.colcon_core.verb:set package 'pcl_ground_removal' build argument 'cmake_clean_cache' from command line to 'False'
[0.408s] Level 5:colcon.colcon_core.verb:set package 'pcl_ground_removal' build argument 'cmake_clean_first' from command line to 'False'
[0.408s] Level 5:colcon.colcon_core.verb:set package 'pcl_ground_removal' build argument 'cmake_force_configure' from command line to 'False'
[0.408s] Level 5:colcon.colcon_core.verb:set package 'pcl_ground_removal' build argument 'ament_cmake_args' from command line to 'None'
[0.408s] Level 5:colcon.colcon_core.verb:set package 'pcl_ground_removal' build argument 'catkin_cmake_args' from command line to 'None'
[0.408s] Level 5:colcon.colcon_core.verb:set package 'pcl_ground_removal' build argument 'catkin_skip_building_tests' from command line to 'False'
[0.408s] DEBUG:colcon.colcon_core.verb:Building package 'pcl_ground_removal' with the following arguments: {'ament_cmake_args': None, 'build_base': '/home/aditi/ERC/build/pcl_ground_removal', 'catkin_cmake_args': None, 'catkin_skip_building_tests': False, 'cmake_args': None, 'cmake_clean_cache': False, 'cmake_clean_first': False, 'cmake_force_configure': False, 'cmake_target': None, 'cmake_target_skip_unavailable': False, 'install_base': '/home/aditi/ERC/install/pcl_ground_removal', 'merge_install': False, 'path': '/home/aditi/ERC/pcl_ground_removal', 'symlink_install': False, 'test_result_base': None}
[0.408s] INFO:colcon.colcon_core.executor:Executing jobs using 'parallel' executor
[0.409s] DEBUG:colcon.colcon_parallel_executor.executor.parallel:run_until_complete
[0.409s] INFO:colcon.colcon_ros.task.catkin.build:Building ROS package in '/home/aditi/ERC/pcl_ground_removal' with build type 'catkin'
[0.409s] INFO:colcon.colcon_cmake.task.cmake.build:Building CMake package in '/home/aditi/ERC/pcl_ground_removal'
[0.411s] INFO:colcon.colcon_core.plugin_system:Skipping extension 'colcon_core.shell.bat': Not used on non-Windows systems
[0.411s] INFO:colcon.colcon_core.shell:Skip shell extension 'powershell' for command environment: Not usable outside of PowerShell
[0.411s] DEBUG:colcon.colcon_core.shell:Skip shell extension 'dsv' for command environment
[0.419s] DEBUG:colcon.colcon_core.event_handler.log_command:Invoking command in '/home/aditi/ERC/build/pcl_ground_removal': /usr/bin/cmake /home/aditi/ERC/pcl_ground_removal -DCATKIN_INSTALL_INTO_PREFIX_ROOT=0 -DCMAKE_INSTALL_PREFIX=/home/aditi/ERC/install/pcl_ground_removal
[2.377s] DEBUG:colcon.colcon_core.event_handler.log_command:Invoked command in '/home/aditi/ERC/build/pcl_ground_removal' returned '0': /usr/bin/cmake /home/aditi/ERC/pcl_ground_removal -DCATKIN_INSTALL_INTO_PREFIX_ROOT=0 -DCMAKE_INSTALL_PREFIX=/home/aditi/ERC/install/pcl_ground_removal
[2.379s] DEBUG:colcon.colcon_core.event_handler.log_command:Invoking command in '/home/aditi/ERC/build/pcl_ground_removal': /usr/bin/cmake --build /home/aditi/ERC/build/pcl_ground_removal -- -j8 -l8
[18.381s] DEBUG:colcon.colcon_core.event_handler.log_command:Invoked command in '/home/aditi/ERC/build/pcl_ground_removal' returned '2': /usr/bin/cmake --build /home/aditi/ERC/build/pcl_ground_removal -- -j8 -l8
[18.414s] Level 1:colcon.colcon_core.shell:create_environment_hook('pcl_ground_removal', 'ros_package_path')
[18.414s] INFO:colcon.colcon_core.shell:Creating environment hook '/home/aditi/ERC/install/pcl_ground_removal/share/pcl_ground_removal/hook/ros_package_path.ps1'
[18.415s] INFO:colcon.colcon_core.shell:Creating environment descriptor '/home/aditi/ERC/install/pcl_ground_removal/share/pcl_ground_removal/hook/ros_package_path.dsv'
[18.415s] INFO:colcon.colcon_core.shell:Creating environment hook '/home/aditi/ERC/install/pcl_ground_removal/share/pcl_ground_removal/hook/ros_package_path.sh'
[18.416s] Level 1:colcon.colcon_core.shell:create_environment_hook('pcl_ground_removal', 'pkg_config_path')
[18.417s] INFO:colcon.colcon_core.shell:Creating environment hook '/home/aditi/ERC/install/pcl_ground_removal/share/pcl_ground_removal/hook/pkg_config_path.ps1'
[18.417s] INFO:colcon.colcon_core.shell:Creating environment descriptor '/home/aditi/ERC/install/pcl_ground_removal/share/pcl_ground_removal/hook/pkg_config_path.dsv'
[18.417s] INFO:colcon.colcon_core.shell:Creating environment hook '/home/aditi/ERC/install/pcl_ground_removal/share/pcl_ground_removal/hook/pkg_config_path.sh'
[18.419s] Level 1:colcon.colcon_core.shell:create_environment_hook('pcl_ground_removal', 'pkg_config_path_multiarch')
[18.420s] INFO:colcon.colcon_core.shell:Creating environment hook '/home/aditi/ERC/install/pcl_ground_removal/share/pcl_ground_removal/hook/pkg_config_path_multiarch.ps1'
[18.420s] INFO:colcon.colcon_core.shell:Creating environment descriptor '/home/aditi/ERC/install/pcl_ground_removal/share/pcl_ground_removal/hook/pkg_config_path_multiarch.dsv'
[18.420s] INFO:colcon.colcon_core.shell:Creating environment hook '/home/aditi/ERC/install/pcl_ground_removal/share/pcl_ground_removal/hook/pkg_config_path_multiarch.sh'
[18.422s] Level 1:colcon.colcon_core.environment:create_environment_scripts_only(pcl_ground_removal)
[18.424s] Level 1:colcon.colcon_core.environment:checking '/home/aditi/ERC/install/pcl_ground_removal' for CMake module files
[18.425s] Level 1:colcon.colcon_core.environment:checking '/home/aditi/ERC/install/pcl_ground_removal' for CMake config files
[18.425s] Level 1:colcon.colcon_core.environment:checking '/home/aditi/ERC/install/pcl_ground_removal/bin'
[18.425s] Level 1:colcon.colcon_core.environment:checking '/home/aditi/ERC/install/pcl_ground_removal/lib/pkgconfig/pcl_ground_removal.pc'
[18.426s] Level 1:colcon.colcon_core.environment:checking '/home/aditi/ERC/install/pcl_ground_removal/lib/python3.10/site-packages'
[18.426s] Level 1:colcon.colcon_core.environment:checking '/home/aditi/ERC/install/pcl_ground_removal/bin'
[18.426s] INFO:colcon.colcon_core.shell:Creating package script '/home/aditi/ERC/install/pcl_ground_removal/share/pcl_ground_removal/package.ps1'
[18.427s] INFO:colcon.colcon_core.shell:Creating package descriptor '/home/aditi/ERC/install/pcl_ground_removal/share/pcl_ground_removal/package.dsv'
[18.428s] INFO:colcon.colcon_core.shell:Creating package script '/home/aditi/ERC/install/pcl_ground_removal/share/pcl_ground_removal/package.sh'
[18.429s] INFO:colcon.colcon_core.shell:Creating package script '/home/aditi/ERC/install/pcl_ground_removal/share/pcl_ground_removal/package.bash'
[18.429s] INFO:colcon.colcon_core.shell:Creating package script '/home/aditi/ERC/install/pcl_ground_removal/share/pcl_ground_removal/package.zsh'
[18.430s] Level 1:colcon.colcon_core.environment:create_file_with_runtime_dependencies(/home/aditi/ERC/install/pcl_ground_removal/share/colcon-core/packages/pcl_ground_removal)
[18.431s] DEBUG:colcon.colcon_parallel_executor.executor.parallel:closing loop
[18.431s] DEBUG:colcon.colcon_parallel_executor.executor.parallel:loop closed
[18.431s] DEBUG:colcon.colcon_parallel_executor.executor.parallel:run_until_complete finished with '2'
[18.431s] DEBUG:colcon.colcon_core.event_reactor:joining thread
[18.437s] INFO:colcon.colcon_core.plugin_system:Skipping extension 'colcon_notification.desktop_notification.terminal_notifier': Not used on non-Darwin systems
[18.437s] INFO:colcon.colcon_core.plugin_system:Skipping extension 'colcon_notification.desktop_notification.win32': Not used on non-Windows systems
[18.437s] INFO:colcon.colcon_notification.desktop_notification:Sending desktop notification using 'notify2'
[18.450s] DEBUG:colcon.colcon_core.event_reactor:joined thread
[18.451s] INFO:colcon.colcon_core.shell:Creating prefix script '/home/aditi/ERC/install/local_setup.ps1'
[18.452s] INFO:colcon.colcon_core.shell:Creating prefix util module '/home/aditi/ERC/install/_local_setup_util_ps1.py'
[18.453s] INFO:colcon.colcon_core.shell:Creating prefix chain script '/home/aditi/ERC/install/setup.ps1'
[18.454s] INFO:colcon.colcon_core.shell:Creating prefix script '/home/aditi/ERC/install/local_setup.sh'
[18.455s] INFO:colcon.colcon_core.shell:Creating prefix util module '/home/aditi/ERC/install/_local_setup_util_sh.py'
[18.455s] INFO:colcon.colcon_core.shell:Creating prefix chain script '/home/aditi/ERC/install/setup.sh'
[18.457s] INFO:colcon.colcon_core.shell:Creating prefix script '/home/aditi/ERC/install/local_setup.bash'
[18.457s] INFO:colcon.colcon_core.shell:Creating prefix chain script '/home/aditi/ERC/install/setup.bash'
[18.459s] INFO:colcon.colcon_core.shell:Creating prefix script '/home/aditi/ERC/install/local_setup.zsh'
[18.459s] INFO:colcon.colcon_core.shell:Creating prefix chain script '/home/aditi/ERC/install/setup.zsh'
