[0.010s] Invoking command in '/home/aditi/ERC/leo_rover/build/leo_rover': CMAKE_PREFIX_PATH=/opt/ros/humble /usr/bin/cmake --build /home/aditi/ERC/leo_rover/build/leo_rover -- -j8 -l8
[0.070s] Invoked command in '/home/aditi/ERC/leo_rover/build/leo_rover' returned '0': CMAKE_PREFIX_PATH=/opt/ros/humble /usr/bin/cmake --build /home/aditi/ERC/leo_rover/build/leo_rover -- -j8 -l8
[0.103s] Invoking command in '/home/aditi/ERC/leo_rover/build/leo_rover': CMAKE_PREFIX_PATH=/opt/ros/humble /usr/bin/cmake --install /home/aditi/ERC/leo_rover/build/leo_rover
[0.111s] -- Install configuration: ""
[0.112s] -- Up-to-date: /home/aditi/ERC/leo_rover/install/leo_rover/share/leo_rover/launch
[0.112s] -- Up-to-date: /home/aditi/ERC/leo_rover/install/leo_rover/share/leo_rover/launch/temp.launch.xml
[0.112s] -- Up-to-date: /home/aditi/ERC/leo_rover/install/leo_rover/share/leo_rover/launch/xmlTest.launch.xml
[0.112s] -- Up-to-date: /home/aditi/ERC/leo_rover/install/leo_rover/share/ament_index/resource_index/package_run_dependencies/leo_rover
[0.113s] -- Up-to-date: /home/aditi/ERC/leo_rover/install/leo_rover/share/ament_index/resource_index/parent_prefix_path/leo_rover
[0.113s] -- Up-to-date: /home/aditi/ERC/leo_rover/install/leo_rover/share/leo_rover/environment/ament_prefix_path.sh
[0.113s] -- Up-to-date: /home/aditi/ERC/leo_rover/install/leo_rover/share/leo_rover/environment/ament_prefix_path.dsv
[0.113s] -- Up-to-date: /home/aditi/ERC/leo_rover/install/leo_rover/share/leo_rover/environment/path.sh
[0.113s] -- Up-to-date: /home/aditi/ERC/leo_rover/install/leo_rover/share/leo_rover/environment/path.dsv
[0.113s] -- Up-to-date: /home/aditi/ERC/leo_rover/install/leo_rover/share/leo_rover/local_setup.bash
[0.113s] -- Up-to-date: /home/aditi/ERC/leo_rover/install/leo_rover/share/leo_rover/local_setup.sh
[0.113s] -- Up-to-date: /home/aditi/ERC/leo_rover/install/leo_rover/share/leo_rover/local_setup.zsh
[0.113s] -- Up-to-date: /home/aditi/ERC/leo_rover/install/leo_rover/share/leo_rover/local_setup.dsv
[0.113s] -- Up-to-date: /home/aditi/ERC/leo_rover/install/leo_rover/share/leo_rover/package.dsv
[0.113s] -- Up-to-date: /home/aditi/ERC/leo_rover/install/leo_rover/share/ament_index/resource_index/packages/leo_rover
[0.114s] -- Up-to-date: /home/aditi/ERC/leo_rover/install/leo_rover/share/leo_rover/cmake/leo_roverConfig.cmake
[0.114s] -- Up-to-date: /home/aditi/ERC/leo_rover/install/leo_rover/share/leo_rover/cmake/leo_roverConfig-version.cmake
[0.114s] -- Up-to-date: /home/aditi/ERC/leo_rover/install/leo_rover/share/leo_rover/package.xml
[0.116s] Invoked command in '/home/aditi/ERC/leo_rover/build/leo_rover' returned '0': CMAKE_PREFIX_PATH=/opt/ros/humble /usr/bin/cmake --install /home/aditi/ERC/leo_rover/build/leo_rover
