[0.009s] Invoking command in '/home/aditi/ros2_ws/build/cashier_system': CMAKE_PREFIX_PATH=/opt/ros/humble /usr/bin/cmake --build /home/aditi/ros2_ws/build/cashier_system -- -j8 -l8
[0.033s] -- Found ament_cmake: 1.3.9 (/opt/ros/humble/share/ament_cmake/cmake)
[0.152s] -- Found rclcpp: 16.0.9 (/opt/ros/humble/share/rclcpp/cmake)
[0.181s] -- Found rosidl_generator_c: 3.1.5 (/opt/ros/humble/share/rosidl_generator_c/cmake)
[0.184s] -- Found rosidl_adapter: 3.1.5 (/opt/ros/humble/share/rosidl_adapter/cmake)
[0.189s] -- Found rosidl_generator_cpp: 3.1.5 (/opt/ros/humble/share/rosidl_generator_cpp/cmake)
[0.200s] -- Using all available rosidl_typesupport_c: rosidl_typesupport_fastrtps_c;rosidl_typesupport_introspection_c
[0.215s] -- Using all available rosidl_typesupport_cpp: rosidl_typesupport_fastrtps_cpp;rosidl_typesupport_introspection_cpp
[0.272s] -- Found rmw_implementation_cmake: 6.1.2 (/opt/ros/humble/share/rmw_implementation_cmake/cmake)
[0.273s] -- Found rmw_fastrtps_cpp: 6.2.6 (/opt/ros/humble/share/rmw_fastrtps_cpp/cmake)
[0.392s] -- Using RMW implementation 'rmw_fastrtps_cpp' as default
[0.547s] -- Found rosidl_default_generators: 1.2.0 (/opt/ros/humble/share/rosidl_default_generators/cmake)
[0.785s] -- Found ament_cmake_ros: 0.10.0 (/opt/ros/humble/share/ament_cmake_ros/cmake)
[1.069s] -- Using all available rosidl_typesupport_c: rosidl_typesupport_fastrtps_c;rosidl_typesupport_introspection_c
[1.179s] -- Using all available rosidl_typesupport_cpp: rosidl_typesupport_fastrtps_cpp;rosidl_typesupport_introspection_cpp
[1.200s] -- Found PythonInterp: /usr/bin/python3 (found suitable version "3.10.12", minimum required is "3.6") 
[1.202s] -- Found python_cmake_module: 0.10.0 (/opt/ros/humble/share/python_cmake_module/cmake)
[1.226s] -- Found PythonLibs: /usr/lib/x86_64-linux-gnu/libpython3.10.so (found suitable version "3.10.12", minimum required is "3.5") 
[1.227s] -- Using PYTHON_EXECUTABLE: /usr/bin/python3
[1.227s] -- Using PYTHON_INCLUDE_DIRS: /usr/include/python3.10
[1.227s] -- Using PYTHON_LIBRARIES: /usr/lib/x86_64-linux-gnu/libpython3.10.so
[1.248s] -- Found PythonExtra: .so  
[1.279s] -- Found ament_lint_auto: 0.12.11 (/opt/ros/humble/share/ament_lint_auto/cmake)
[1.301s] -- Added test 'copyright' to check source files copyright and LICENSE
[1.303s] -- Added test 'cppcheck' to perform static code analysis on C / C++ code
[1.303s] -- Configured cppcheck include dirs: 
[1.303s] -- Configured cppcheck exclude dirs and/or files: 
[1.304s] -- Added test 'cpplint' to check C / C++ code against the Google style
[1.304s] -- Configured cpplint exclude dirs and/or files: 
[1.305s] -- Added test 'lint_cmake' to check CMake code style
[1.306s] -- Added test 'uncrustify' to check C / C++ code style
[1.307s] -- Configured uncrustify additional arguments: 
[1.307s] -- Added test 'xmllint' to check XML markup files
[1.309s] -- Configuring done
[1.338s] -- Generating done
[1.340s] -- Build files have been written to: /home/aditi/ros2_ws/build/cashier_system
[1.367s] [  3%] [34m[1mGenerating C code for ROS interfaces[0m
[1.377s] [  6%] [34m[1mGenerating C++ code for ROS interfaces[0m
[1.386s] [  6%] Built target ament_cmake_python_copy_cashier_system
[1.645s] [  6%] Built target cashier_system__cpp
[1.656s] [ 12%] [34m[1mGenerating C++ type support for eProsima Fast-RTPS[0m
[1.657s] [ 12%] [34m[1mGenerating C++ type support dispatch for ROS interfaces[0m
[1.658s] [ 16%] [32mBuilding C object CMakeFiles/cashier_system__rosidl_generator_c.dir/rosidl_generator_c/cashier_system/msg/detail/bill__functions.c.o[0m
[1.661s] [ 19%] [34m[1mGenerating C++ introspection for ROS interfaces[0m
[1.677s] In file included from [01m[K/home/aditi/ros2_ws/build/cashier_system/rosidl_generator_c/cashier_system/msg/detail/bill__functions.h:19[m[K,
[1.677s]                  from [01m[K/home/aditi/ros2_ws/build/cashier_system/rosidl_generator_c/cashier_system/msg/detail/bill__functions.c:4[m[K:
[1.677s] [01m[K/home/aditi/ros2_ws/build/cashier_system/rosidl_generator_c/cashier_system/msg/detail/bill__struct.h:22:10:[m[K [01;31m[Kfatal error: [m[Kbuiltin_interfaces/msg/detail/time__struct.h: No such file or directory
[1.677s]    22 | #include [01;31m[K"builtin_interfaces/msg/detail/time__struct.h"[m[K
[1.677s]       |          [01;31m[K^~~~~~~~~~~~~~~~~~~~~~~~~~~~~~~~~~~~~~~~~~~~~~[m[K
[1.678s] compilation terminated.
[1.678s] gmake[2]: *** [CMakeFiles/cashier_system__rosidl_generator_c.dir/build.make:105: CMakeFiles/cashier_system__rosidl_generator_c.dir/rosidl_generator_c/cashier_system/msg/detail/bill__functions.c.o] Error 1
[1.678s] gmake[1]: *** [CMakeFiles/Makefile2:213: CMakeFiles/cashier_system__rosidl_generator_c.dir/all] Error 2
[1.678s] gmake[1]: *** Waiting for unfinished jobs....
[1.692s] running egg_info
[1.692s] creating cashier_system.egg-info
[1.693s] writing cashier_system.egg-info/PKG-INFO
[1.693s] writing dependency_links to cashier_system.egg-info/dependency_links.txt
[1.693s] writing top-level names to cashier_system.egg-info/top_level.txt
[1.693s] writing manifest file 'cashier_system.egg-info/SOURCES.txt'
[1.696s] reading manifest file 'cashier_system.egg-info/SOURCES.txt'
[1.696s] writing manifest file 'cashier_system.egg-info/SOURCES.txt'
[1.731s] [ 19%] Built target ament_cmake_python_build_cashier_system_egg
[1.907s] [ 22%] [32mBuilding CXX object CMakeFiles/cashier_system__rosidl_typesupport_cpp.dir/rosidl_typesupport_cpp/cashier_system/msg/bill__type_support.cpp.o[0m
[1.942s] [ 25%] [32mBuilding CXX object CMakeFiles/cashier_system__rosidl_typesupport_introspection_cpp.dir/rosidl_typesupport_introspection_cpp/cashier_system/msg/detail/bill__type_support.cpp.o[0m
[1.946s] [ 29%] [32mBuilding CXX object CMakeFiles/cashier_system__rosidl_typesupport_fastrtps_cpp.dir/rosidl_typesupport_fastrtps_cpp/cashier_system/msg/detail/dds_fastrtps/bill__type_support.cpp.o[0m
[1.976s] In file included from [01m[K/home/aditi/ros2_ws/build/cashier_system/rosidl_typesupport_cpp/cashier_system/msg/bill__type_support.cpp:7[m[K:
[1.976s] [01m[K/home/aditi/ros2_ws/build/cashier_system/rosidl_generator_cpp/cashier_system/msg/detail/bill__struct.hpp:20:10:[m[K [01;31m[Kfatal error: [m[Kbuiltin_interfaces/msg/detail/time__struct.hpp: No such file or directory
[1.976s]    20 | #include [01;31m[K"builtin_interfaces/msg/detail/time__struct.hpp"[m[K
[1.976s]       |          [01;31m[K^~~~~~~~~~~~~~~~~~~~~~~~~~~~~~~~~~~~~~~~~~~~~~~~[m[K
[1.976s] compilation terminated.
[1.977s] gmake[2]: *** [CMakeFiles/cashier_system__rosidl_typesupport_cpp.dir/build.make:86: CMakeFiles/cashier_system__rosidl_typesupport_cpp.dir/rosidl_typesupport_cpp/cashier_system/msg/bill__type_support.cpp.o] Error 1
[1.977s] gmake[1]: *** [CMakeFiles/Makefile2:395: CMakeFiles/cashier_system__rosidl_typesupport_cpp.dir/all] Error 2
[2.007s] In file included from [01m[K/home/aditi/ros2_ws/build/cashier_system/rosidl_typesupport_fastrtps_cpp/cashier_system/msg/detail/bill__rosidl_typesupport_fastrtps_cpp.hpp:11[m[K,
[2.007s]                  from [01m[K/home/aditi/ros2_ws/build/cashier_system/rosidl_typesupport_fastrtps_cpp/cashier_system/msg/detail/dds_fastrtps/bill__type_support.cpp:4[m[K:
[2.007s] [01m[K/home/aditi/ros2_ws/build/cashier_system/rosidl_generator_cpp/cashier_system/msg/detail/bill__struct.hpp:20:10:[m[K [01;31m[Kfatal error: [m[Kbuiltin_interfaces/msg/detail/time__struct.hpp: No such file or directory
[2.008s]    20 | #include [01;31m[K"builtin_interfaces/msg/detail/time__struct.hpp"[m[K
[2.008s]       |          [01;31m[K^~~~~~~~~~~~~~~~~~~~~~~~~~~~~~~~~~~~~~~~~~~~~~~~[m[K
[2.008s] compilation terminated.
[2.008s] gmake[2]: *** [CMakeFiles/cashier_system__rosidl_typesupport_fastrtps_cpp.dir/build.make:91: CMakeFiles/cashier_system__rosidl_typesupport_fastrtps_cpp.dir/rosidl_typesupport_fastrtps_cpp/cashier_system/msg/detail/dds_fastrtps/bill__type_support.cpp.o] Error 1
[2.009s] gmake[1]: *** [CMakeFiles/Makefile2:291: CMakeFiles/cashier_system__rosidl_typesupport_fastrtps_cpp.dir/all] Error 2
[2.010s] In file included from [01m[K/home/aditi/ros2_ws/build/cashier_system/rosidl_typesupport_introspection_cpp/cashier_system/msg/detail/bill__type_support.cpp:12[m[K:
[2.010s] [01m[K/home/aditi/ros2_ws/build/cashier_system/rosidl_generator_cpp/cashier_system/msg/detail/bill__struct.hpp:20:10:[m[K [01;31m[Kfatal error: [m[Kbuiltin_interfaces/msg/detail/time__struct.hpp: No such file or directory
[2.010s]    20 | #include [01;31m[K"builtin_interfaces/msg/detail/time__struct.hpp"[m[K
[2.010s]       |          [01;31m[K^~~~~~~~~~~~~~~~~~~~~~~~~~~~~~~~~~~~~~~~~~~~~~~~[m[K
[2.010s] compilation terminated.
[2.011s] gmake[2]: *** [CMakeFiles/cashier_system__rosidl_typesupport_introspection_cpp.dir/build.make:91: CMakeFiles/cashier_system__rosidl_typesupport_introspection_cpp.dir/rosidl_typesupport_introspection_cpp/cashier_system/msg/detail/bill__type_support.cpp.o] Error 1
[2.011s] gmake[1]: *** [CMakeFiles/Makefile2:369: CMakeFiles/cashier_system__rosidl_typesupport_introspection_cpp.dir/all] Error 2
[2.012s] gmake: *** [Makefile:146: all] Error 2
[2.014s] Invoked command in '/home/aditi/ros2_ws/build/cashier_system' returned '2': CMAKE_PREFIX_PATH=/opt/ros/humble /usr/bin/cmake --build /home/aditi/ros2_ws/build/cashier_system -- -j8 -l8
