[1.821s] Invoking command in '/home/aditi/ERC/leo_nodes': PYTHONPATH=/home/aditi/ERC/build/leo_nodes/prefix_override:/home/aditi/ERC/install/leo_nodes/lib/python3.10/site-packages:${PYTHONPATH} /usr/bin/python3 -W ignore:setup.py install is deprecated setup.py egg_info --egg-base ../build/leo_nodes build --build-base /home/aditi/ERC/build/leo_nodes/build install --record /home/aditi/ERC/build/leo_nodes/install.log --single-version-externally-managed install_data
[2.228s] running egg_info
[2.230s] writing ../build/leo_nodes/leo_nodes.egg-info/PKG-INFO
[2.230s] writing dependency_links to ../build/leo_nodes/leo_nodes.egg-info/dependency_links.txt
[2.230s] writing entry points to ../build/leo_nodes/leo_nodes.egg-info/entry_points.txt
[2.231s] writing requirements to ../build/leo_nodes/leo_nodes.egg-info/requires.txt
[2.231s] writing top-level names to ../build/leo_nodes/leo_nodes.egg-info/top_level.txt
[2.234s] reading manifest file '../build/leo_nodes/leo_nodes.egg-info/SOURCES.txt'
[2.236s] writing manifest file '../build/leo_nodes/leo_nodes.egg-info/SOURCES.txt'
[2.236s] running build
[2.236s] running build_py
[2.237s] running install
[2.238s] running install_lib
[2.240s] running install_data
[2.240s] running install_egg_info
[2.242s] removing '/home/aditi/ERC/install/leo_nodes/lib/python3.10/site-packages/leo_nodes-0.0.0-py3.10.egg-info' (and everything under it)
[2.243s] Copying ../build/leo_nodes/leo_nodes.egg-info to /home/aditi/ERC/install/leo_nodes/lib/python3.10/site-packages/leo_nodes-0.0.0-py3.10.egg-info
[2.244s] running install_scripts
[2.269s] Installing cmd_vel_relay script to /home/aditi/ERC/install/leo_nodes/lib/leo_nodes
[2.270s] Installing ground_truth_filter script to /home/aditi/ERC/install/leo_nodes/lib/leo_nodes
[2.270s] Installing odom_compat_node script to /home/aditi/ERC/install/leo_nodes/lib/leo_nodes
[2.270s] Installing pdu_node script to /home/aditi/ERC/install/leo_nodes/lib/leo_nodes
[2.270s] Installing zed2_imu_transform_broadcaster script to /home/aditi/ERC/install/leo_nodes/lib/leo_nodes
[2.270s] Installing zed2_imu_transform_publisher script to /home/aditi/ERC/install/leo_nodes/lib/leo_nodes
[2.271s] writing list of installed files to '/home/aditi/ERC/build/leo_nodes/install.log'
[2.309s] Invoked command in '/home/aditi/ERC/leo_nodes' returned '0': PYTHONPATH=/home/aditi/ERC/build/leo_nodes/prefix_override:/home/aditi/ERC/install/leo_nodes/lib/python3.10/site-packages:${PYTHONPATH} /usr/bin/python3 -W ignore:setup.py install is deprecated setup.py egg_info --egg-base ../build/leo_nodes build --build-base /home/aditi/ERC/build/leo_nodes/build install --record /home/aditi/ERC/build/leo_nodes/install.log --single-version-externally-managed install_data
