[0.291s] Invoking command in '/home/aditi/ERC/build/leo_rover': CMAKE_PREFIX_PATH=/opt/ros/humble /usr/bin/cmake /home/aditi/ERC/leo_rover -DCMAKE_INSTALL_PREFIX=/home/aditi/ERC/install/leo_rover
[0.401s] -- The C compiler identification is GNU 11.4.0
[0.485s] -- The CXX compiler identification is GNU 11.4.0
[0.493s] -- Detecting C compiler ABI info
[0.564s] -- Detecting C compiler ABI info - done
[0.573s] -- Check for working C compiler: /usr/bin/cc - skipped
[0.574s] -- Detecting C compile features
[0.576s] -- Detecting C compile features - done
[0.581s] -- Detecting CXX compiler ABI info
[0.668s] -- Detecting CXX compiler ABI info - done
[0.683s] -- Check for working CXX compiler: /usr/bin/c++ - skipped
[0.684s] -- Detecting CXX compile features
[0.684s] -- Detecting CXX compile features - done
[0.691s] -- Found ament_cmake: 1.3.9 (/opt/ros/humble/share/ament_cmake/cmake)
[0.862s] -- Found Python3: /usr/bin/python3 (found version "3.10.12") found components: Interpreter 
[1.050s] -- Configuring done
[1.053s] -- Generating done
[1.054s] -- Build files have been written to: /home/aditi/ERC/build/leo_rover
[1.059s] Invoked command in '/home/aditi/ERC/build/leo_rover' returned '0': CMAKE_PREFIX_PATH=/opt/ros/humble /usr/bin/cmake /home/aditi/ERC/leo_rover -DCMAKE_INSTALL_PREFIX=/home/aditi/ERC/install/leo_rover
[1.061s] Invoking command in '/home/aditi/ERC/build/leo_rover': CMAKE_PREFIX_PATH=/opt/ros/humble /usr/bin/cmake --build /home/aditi/ERC/build/leo_rover -- -j8 -l8
[1.103s] Invoked command in '/home/aditi/ERC/build/leo_rover' returned '0': CMAKE_PREFIX_PATH=/opt/ros/humble /usr/bin/cmake --build /home/aditi/ERC/build/leo_rover -- -j8 -l8
[1.136s] Invoking command in '/home/aditi/ERC/build/leo_rover': CMAKE_PREFIX_PATH=/opt/ros/humble /usr/bin/cmake --install /home/aditi/ERC/build/leo_rover
[1.145s] -- Install configuration: ""
[1.146s] -- Installing: /home/aditi/ERC/install/leo_rover/share/leo_rover/launch
[1.146s] -- Installing: /home/aditi/ERC/install/leo_rover/share/leo_rover/launch/temp.launch.xml
[1.146s] -- Installing: /home/aditi/ERC/install/leo_rover/share/leo_rover/launch/xmlTest.launch.xml
[1.146s] -- Installing: /home/aditi/ERC/install/leo_rover/share/ament_index/resource_index/package_run_dependencies/leo_rover
[1.146s] -- Installing: /home/aditi/ERC/install/leo_rover/share/ament_index/resource_index/parent_prefix_path/leo_rover
[1.146s] -- Installing: /home/aditi/ERC/install/leo_rover/share/leo_rover/environment/ament_prefix_path.sh
[1.146s] -- Installing: /home/aditi/ERC/install/leo_rover/share/leo_rover/environment/ament_prefix_path.dsv
[1.146s] -- Installing: /home/aditi/ERC/install/leo_rover/share/leo_rover/environment/path.sh
[1.147s] -- Installing: /home/aditi/ERC/install/leo_rover/share/leo_rover/environment/path.dsv
[1.147s] -- Installing: /home/aditi/ERC/install/leo_rover/share/leo_rover/local_setup.bash
[1.147s] -- Installing: /home/aditi/ERC/install/leo_rover/share/leo_rover/local_setup.sh
[1.147s] -- Installing: /home/aditi/ERC/install/leo_rover/share/leo_rover/local_setup.zsh
[1.147s] -- Installing: /home/aditi/ERC/install/leo_rover/share/leo_rover/local_setup.dsv
[1.148s] -- Installing: /home/aditi/ERC/install/leo_rover/share/leo_rover/package.dsv
[1.148s] -- Installing: /home/aditi/ERC/install/leo_rover/share/ament_index/resource_index/packages/leo_rover
[1.149s] -- Installing: /home/aditi/ERC/install/leo_rover/share/leo_rover/cmake/leo_roverConfig.cmake
[1.149s] -- Installing: /home/aditi/ERC/install/leo_rover/share/leo_rover/cmake/leo_roverConfig-version.cmake
[1.149s] -- Installing: /home/aditi/ERC/install/leo_rover/share/leo_rover/package.xml
[1.151s] Invoked command in '/home/aditi/ERC/build/leo_rover' returned '0': CMAKE_PREFIX_PATH=/opt/ros/humble /usr/bin/cmake --install /home/aditi/ERC/build/leo_rover
