[0.009s] Invoking command in '/home/aditi/ERC/leo_rover/build/leo_rover': CMAKE_PREFIX_PATH=${CMAKE_PREFIX_PATH}:/home/aditi/ERC/install/leo_worlds:/home/aditi/ERC/install/leo_nodes:/opt/ros/humble /usr/bin/cmake /home/aditi/ERC/leo_rover -DCMAKE_INSTALL_PREFIX=/home/aditi/ERC/leo_rover/install/leo_rover
[0.059s] -- The C compiler identification is GNU 11.4.0
[0.112s] -- The CXX compiler identification is GNU 11.4.0
[0.119s] -- Detecting C compiler ABI info
[0.183s] -- Detecting C compiler ABI info - done
[0.191s] -- Check for working C compiler: /usr/bin/cc - skipped
[0.191s] -- Detecting C compile features
[0.191s] -- Detecting C compile features - done
[0.194s] -- Detecting CXX compiler ABI info
[0.269s] -- Detecting CXX compiler ABI info - done
[0.276s] -- Check for working CXX compiler: /usr/bin/c++ - skipped
[0.276s] -- Detecting CXX compile features
[0.277s] -- Detecting CXX compile features - done
[0.279s] -- Found ament_cmake: 1.3.9 (/opt/ros/humble/share/ament_cmake/cmake)
[0.423s] -- Found Python3: /usr/bin/python3 (found version "3.10.12") found components: Interpreter 
[0.569s] -- Configuring done
[0.572s] -- Generating done
[0.572s] -- Build files have been written to: /home/aditi/ERC/leo_rover/build/leo_rover
[0.577s] Invoked command in '/home/aditi/ERC/leo_rover/build/leo_rover' returned '0': CMAKE_PREFIX_PATH=${CMAKE_PREFIX_PATH}:/home/aditi/ERC/install/leo_worlds:/home/aditi/ERC/install/leo_nodes:/opt/ros/humble /usr/bin/cmake /home/aditi/ERC/leo_rover -DCMAKE_INSTALL_PREFIX=/home/aditi/ERC/leo_rover/install/leo_rover
[0.579s] Invoking command in '/home/aditi/ERC/leo_rover/build/leo_rover': CMAKE_PREFIX_PATH=${CMAKE_PREFIX_PATH}:/home/aditi/ERC/install/leo_worlds:/home/aditi/ERC/install/leo_nodes:/opt/ros/humble /usr/bin/cmake --build /home/aditi/ERC/leo_rover/build/leo_rover -- -j8 -l8
[0.615s] Invoked command in '/home/aditi/ERC/leo_rover/build/leo_rover' returned '0': CMAKE_PREFIX_PATH=${CMAKE_PREFIX_PATH}:/home/aditi/ERC/install/leo_worlds:/home/aditi/ERC/install/leo_nodes:/opt/ros/humble /usr/bin/cmake --build /home/aditi/ERC/leo_rover/build/leo_rover -- -j8 -l8
[0.647s] Invoking command in '/home/aditi/ERC/leo_rover/build/leo_rover': CMAKE_PREFIX_PATH=${CMAKE_PREFIX_PATH}:/home/aditi/ERC/install/leo_worlds:/home/aditi/ERC/install/leo_nodes:/opt/ros/humble /usr/bin/cmake --install /home/aditi/ERC/leo_rover/build/leo_rover
[0.655s] -- Install configuration: ""
[0.655s] -- Installing: /home/aditi/ERC/leo_rover/install/leo_rover/share/leo_rover/launch
[0.655s] -- Installing: /home/aditi/ERC/leo_rover/install/leo_rover/share/leo_rover/launch/temp.launch.xml
[0.655s] -- Installing: /home/aditi/ERC/leo_rover/install/leo_rover/share/leo_rover/launch/xmlTest.launch.xml
[0.655s] -- Installing: /home/aditi/ERC/leo_rover/install/leo_rover/share/ament_index/resource_index/package_run_dependencies/leo_rover
[0.656s] -- Installing: /home/aditi/ERC/leo_rover/install/leo_rover/share/ament_index/resource_index/parent_prefix_path/leo_rover
[0.656s] -- Installing: /home/aditi/ERC/leo_rover/install/leo_rover/share/leo_rover/environment/ament_prefix_path.sh
[0.656s] -- Installing: /home/aditi/ERC/leo_rover/install/leo_rover/share/leo_rover/environment/ament_prefix_path.dsv
[0.656s] -- Installing: /home/aditi/ERC/leo_rover/install/leo_rover/share/leo_rover/environment/path.sh
[0.656s] -- Installing: /home/aditi/ERC/leo_rover/install/leo_rover/share/leo_rover/environment/path.dsv
[0.656s] -- Installing: /home/aditi/ERC/leo_rover/install/leo_rover/share/leo_rover/local_setup.bash
[0.657s] -- Installing: /home/aditi/ERC/leo_rover/install/leo_rover/share/leo_rover/local_setup.sh
[0.657s] -- Installing: /home/aditi/ERC/leo_rover/install/leo_rover/share/leo_rover/local_setup.zsh
[0.657s] -- Installing: /home/aditi/ERC/leo_rover/install/leo_rover/share/leo_rover/local_setup.dsv
[0.657s] -- Installing: /home/aditi/ERC/leo_rover/install/leo_rover/share/leo_rover/package.dsv
[0.657s] -- Installing: /home/aditi/ERC/leo_rover/install/leo_rover/share/ament_index/resource_index/packages/leo_rover
[0.657s] -- Installing: /home/aditi/ERC/leo_rover/install/leo_rover/share/leo_rover/cmake/leo_roverConfig.cmake
[0.658s] -- Installing: /home/aditi/ERC/leo_rover/install/leo_rover/share/leo_rover/cmake/leo_roverConfig-version.cmake
[0.658s] -- Installing: /home/aditi/ERC/leo_rover/install/leo_rover/share/leo_rover/package.xml
[0.660s] Invoked command in '/home/aditi/ERC/leo_rover/build/leo_rover' returned '0': CMAKE_PREFIX_PATH=${CMAKE_PREFIX_PATH}:/home/aditi/ERC/install/leo_worlds:/home/aditi/ERC/install/leo_nodes:/opt/ros/humble /usr/bin/cmake --install /home/aditi/ERC/leo_rover/build/leo_rover
