[3.461s] Invoking command in '/home/aditi/ERC/leo_worlds': PYTHONPATH=/home/aditi/ERC/build/leo_worlds/prefix_override:/home/aditi/ERC/install/leo_worlds/lib/python3.10/site-packages:${PYTHONPATH} /usr/bin/python3 -W ignore:setup.py install is deprecated setup.py egg_info --egg-base ../build/leo_worlds build --build-base /home/aditi/ERC/build/leo_worlds/build install --record /home/aditi/ERC/build/leo_worlds/install.log --single-version-externally-managed install_data
[4.483s] running egg_info
[4.485s] writing ../build/leo_worlds/leo_worlds.egg-info/PKG-INFO
[4.485s] writing dependency_links to ../build/leo_worlds/leo_worlds.egg-info/dependency_links.txt
[4.486s] writing entry points to ../build/leo_worlds/leo_worlds.egg-info/entry_points.txt
[4.487s] writing requirements to ../build/leo_worlds/leo_worlds.egg-info/requires.txt
[4.487s] writing top-level names to ../build/leo_worlds/leo_worlds.egg-info/top_level.txt
[4.491s] reading manifest file '../build/leo_worlds/leo_worlds.egg-info/SOURCES.txt'
[4.493s] writing manifest file '../build/leo_worlds/leo_worlds.egg-info/SOURCES.txt'
[4.493s] running build
[4.493s] running build_py
[4.494s] running install
[4.495s] running install_lib
[4.500s] running install_data
[4.500s] running install_egg_info
[4.505s] removing '/home/aditi/ERC/install/leo_worlds/lib/python3.10/site-packages/leo_worlds-0.0.0-py3.10.egg-info' (and everything under it)
[4.505s] Copying ../build/leo_worlds/leo_worlds.egg-info to /home/aditi/ERC/install/leo_worlds/lib/python3.10/site-packages/leo_worlds-0.0.0-py3.10.egg-info
[4.508s] running install_scripts
[4.576s] writing list of installed files to '/home/aditi/ERC/build/leo_worlds/install.log'
[4.672s] Invoked command in '/home/aditi/ERC/leo_worlds' returned '0': PYTHONPATH=/home/aditi/ERC/build/leo_worlds/prefix_override:/home/aditi/ERC/install/leo_worlds/lib/python3.10/site-packages:${PYTHONPATH} /usr/bin/python3 -W ignore:setup.py install is deprecated setup.py egg_info --egg-base ../build/leo_worlds build --build-base /home/aditi/ERC/build/leo_worlds/build install --record /home/aditi/ERC/build/leo_worlds/install.log --single-version-externally-managed install_data
