[1.511s] Invoking command in '/home/aditi/ERC/build/leo_rover': CMAKE_PREFIX_PATH=${CMAKE_PREFIX_PATH}:/home/aditi/ERC/install/leo_worlds:/home/aditi/ERC/install/leo_nodes:/opt/ros/humble /usr/bin/cmake --build /home/aditi/ERC/build/leo_rover -- -j8 -l8
[3.065s] Invoked command in '/home/aditi/ERC/build/leo_rover' returned '0': CMAKE_PREFIX_PATH=${CMAKE_PREFIX_PATH}:/home/aditi/ERC/install/leo_worlds:/home/aditi/ERC/install/leo_nodes:/opt/ros/humble /usr/bin/cmake --build /home/aditi/ERC/build/leo_rover -- -j8 -l8
[3.214s] Invoking command in '/home/aditi/ERC/build/leo_rover': CMAKE_PREFIX_PATH=${CMAKE_PREFIX_PATH}:/home/aditi/ERC/install/leo_worlds:/home/aditi/ERC/install/leo_nodes:/opt/ros/humble /usr/bin/cmake --install /home/aditi/ERC/build/leo_rover
[3.253s] -- Install configuration: ""
[3.254s] -- Up-to-date: /home/aditi/ERC/install/leo_rover/share/leo_rover/launch
[3.255s] -- Up-to-date: /home/aditi/ERC/install/leo_rover/share/leo_rover/launch/temp.launch.xml
[3.255s] -- Installing: /home/aditi/ERC/install/leo_rover/share/leo_rover/launch/xmlTest.launch.xml
[3.256s] -- Up-to-date: /home/aditi/ERC/install/leo_rover/share/ament_index/resource_index/package_run_dependencies/leo_rover
[3.257s] -- Up-to-date: /home/aditi/ERC/install/leo_rover/share/ament_index/resource_index/parent_prefix_path/leo_rover
[3.257s] -- Up-to-date: /home/aditi/ERC/install/leo_rover/share/leo_rover/environment/ament_prefix_path.sh
[3.258s] -- Up-to-date: /home/aditi/ERC/install/leo_rover/share/leo_rover/environment/ament_prefix_path.dsv
[3.258s] -- Up-to-date: /home/aditi/ERC/install/leo_rover/share/leo_rover/environment/path.sh
[3.259s] -- Up-to-date: /home/aditi/ERC/install/leo_rover/share/leo_rover/environment/path.dsv
[3.259s] -- Up-to-date: /home/aditi/ERC/install/leo_rover/share/leo_rover/local_setup.bash
[3.260s] -- Up-to-date: /home/aditi/ERC/install/leo_rover/share/leo_rover/local_setup.sh
[3.261s] -- Up-to-date: /home/aditi/ERC/install/leo_rover/share/leo_rover/local_setup.zsh
[3.261s] -- Up-to-date: /home/aditi/ERC/install/leo_rover/share/leo_rover/local_setup.dsv
[3.262s] -- Installing: /home/aditi/ERC/install/leo_rover/share/leo_rover/package.dsv
[3.262s] -- Up-to-date: /home/aditi/ERC/install/leo_rover/share/ament_index/resource_index/packages/leo_rover
[3.263s] -- Up-to-date: /home/aditi/ERC/install/leo_rover/share/leo_rover/cmake/leo_roverConfig.cmake
[3.263s] -- Up-to-date: /home/aditi/ERC/install/leo_rover/share/leo_rover/cmake/leo_roverConfig-version.cmake
[3.264s] -- Up-to-date: /home/aditi/ERC/install/leo_rover/share/leo_rover/package.xml
[3.269s] Invoked command in '/home/aditi/ERC/build/leo_rover' returned '0': CMAKE_PREFIX_PATH=${CMAKE_PREFIX_PATH}:/home/aditi/ERC/install/leo_worlds:/home/aditi/ERC/install/leo_nodes:/opt/ros/humble /usr/bin/cmake --install /home/aditi/ERC/build/leo_rover
