[1.093s] Invoking command in '/home/aditi/ERC/leo_worlds': PYTHONPATH=/home/aditi/ERC/build/leo_worlds/prefix_override:/home/aditi/ERC/install/leo_worlds/lib/python3.10/site-packages:${PYTHONPATH} /usr/bin/python3 -W ignore:setup.py install is deprecated setup.py egg_info --egg-base ../build/leo_worlds build --build-base /home/aditi/ERC/build/leo_worlds/build install --record /home/aditi/ERC/build/leo_worlds/install.log --single-version-externally-managed install_data
[1.451s] running egg_info
[1.453s] writing ../build/leo_worlds/leo_worlds.egg-info/PKG-INFO
[1.453s] writing dependency_links to ../build/leo_worlds/leo_worlds.egg-info/dependency_links.txt
[1.454s] writing entry points to ../build/leo_worlds/leo_worlds.egg-info/entry_points.txt
[1.454s] writing requirements to ../build/leo_worlds/leo_worlds.egg-info/requires.txt
[1.454s] writing top-level names to ../build/leo_worlds/leo_worlds.egg-info/top_level.txt
[1.458s] reading manifest file '../build/leo_worlds/leo_worlds.egg-info/SOURCES.txt'
[1.459s] writing manifest file '../build/leo_worlds/leo_worlds.egg-info/SOURCES.txt'
[1.459s] running build
[1.460s] running build_py
[1.460s] running install
[1.460s] running install_lib
[1.462s] running install_data
[1.463s] running install_egg_info
[1.465s] removing '/home/aditi/ERC/install/leo_worlds/lib/python3.10/site-packages/leo_worlds-0.0.0-py3.10.egg-info' (and everything under it)
[1.466s] Copying ../build/leo_worlds/leo_worlds.egg-info to /home/aditi/ERC/install/leo_worlds/lib/python3.10/site-packages/leo_worlds-0.0.0-py3.10.egg-info
[1.467s] running install_scripts
[1.504s] writing list of installed files to '/home/aditi/ERC/build/leo_worlds/install.log'
[1.548s] Invoked command in '/home/aditi/ERC/leo_worlds' returned '0': PYTHONPATH=/home/aditi/ERC/build/leo_worlds/prefix_override:/home/aditi/ERC/install/leo_worlds/lib/python3.10/site-packages:${PYTHONPATH} /usr/bin/python3 -W ignore:setup.py install is deprecated setup.py egg_info --egg-base ../build/leo_worlds build --build-base /home/aditi/ERC/build/leo_worlds/build install --record /home/aditi/ERC/build/leo_worlds/install.log --single-version-externally-managed install_data
