[0.181s] DEBUG:colcon:Command line arguments: ['/usr/bin/colcon', 'build']
[0.182s] DEBUG:colcon:Parsed command line arguments: Namespace(log_base=None, log_level=None, verb_name='build', build_base='build', install_base='install', merge_install=False, symlink_install=False, test_result_base=None, continue_on_error=False, executor='parallel', parallel_workers=8, event_handlers=None, ignore_user_meta=False, metas=['./colcon.meta'], base_paths=['.'], packages_ignore=None, packages_ignore_regex=None, paths=None, packages_up_to=None, packages_up_to_regex=None, packages_above=None, packages_above_and_dependencies=None, packages_above_depth=None, packages_select_by_dep=None, packages_skip_by_dep=None, packages_skip_up_to=None, packages_select_build_failed=False, packages_skip_build_finished=False, packages_select_test_failures=False, packages_skip_test_passed=False, packages_select=None, packages_skip=None, packages_select_regex=None, packages_skip_regex=None, packages_start=None, packages_end=None, allow_overriding=[], cmake_args=None, cmake_target=None, cmake_target_skip_unavailable=False, cmake_clean_cache=False, cmake_clean_first=False, cmake_force_configure=False, ament_cmake_args=None, catkin_cmake_args=None, catkin_skip_building_tests=False, mixin_files=None, mixin=None, verb_parser=<colcon_mixin.mixin.mixin_argument.MixinArgumentDecorator object at 0x72fc6ce52b90>, verb_extension=<colcon_core.verb.build.BuildVerb object at 0x72fc6ce52500>, main=<bound method BuildVerb.main of <colcon_core.verb.build.BuildVerb object at 0x72fc6ce52500>>, mixin_verb=('build',))
[0.487s] Level 1:colcon.colcon_core.package_discovery:discover_packages(colcon_meta) check parameters
[0.488s] Level 1:colcon.colcon_core.package_discovery:discover_packages(recursive) check parameters
[0.488s] Level 1:colcon.colcon_core.package_discovery:discover_packages(ignore) check parameters
[0.488s] Level 1:colcon.colcon_core.package_discovery:discover_packages(path) check parameters
[0.488s] Level 1:colcon.colcon_core.package_discovery:discover_packages(colcon_meta) discover
[0.488s] Level 1:colcon.colcon_core.package_discovery:discover_packages(recursive) discover
[0.488s] INFO:colcon.colcon_core.package_discovery:Crawling recursively for packages in '/home/aditi/ERC'
[0.488s] Level 1:colcon.colcon_core.package_identification:_identify(.) by extensions ['ignore', 'ignore_ament_install']
[0.489s] Level 1:colcon.colcon_core.package_identification:_identify(.) by extension 'ignore'
[0.489s] Level 1:colcon.colcon_core.package_identification:_identify(.) by extension 'ignore_ament_install'
[0.489s] Level 1:colcon.colcon_core.package_identification:_identify(.) by extensions ['colcon_pkg']
[0.489s] Level 1:colcon.colcon_core.package_identification:_identify(.) by extension 'colcon_pkg'
[0.489s] Level 1:colcon.colcon_core.package_identification:_identify(.) by extensions ['colcon_meta']
[0.489s] Level 1:colcon.colcon_core.package_identification:_identify(.) by extension 'colcon_meta'
[0.489s] Level 1:colcon.colcon_core.package_identification:_identify(.) by extensions ['ros']
[0.489s] Level 1:colcon.colcon_core.package_identification:_identify(.) by extension 'ros'
[0.514s] Level 1:colcon.colcon_core.package_identification:_identify(.) by extensions ['cmake', 'python']
[0.514s] Level 1:colcon.colcon_core.package_identification:_identify(.) by extension 'cmake'
[0.515s] Level 1:colcon.colcon_core.package_identification:_identify(.) by extension 'python'
[0.515s] Level 1:colcon.colcon_core.package_identification:_identify(.) by extensions ['python_setup_py']
[0.515s] Level 1:colcon.colcon_core.package_identification:_identify(.) by extension 'python_setup_py'
[0.515s] Level 1:colcon.colcon_core.package_identification:_identify(build) by extensions ['ignore', 'ignore_ament_install']
[0.515s] Level 1:colcon.colcon_core.package_identification:_identify(build) by extension 'ignore'
[0.515s] Level 1:colcon.colcon_core.package_identification:_identify(build) ignored
[0.515s] Level 1:colcon.colcon_core.package_identification:_identify(install) by extensions ['ignore', 'ignore_ament_install']
[0.515s] Level 1:colcon.colcon_core.package_identification:_identify(install) by extension 'ignore'
[0.515s] Level 1:colcon.colcon_core.package_identification:_identify(install) ignored
[0.515s] Level 1:colcon.colcon_core.package_identification:_identify(leo_nodes) by extensions ['ignore', 'ignore_ament_install']
[0.516s] Level 1:colcon.colcon_core.package_identification:_identify(leo_nodes) by extension 'ignore'
[0.516s] Level 1:colcon.colcon_core.package_identification:_identify(leo_nodes) by extension 'ignore_ament_install'
[0.516s] Level 1:colcon.colcon_core.package_identification:_identify(leo_nodes) by extensions ['colcon_pkg']
[0.516s] Level 1:colcon.colcon_core.package_identification:_identify(leo_nodes) by extension 'colcon_pkg'
[0.516s] Level 1:colcon.colcon_core.package_identification:_identify(leo_nodes) by extensions ['colcon_meta']
[0.516s] Level 1:colcon.colcon_core.package_identification:_identify(leo_nodes) by extension 'colcon_meta'
[0.516s] Level 1:colcon.colcon_core.package_identification:_identify(leo_nodes) by extensions ['ros']
[0.516s] Level 1:colcon.colcon_core.package_identification:_identify(leo_nodes) by extension 'ros'
[0.521s] DEBUG:colcon.colcon_core.package_identification:Package 'leo_nodes' with type 'ros.ament_python' and name 'leo_nodes'
[0.522s] Level 1:colcon.colcon_core.package_identification:_identify(leo_rover) by extensions ['ignore', 'ignore_ament_install']
[0.522s] Level 1:colcon.colcon_core.package_identification:_identify(leo_rover) by extension 'ignore'
[0.522s] Level 1:colcon.colcon_core.package_identification:_identify(leo_rover) by extension 'ignore_ament_install'
[0.522s] Level 1:colcon.colcon_core.package_identification:_identify(leo_rover) by extensions ['colcon_pkg']
[0.522s] Level 1:colcon.colcon_core.package_identification:_identify(leo_rover) by extension 'colcon_pkg'
[0.522s] Level 1:colcon.colcon_core.package_identification:_identify(leo_rover) by extensions ['colcon_meta']
[0.522s] Level 1:colcon.colcon_core.package_identification:_identify(leo_rover) by extension 'colcon_meta'
[0.522s] Level 1:colcon.colcon_core.package_identification:_identify(leo_rover) by extensions ['ros']
[0.522s] Level 1:colcon.colcon_core.package_identification:_identify(leo_rover) by extension 'ros'
[0.523s] DEBUG:colcon.colcon_core.package_identification:Package 'leo_rover' with type 'ros.ament_cmake' and name 'leo_rover'
[0.523s] Level 1:colcon.colcon_core.package_identification:_identify(leo_worlds) by extensions ['ignore', 'ignore_ament_install']
[0.523s] Level 1:colcon.colcon_core.package_identification:_identify(leo_worlds) by extension 'ignore'
[0.523s] Level 1:colcon.colcon_core.package_identification:_identify(leo_worlds) by extension 'ignore_ament_install'
[0.523s] Level 1:colcon.colcon_core.package_identification:_identify(leo_worlds) by extensions ['colcon_pkg']
[0.523s] Level 1:colcon.colcon_core.package_identification:_identify(leo_worlds) by extension 'colcon_pkg'
[0.523s] Level 1:colcon.colcon_core.package_identification:_identify(leo_worlds) by extensions ['colcon_meta']
[0.523s] Level 1:colcon.colcon_core.package_identification:_identify(leo_worlds) by extension 'colcon_meta'
[0.523s] Level 1:colcon.colcon_core.package_identification:_identify(leo_worlds) by extensions ['ros']
[0.523s] Level 1:colcon.colcon_core.package_identification:_identify(leo_worlds) by extension 'ros'
[0.524s] DEBUG:colcon.colcon_core.package_identification:Package 'leo_worlds' with type 'ros.ament_python' and name 'leo_worlds'
[0.524s] Level 1:colcon.colcon_core.package_identification:_identify(log) by extensions ['ignore', 'ignore_ament_install']
[0.524s] Level 1:colcon.colcon_core.package_identification:_identify(log) by extension 'ignore'
[0.524s] Level 1:colcon.colcon_core.package_identification:_identify(log) ignored
[0.524s] Level 1:colcon.colcon_core.package_discovery:discover_packages(recursive) using defaults
[0.524s] Level 1:colcon.colcon_core.package_discovery:discover_packages(ignore) discover
[0.524s] Level 1:colcon.colcon_core.package_discovery:discover_packages(ignore) using defaults
[0.524s] Level 1:colcon.colcon_core.package_discovery:discover_packages(path) discover
[0.524s] Level 1:colcon.colcon_core.package_discovery:discover_packages(path) using defaults
[0.559s] Level 1:colcon.colcon_core.package_discovery:discover_packages(prefix_path) check parameters
[0.559s] Level 1:colcon.colcon_core.package_discovery:discover_packages(prefix_path) discover
[0.561s] DEBUG:colcon.colcon_installed_package_information.package_discovery:Found 3 installed packages in /home/aditi/ERC/install
[0.561s] DEBUG:colcon.colcon_installed_package_information.package_discovery:Found 1 installed packages in /home/aditi/ERC/leo_rover/install
[0.564s] DEBUG:colcon.colcon_installed_package_information.package_discovery:Found 356 installed packages in /opt/ros/humble
[0.566s] Level 1:colcon.colcon_core.package_discovery:discover_packages(prefix_path) using defaults
[0.633s] Level 5:colcon.colcon_core.verb:set package 'leo_nodes' build argument 'cmake_args' from command line to 'None'
[0.633s] Level 5:colcon.colcon_core.verb:set package 'leo_nodes' build argument 'cmake_target' from command line to 'None'
[0.633s] Level 5:colcon.colcon_core.verb:set package 'leo_nodes' build argument 'cmake_target_skip_unavailable' from command line to 'False'
[0.633s] Level 5:colcon.colcon_core.verb:set package 'leo_nodes' build argument 'cmake_clean_cache' from command line to 'False'
[0.633s] Level 5:colcon.colcon_core.verb:set package 'leo_nodes' build argument 'cmake_clean_first' from command line to 'False'
[0.633s] Level 5:colcon.colcon_core.verb:set package 'leo_nodes' build argument 'cmake_force_configure' from command line to 'False'
[0.633s] Level 5:colcon.colcon_core.verb:set package 'leo_nodes' build argument 'ament_cmake_args' from command line to 'None'
[0.633s] Level 5:colcon.colcon_core.verb:set package 'leo_nodes' build argument 'catkin_cmake_args' from command line to 'None'
[0.633s] Level 5:colcon.colcon_core.verb:set package 'leo_nodes' build argument 'catkin_skip_building_tests' from command line to 'False'
[0.633s] DEBUG:colcon.colcon_core.verb:Building package 'leo_nodes' with the following arguments: {'ament_cmake_args': None, 'build_base': '/home/aditi/ERC/build/leo_nodes', 'catkin_cmake_args': None, 'catkin_skip_building_tests': False, 'cmake_args': None, 'cmake_clean_cache': False, 'cmake_clean_first': False, 'cmake_force_configure': False, 'cmake_target': None, 'cmake_target_skip_unavailable': False, 'install_base': '/home/aditi/ERC/install/leo_nodes', 'merge_install': False, 'path': '/home/aditi/ERC/leo_nodes', 'symlink_install': False, 'test_result_base': None}
[0.634s] Level 5:colcon.colcon_core.verb:set package 'leo_rover' build argument 'cmake_args' from command line to 'None'
[0.634s] Level 5:colcon.colcon_core.verb:set package 'leo_rover' build argument 'cmake_target' from command line to 'None'
[0.634s] Level 5:colcon.colcon_core.verb:set package 'leo_rover' build argument 'cmake_target_skip_unavailable' from command line to 'False'
[0.634s] Level 5:colcon.colcon_core.verb:set package 'leo_rover' build argument 'cmake_clean_cache' from command line to 'False'
[0.634s] Level 5:colcon.colcon_core.verb:set package 'leo_rover' build argument 'cmake_clean_first' from command line to 'False'
[0.634s] Level 5:colcon.colcon_core.verb:set package 'leo_rover' build argument 'cmake_force_configure' from command line to 'False'
[0.634s] Level 5:colcon.colcon_core.verb:set package 'leo_rover' build argument 'ament_cmake_args' from command line to 'None'
[0.634s] Level 5:colcon.colcon_core.verb:set package 'leo_rover' build argument 'catkin_cmake_args' from command line to 'None'
[0.634s] Level 5:colcon.colcon_core.verb:set package 'leo_rover' build argument 'catkin_skip_building_tests' from command line to 'False'
[0.634s] DEBUG:colcon.colcon_core.verb:Building package 'leo_rover' with the following arguments: {'ament_cmake_args': None, 'build_base': '/home/aditi/ERC/build/leo_rover', 'catkin_cmake_args': None, 'catkin_skip_building_tests': False, 'cmake_args': None, 'cmake_clean_cache': False, 'cmake_clean_first': False, 'cmake_force_configure': False, 'cmake_target': None, 'cmake_target_skip_unavailable': False, 'install_base': '/home/aditi/ERC/install/leo_rover', 'merge_install': False, 'path': '/home/aditi/ERC/leo_rover', 'symlink_install': False, 'test_result_base': None}
[0.635s] Level 5:colcon.colcon_core.verb:set package 'leo_worlds' build argument 'cmake_args' from command line to 'None'
[0.636s] Level 5:colcon.colcon_core.verb:set package 'leo_worlds' build argument 'cmake_target' from command line to 'None'
[0.636s] Level 5:colcon.colcon_core.verb:set package 'leo_worlds' build argument 'cmake_target_skip_unavailable' from command line to 'False'
[0.637s] Level 5:colcon.colcon_core.verb:set package 'leo_worlds' build argument 'cmake_clean_cache' from command line to 'False'
[0.637s] Level 5:colcon.colcon_core.verb:set package 'leo_worlds' build argument 'cmake_clean_first' from command line to 'False'
[0.637s] Level 5:colcon.colcon_core.verb:set package 'leo_worlds' build argument 'cmake_force_configure' from command line to 'False'
[0.637s] Level 5:colcon.colcon_core.verb:set package 'leo_worlds' build argument 'ament_cmake_args' from command line to 'None'
[0.637s] Level 5:colcon.colcon_core.verb:set package 'leo_worlds' build argument 'catkin_cmake_args' from command line to 'None'
[0.638s] Level 5:colcon.colcon_core.verb:set package 'leo_worlds' build argument 'catkin_skip_building_tests' from command line to 'False'
[0.638s] DEBUG:colcon.colcon_core.verb:Building package 'leo_worlds' with the following arguments: {'ament_cmake_args': None, 'build_base': '/home/aditi/ERC/build/leo_worlds', 'catkin_cmake_args': None, 'catkin_skip_building_tests': False, 'cmake_args': None, 'cmake_clean_cache': False, 'cmake_clean_first': False, 'cmake_force_configure': False, 'cmake_target': None, 'cmake_target_skip_unavailable': False, 'install_base': '/home/aditi/ERC/install/leo_worlds', 'merge_install': False, 'path': '/home/aditi/ERC/leo_worlds', 'symlink_install': False, 'test_result_base': None}
[0.638s] INFO:colcon.colcon_core.executor:Executing jobs using 'parallel' executor
[0.640s] DEBUG:colcon.colcon_parallel_executor.executor.parallel:run_until_complete
[0.640s] INFO:colcon.colcon_ros.task.ament_python.build:Building ROS package in '/home/aditi/ERC/leo_nodes' with build type 'ament_python'
[0.640s] Level 1:colcon.colcon_core.shell:create_environment_hook('leo_nodes', 'ament_prefix_path')
[0.648s] INFO:colcon.colcon_core.plugin_system:Skipping extension 'colcon_core.shell.bat': Not used on non-Windows systems
[0.648s] INFO:colcon.colcon_core.shell:Creating environment hook '/home/aditi/ERC/install/leo_nodes/share/leo_nodes/hook/ament_prefix_path.ps1'
[0.649s] INFO:colcon.colcon_core.shell:Creating environment descriptor '/home/aditi/ERC/install/leo_nodes/share/leo_nodes/hook/ament_prefix_path.dsv'
[0.650s] INFO:colcon.colcon_core.shell:Creating environment hook '/home/aditi/ERC/install/leo_nodes/share/leo_nodes/hook/ament_prefix_path.sh'
[0.652s] INFO:colcon.colcon_core.shell:Skip shell extension 'powershell' for command environment: Not usable outside of PowerShell
[0.652s] DEBUG:colcon.colcon_core.shell:Skip shell extension 'dsv' for command environment
[0.659s] INFO:colcon.colcon_ros.task.ament_cmake.build:Building ROS package in '/home/aditi/ERC/leo_rover' with build type 'ament_cmake'
[0.659s] INFO:colcon.colcon_cmake.task.cmake.build:Building CMake package in '/home/aditi/ERC/leo_rover'
[0.660s] INFO:colcon.colcon_core.shell:Skip shell extension 'powershell' for command environment: Not usable outside of PowerShell
[0.660s] DEBUG:colcon.colcon_core.shell:Skip shell extension 'dsv' for command environment
[0.666s] INFO:colcon.colcon_ros.task.ament_python.build:Building ROS package in '/home/aditi/ERC/leo_worlds' with build type 'ament_python'
[0.667s] Level 1:colcon.colcon_core.shell:create_environment_hook('leo_worlds', 'ament_prefix_path')
[0.667s] INFO:colcon.colcon_core.shell:Creating environment hook '/home/aditi/ERC/install/leo_worlds/share/leo_worlds/hook/ament_prefix_path.ps1'
[0.668s] INFO:colcon.colcon_core.shell:Creating environment descriptor '/home/aditi/ERC/install/leo_worlds/share/leo_worlds/hook/ament_prefix_path.dsv'
[0.668s] INFO:colcon.colcon_core.shell:Creating environment hook '/home/aditi/ERC/install/leo_worlds/share/leo_worlds/hook/ament_prefix_path.sh'
[0.669s] INFO:colcon.colcon_core.shell:Skip shell extension 'powershell' for command environment: Not usable outside of PowerShell
[0.669s] DEBUG:colcon.colcon_core.shell:Skip shell extension 'dsv' for command environment
[1.113s] INFO:colcon.colcon_core.task.python.build:Building Python package in '/home/aditi/ERC/leo_nodes'
[1.114s] INFO:colcon.colcon_core.shell:Skip shell extension 'powershell' for command environment: Not usable outside of PowerShell
[1.114s] DEBUG:colcon.colcon_core.shell:Skip shell extension 'dsv' for command environment
[1.127s] DEBUG:colcon.colcon_core.event_handler.log_command:Invoking command in '/home/aditi/ERC/build/leo_rover': CMAKE_PREFIX_PATH=${CMAKE_PREFIX_PATH}:/home/aditi/ERC/install/leo_worlds:/home/aditi/ERC/install/leo_nodes:/opt/ros/humble /usr/bin/cmake --build /home/aditi/ERC/build/leo_rover -- -j8 -l8
[1.546s] INFO:colcon.colcon_core.task.python.build:Building Python package in '/home/aditi/ERC/leo_worlds'
[1.546s] INFO:colcon.colcon_core.shell:Skip shell extension 'powershell' for command environment: Not usable outside of PowerShell
[1.546s] DEBUG:colcon.colcon_core.shell:Skip shell extension 'dsv' for command environment
[1.562s] DEBUG:colcon.colcon_core.event_handler.log_command:Invoked command in '/home/aditi/ERC/build/leo_rover' returned '0': CMAKE_PREFIX_PATH=${CMAKE_PREFIX_PATH}:/home/aditi/ERC/install/leo_worlds:/home/aditi/ERC/install/leo_nodes:/opt/ros/humble /usr/bin/cmake --build /home/aditi/ERC/build/leo_rover -- -j8 -l8
[1.623s] DEBUG:colcon.colcon_core.event_handler.log_command:Invoking command in '/home/aditi/ERC/build/leo_rover': CMAKE_PREFIX_PATH=${CMAKE_PREFIX_PATH}:/home/aditi/ERC/install/leo_worlds:/home/aditi/ERC/install/leo_nodes:/opt/ros/humble /usr/bin/cmake --install /home/aditi/ERC/build/leo_rover
[1.636s] Level 1:colcon.colcon_core.environment:create_environment_scripts_only(leo_rover)
[1.636s] DEBUG:colcon.colcon_core.event_handler.log_command:Invoked command in '/home/aditi/ERC/build/leo_rover' returned '0': CMAKE_PREFIX_PATH=${CMAKE_PREFIX_PATH}:/home/aditi/ERC/install/leo_worlds:/home/aditi/ERC/install/leo_nodes:/opt/ros/humble /usr/bin/cmake --install /home/aditi/ERC/build/leo_rover
[1.640s] Level 1:colcon.colcon_core.environment:checking '/home/aditi/ERC/install/leo_rover' for CMake module files
[1.641s] Level 1:colcon.colcon_core.environment:checking '/home/aditi/ERC/install/leo_rover' for CMake config files
[1.641s] Level 1:colcon.colcon_core.shell:create_environment_hook('leo_rover', 'cmake_prefix_path')
[1.642s] INFO:colcon.colcon_core.shell:Creating environment hook '/home/aditi/ERC/install/leo_rover/share/leo_rover/hook/cmake_prefix_path.ps1'
[1.643s] INFO:colcon.colcon_core.shell:Creating environment descriptor '/home/aditi/ERC/install/leo_rover/share/leo_rover/hook/cmake_prefix_path.dsv'
[1.644s] INFO:colcon.colcon_core.shell:Creating environment hook '/home/aditi/ERC/install/leo_rover/share/leo_rover/hook/cmake_prefix_path.sh'
[1.645s] Level 1:colcon.colcon_core.environment:checking '/home/aditi/ERC/install/leo_rover/bin'
[1.645s] Level 1:colcon.colcon_core.environment:checking '/home/aditi/ERC/install/leo_rover/lib/pkgconfig/leo_rover.pc'
[1.645s] Level 1:colcon.colcon_core.environment:checking '/home/aditi/ERC/install/leo_rover/lib/python3.10/site-packages'
[1.646s] Level 1:colcon.colcon_core.environment:checking '/home/aditi/ERC/install/leo_rover/bin'
[1.646s] INFO:colcon.colcon_core.shell:Creating package script '/home/aditi/ERC/install/leo_rover/share/leo_rover/package.ps1'
[1.647s] INFO:colcon.colcon_core.shell:Creating package descriptor '/home/aditi/ERC/install/leo_rover/share/leo_rover/package.dsv'
[1.648s] INFO:colcon.colcon_core.shell:Creating package script '/home/aditi/ERC/install/leo_rover/share/leo_rover/package.sh'
[1.649s] INFO:colcon.colcon_core.shell:Creating package script '/home/aditi/ERC/install/leo_rover/share/leo_rover/package.bash'
[1.651s] INFO:colcon.colcon_core.shell:Creating package script '/home/aditi/ERC/install/leo_rover/share/leo_rover/package.zsh'
[1.652s] Level 1:colcon.colcon_core.environment:create_file_with_runtime_dependencies(/home/aditi/ERC/install/leo_rover/share/colcon-core/packages/leo_rover)
[1.679s] Level 1:colcon.colcon_core.environment:create_environment_scripts_only(leo_rover)
[1.679s] Level 1:colcon.colcon_core.environment:checking '/home/aditi/ERC/install/leo_rover' for CMake module files
[1.680s] Level 1:colcon.colcon_core.environment:checking '/home/aditi/ERC/install/leo_rover' for CMake config files
[1.681s] Level 1:colcon.colcon_core.shell:create_environment_hook('leo_rover', 'cmake_prefix_path')
[1.681s] INFO:colcon.colcon_core.shell:Creating environment hook '/home/aditi/ERC/install/leo_rover/share/leo_rover/hook/cmake_prefix_path.ps1'
[1.681s] INFO:colcon.colcon_core.shell:Creating environment descriptor '/home/aditi/ERC/install/leo_rover/share/leo_rover/hook/cmake_prefix_path.dsv'
[1.682s] INFO:colcon.colcon_core.shell:Creating environment hook '/home/aditi/ERC/install/leo_rover/share/leo_rover/hook/cmake_prefix_path.sh'
[1.682s] Level 1:colcon.colcon_core.environment:checking '/home/aditi/ERC/install/leo_rover/bin'
[1.682s] Level 1:colcon.colcon_core.environment:checking '/home/aditi/ERC/install/leo_rover/lib/pkgconfig/leo_rover.pc'
[1.683s] Level 1:colcon.colcon_core.environment:checking '/home/aditi/ERC/install/leo_rover/lib/python3.10/site-packages'
[1.683s] Level 1:colcon.colcon_core.environment:checking '/home/aditi/ERC/install/leo_rover/bin'
[1.683s] INFO:colcon.colcon_core.shell:Creating package script '/home/aditi/ERC/install/leo_rover/share/leo_rover/package.ps1'
[1.684s] INFO:colcon.colcon_core.shell:Creating package descriptor '/home/aditi/ERC/install/leo_rover/share/leo_rover/package.dsv'
[1.684s] INFO:colcon.colcon_core.shell:Creating package script '/home/aditi/ERC/install/leo_rover/share/leo_rover/package.sh'
[1.685s] INFO:colcon.colcon_core.shell:Creating package script '/home/aditi/ERC/install/leo_rover/share/leo_rover/package.bash'
[1.685s] INFO:colcon.colcon_core.shell:Creating package script '/home/aditi/ERC/install/leo_rover/share/leo_rover/package.zsh'
[1.686s] Level 1:colcon.colcon_core.environment:create_file_with_runtime_dependencies(/home/aditi/ERC/install/leo_rover/share/colcon-core/packages/leo_rover)
[2.204s] DEBUG:colcon.colcon_core.event_handler.log_command:Invoking command in '/home/aditi/ERC/leo_nodes': PYTHONPATH=/home/aditi/ERC/build/leo_nodes/prefix_override:/home/aditi/ERC/install/leo_nodes/lib/python3.10/site-packages:${PYTHONPATH} /usr/bin/python3 -W ignore:setup.py install is deprecated setup.py egg_info --egg-base ../build/leo_nodes build --build-base /home/aditi/ERC/build/leo_nodes/build install --record /home/aditi/ERC/build/leo_nodes/install.log --single-version-externally-managed install_data
[2.216s] DEBUG:colcon.colcon_core.event_handler.log_command:Invoking command in '/home/aditi/ERC/leo_worlds': PYTHONPATH=/home/aditi/ERC/build/leo_worlds/prefix_override:/home/aditi/ERC/install/leo_worlds/lib/python3.10/site-packages:${PYTHONPATH} /usr/bin/python3 -W ignore:setup.py install is deprecated setup.py egg_info --egg-base ../build/leo_worlds build --build-base /home/aditi/ERC/build/leo_worlds/build install --record /home/aditi/ERC/build/leo_worlds/install.log --single-version-externally-managed install_data
[2.667s] Level 1:colcon.colcon_core.environment:checking '/home/aditi/ERC/install/leo_worlds' for CMake module files
[2.669s] DEBUG:colcon.colcon_core.event_handler.log_command:Invoked command in '/home/aditi/ERC/leo_worlds' returned '0': PYTHONPATH=/home/aditi/ERC/build/leo_worlds/prefix_override:/home/aditi/ERC/install/leo_worlds/lib/python3.10/site-packages:${PYTHONPATH} /usr/bin/python3 -W ignore:setup.py install is deprecated setup.py egg_info --egg-base ../build/leo_worlds build --build-base /home/aditi/ERC/build/leo_worlds/build install --record /home/aditi/ERC/build/leo_worlds/install.log --single-version-externally-managed install_data
[2.671s] Level 1:colcon.colcon_core.environment:checking '/home/aditi/ERC/install/leo_worlds' for CMake config files
[2.672s] Level 1:colcon.colcon_core.environment:checking '/home/aditi/ERC/install/leo_worlds/lib'
[2.673s] Level 1:colcon.colcon_core.environment:checking '/home/aditi/ERC/install/leo_worlds/bin'
[2.673s] Level 1:colcon.colcon_core.environment:checking '/home/aditi/ERC/install/leo_worlds/lib/pkgconfig/leo_worlds.pc'
[2.673s] Level 1:colcon.colcon_core.environment:checking '/home/aditi/ERC/install/leo_worlds/lib/python3.10/site-packages'
[2.674s] Level 1:colcon.colcon_core.shell:create_environment_hook('leo_worlds', 'pythonpath')
[2.675s] INFO:colcon.colcon_core.shell:Creating environment hook '/home/aditi/ERC/install/leo_worlds/share/leo_worlds/hook/pythonpath.ps1'
[2.676s] INFO:colcon.colcon_core.shell:Creating environment descriptor '/home/aditi/ERC/install/leo_worlds/share/leo_worlds/hook/pythonpath.dsv'
[2.677s] INFO:colcon.colcon_core.shell:Creating environment hook '/home/aditi/ERC/install/leo_worlds/share/leo_worlds/hook/pythonpath.sh'
[2.679s] Level 1:colcon.colcon_core.environment:checking '/home/aditi/ERC/install/leo_worlds/bin'
[2.679s] Level 1:colcon.colcon_core.environment:create_environment_scripts_only(leo_worlds)
[2.681s] INFO:colcon.colcon_core.shell:Creating package script '/home/aditi/ERC/install/leo_worlds/share/leo_worlds/package.ps1'
[2.682s] INFO:colcon.colcon_core.shell:Creating package descriptor '/home/aditi/ERC/install/leo_worlds/share/leo_worlds/package.dsv'
[2.683s] INFO:colcon.colcon_core.shell:Creating package script '/home/aditi/ERC/install/leo_worlds/share/leo_worlds/package.sh'
[2.685s] INFO:colcon.colcon_core.shell:Creating package script '/home/aditi/ERC/install/leo_worlds/share/leo_worlds/package.bash'
[2.686s] INFO:colcon.colcon_core.shell:Creating package script '/home/aditi/ERC/install/leo_worlds/share/leo_worlds/package.zsh'
[2.687s] Level 1:colcon.colcon_core.environment:create_file_with_runtime_dependencies(/home/aditi/ERC/install/leo_worlds/share/colcon-core/packages/leo_worlds)
[2.710s] Level 1:colcon.colcon_core.environment:checking '/home/aditi/ERC/install/leo_nodes' for CMake module files
[2.711s] DEBUG:colcon.colcon_core.event_handler.log_command:Invoked command in '/home/aditi/ERC/leo_nodes' returned '0': PYTHONPATH=/home/aditi/ERC/build/leo_nodes/prefix_override:/home/aditi/ERC/install/leo_nodes/lib/python3.10/site-packages:${PYTHONPATH} /usr/bin/python3 -W ignore:setup.py install is deprecated setup.py egg_info --egg-base ../build/leo_nodes build --build-base /home/aditi/ERC/build/leo_nodes/build install --record /home/aditi/ERC/build/leo_nodes/install.log --single-version-externally-managed install_data
[2.712s] Level 1:colcon.colcon_core.environment:checking '/home/aditi/ERC/install/leo_nodes' for CMake config files
[2.713s] Level 1:colcon.colcon_core.environment:checking '/home/aditi/ERC/install/leo_nodes/lib'
[2.713s] Level 1:colcon.colcon_core.environment:checking '/home/aditi/ERC/install/leo_nodes/bin'
[2.713s] Level 1:colcon.colcon_core.environment:checking '/home/aditi/ERC/install/leo_nodes/lib/pkgconfig/leo_nodes.pc'
[2.713s] Level 1:colcon.colcon_core.environment:checking '/home/aditi/ERC/install/leo_nodes/lib/python3.10/site-packages'
[2.713s] Level 1:colcon.colcon_core.shell:create_environment_hook('leo_nodes', 'pythonpath')
[2.714s] INFO:colcon.colcon_core.shell:Creating environment hook '/home/aditi/ERC/install/leo_nodes/share/leo_nodes/hook/pythonpath.ps1'
[2.714s] INFO:colcon.colcon_core.shell:Creating environment descriptor '/home/aditi/ERC/install/leo_nodes/share/leo_nodes/hook/pythonpath.dsv'
[2.715s] INFO:colcon.colcon_core.shell:Creating environment hook '/home/aditi/ERC/install/leo_nodes/share/leo_nodes/hook/pythonpath.sh'
[2.715s] Level 1:colcon.colcon_core.environment:checking '/home/aditi/ERC/install/leo_nodes/bin'
[2.715s] Level 1:colcon.colcon_core.environment:create_environment_scripts_only(leo_nodes)
[2.716s] INFO:colcon.colcon_core.shell:Creating package script '/home/aditi/ERC/install/leo_nodes/share/leo_nodes/package.ps1'
[2.717s] INFO:colcon.colcon_core.shell:Creating package descriptor '/home/aditi/ERC/install/leo_nodes/share/leo_nodes/package.dsv'
[2.717s] INFO:colcon.colcon_core.shell:Creating package script '/home/aditi/ERC/install/leo_nodes/share/leo_nodes/package.sh'
[2.718s] INFO:colcon.colcon_core.shell:Creating package script '/home/aditi/ERC/install/leo_nodes/share/leo_nodes/package.bash'
[2.718s] INFO:colcon.colcon_core.shell:Creating package script '/home/aditi/ERC/install/leo_nodes/share/leo_nodes/package.zsh'
[2.719s] Level 1:colcon.colcon_core.environment:create_file_with_runtime_dependencies(/home/aditi/ERC/install/leo_nodes/share/colcon-core/packages/leo_nodes)
[2.719s] DEBUG:colcon.colcon_parallel_executor.executor.parallel:closing loop
[2.719s] DEBUG:colcon.colcon_parallel_executor.executor.parallel:loop closed
[2.720s] DEBUG:colcon.colcon_parallel_executor.executor.parallel:run_until_complete finished with '0'
[2.720s] DEBUG:colcon.colcon_core.event_reactor:joining thread
[2.729s] INFO:colcon.colcon_core.plugin_system:Skipping extension 'colcon_notification.desktop_notification.terminal_notifier': Not used on non-Darwin systems
[2.729s] INFO:colcon.colcon_core.plugin_system:Skipping extension 'colcon_notification.desktop_notification.win32': Not used on non-Windows systems
[2.729s] INFO:colcon.colcon_notification.desktop_notification:Sending desktop notification using 'notify2'
[2.743s] DEBUG:colcon.colcon_core.event_reactor:joined thread
[2.744s] INFO:colcon.colcon_core.shell:Creating prefix script '/home/aditi/ERC/install/local_setup.ps1'
[2.745s] INFO:colcon.colcon_core.shell:Creating prefix util module '/home/aditi/ERC/install/_local_setup_util_ps1.py'
[2.747s] INFO:colcon.colcon_core.shell:Creating prefix chain script '/home/aditi/ERC/install/setup.ps1'
[2.750s] INFO:colcon.colcon_core.shell:Creating prefix script '/home/aditi/ERC/install/local_setup.sh'
[2.750s] INFO:colcon.colcon_core.shell:Creating prefix util module '/home/aditi/ERC/install/_local_setup_util_sh.py'
[2.751s] INFO:colcon.colcon_core.shell:Creating prefix chain script '/home/aditi/ERC/install/setup.sh'
[2.752s] INFO:colcon.colcon_core.shell:Creating prefix script '/home/aditi/ERC/install/local_setup.bash'
[2.753s] INFO:colcon.colcon_core.shell:Creating prefix chain script '/home/aditi/ERC/install/setup.bash'
[2.754s] INFO:colcon.colcon_core.shell:Creating prefix script '/home/aditi/ERC/install/local_setup.zsh'
[2.755s] INFO:colcon.colcon_core.shell:Creating prefix chain script '/home/aditi/ERC/install/setup.zsh'
