[01m[K/home/aditi/ros2_ws/src/cashier_system/src/publisher_node.cpp:2:10:[m[K [01;31m[Kfatal error: [m[Kexample_interfaces/msg/bill.hpp: No such file or directory
    2 | #include [01;31m[K"example_interfaces/msg/bill.hpp"[m[K
      |          [01;31m[K^~~~~~~~~~~~~~~~~~~~~~~~~~~~~~~~~[m[K
compilation terminated.
[01m[K/home/aditi/ros2_ws/src/cashier_system/src/printer_node.cpp:2:10:[m[K [01;31m[Kfatal error: [m[Kexample_interfaces/msg/bill.hpp: No such file or directory
    2 | #include [01;31m[K"example_interfaces/msg/bill.hpp"[m[K
      |          [01;31m[K^~~~~~~~~~~~~~~~~~~~~~~~~~~~~~~~~[m[K
[01m[K/home/aditi/ros2_ws/src/cashier_system/src/subscriber_node.cpp:2:10:[m[K [01;31m[Kfatal error: [m[Kexample_interfaces/msg/bill.hpp: No such file or directory
    2 | #include [01;31m[K"example_interfaces/msg/bill.hpp"[m[K
      |          [01;31m[K^~~~~~~~~~~~~~~~~~~~~~~~~~~~~~~~~[m[K
compilation terminated.
compilation terminated.
gmake[2]: *** [CMakeFiles/publisher_node.dir/build.make:76: CMakeFiles/publisher_node.dir/src/publisher_node.cpp.o] Error 1
gmake[1]: *** [CMakeFiles/Makefile2:141: CMakeFiles/publisher_node.dir/all] Error 2
gmake[1]: *** Waiting for unfinished jobs....
gmake[2]: *** [CMakeFiles/subscriber_node.dir/build.make:76: CMakeFiles/subscriber_node.dir/src/subscriber_node.cpp.o] Error 1
gmake[1]: *** [CMakeFiles/Makefile2:167: CMakeFiles/subscriber_node.dir/all] Error 2
gmake[2]: *** [CMakeFiles/printer_node.dir/build.make:76: CMakeFiles/printer_node.dir/src/printer_node.cpp.o] Error 1
gmake[1]: *** [CMakeFiles/Makefile2:193: CMakeFiles/printer_node.dir/all] Error 2
gmake: *** [Makefile:146: all] Error 2
